output:	法正研 究从波黑 撤军计划
refer:	法 正 研究 从 波黑 撤军 计划

output:	新华社 巴黎 ９月 １日 电（记者 张有浩 ）
refer:	新华社 巴黎 ９月 １日 电 （ 记者 张有浩 ）

output:	法 国国防部 长莱奥塔 尔１日说 ，法国正 在研究从 波黑撤军 的计划。
refer:	法国 国防 部长 莱奥塔尔 １日 说 ， 法国 正在 研究 从 波黑 撤军 的 计划 。

output:	莱奥 塔尔是在 巴黎向一 家电台记 者发表谈 话时说这 番话的。
refer:	莱奥塔尔 是 在 巴黎 向 一 家 电台 记者 发表 谈话 时 说 这 番 话 的 。

output:	他 指出 ， 美国 建议解除 对波黑的 武器禁运 ， 意味 着“国际 援助可能 结束”以 及“重大 的公开冲 突再次爆 发”，而 这 将 产生“造 成重大损 失的严重 后果”。
refer:	他 指出 ， 美国 建议 解除 对 波黑 的 武器 禁运 ， 意味 着 “ 国际 援助 可能 结束 ” 以及 “ 重大 的 公开 冲突 再次 爆发 ” ， 而 这 将 产生 “ 造成 重大 损失 的 严重 后果 ” 。

output:	莱奥塔 尔说，“ 在 联合国 维和 部队 的 安全 得不到保 证的情况 下，我们 不能接受 解除对波 黑的武器 禁运”。
refer:	莱奥塔尔 说 ， “ 在 联合国 维和 部队 的 安全 得 不 到 保证 的 情况 下 ， 我们 不 能 接受 解除 对 波黑 的 武器 禁运 ” 。

output:	法国 外长 朱佩 上周也明 确表示， 解除禁运 的“先决 条件是法 国撤走其 蓝盔部队 以及所有 联合国 维和 部队 的 撤离 ” 。
refer:	法国 外长 朱佩 上 周 也 明确 表示 ， 解除 禁运 的 “ 先决 条件 是 法国 撤走 其 蓝盔 部队 以及 所有 联合国 维和 部队 的 撤离 ” 。

output:	１９９ ２年２月 波黑冲突 爆发以来 ，法国在 波黑一直 派驻有约 ４０００ 名官兵。
refer:	１９９２年 ２月 波黑 冲突 爆发 以来 ， 法国 在 波黑 一直 派驻有 约 ４０００ 名 官兵 。

output:	它是向该 地区派驻 蓝盔部队 最多的西 方国家。
refer:	它 是 向 该 地区 派驻 蓝盔 部队 最 多 的 西方 国家 。

output:	美 国总统克 林顿８月 １０日宣 称，如果 波黑 塞族 到 １０月 １５日仍 不接受５ 国和平方 案，他将 请求安理 会通过决 议，取消 对波黑的 武器禁运 ；如果安 理会不能 通过这样 的决议， 他将谋求 美国单方 面解除对 波黑的武 器禁运。
refer:	美国 总统 克林顿 ８月 １０日 宣称 ， 如果 波黑 塞族 到 １０月 １５日 仍 不 接受 ５ 国 和平 方案 ， 他 将 请求 安理会 通过 决议 ， 取消 对 波黑 的 武器 禁运 ； 如果 安理会 不 能 通过 这样 的 决议 ， 他 将 谋求 美国 单方面 解除 对 波黑 的 武器 禁运 。

output:	刘华 清会见泰 国副总理
refer:	刘华清 会见 泰国 副总理

output:	新华社 北京 九月 一日 电（记者 杨国钧 ）
refer:	新华社 北京 九月 一日 电 （ 记者 杨国钧 ）

output:	中 央军委副 主席刘华 清今天在 钓鱼台 国宾馆 会见 泰国 副总理 兼内政部长 差瓦立· 永猜裕上 将时说， 中国 十分 重视发展 同泰国政 府、人民 和军队之 间的友谊 ， 特别是 两 国 经贸之间 的合作。
refer:	中央 军委 副主席 刘华清 今天 在 钓鱼台 国宾馆 会见 泰国 副总理 兼 内政 部长 差瓦立·永猜裕 上将 时 说 ， 中国 十分 重视 发展 同 泰国 政府 、 人民 和 军队 之间 的 友谊 ， 特别是 两 国 经贸 之间 的 合作 。

output:	刘华清说， 中泰两国 人民有传 统的友谊 ，两国的 关系也十 分友好。
refer:	刘华清 说 ， 中 泰 两 国 人民 有 传统 的 友谊 ， 两 国 的 关系 也 十分 友好 。

output:	他 说 ，差瓦立 副总理的 这次来访 以及中泰 两国其他 高层领导 人的互访 ， 有利于 推进两国 关系 的 进一步 发展 以及在各 领域的有 效合作。
refer:	他 说 ， 差瓦立 副总理 的 这 次 来访 以及 中 泰 两 国 其他 高层 领导人 的 互访 ， 有利于 推进 两 国 关系 的 进一步 发展 以及 在 各 领域 的 有效 合作 。

output:	差瓦立说， 他十分高 兴会见刘 副主席。
refer:	差瓦立 说 ， 他 十分 高兴 会见 刘 副主席 。

output:	他说， 近年来， 中国 经济 发展 迅速 ， 泰国 政府和人 民感到十 分高兴。
refer:	他 说 ， 近年 来 ， 中国 经济 发展 迅速 ， 泰国 政府 和 人民 感到 十分 高兴 。

output:	他 表示 赞同刘华 清的看法 ， 认为 泰中两国 应 进一步 发展各种 形式的经 贸合作。
refer:	他 表示 赞同 刘华清 的 看法 ， 认为 泰 中 两 国 应 进一步 发展 各 种 形式 的 经贸 合作 。

output:	匈牙利 总统等外 国政府首 脑将访华
refer:	匈牙利 总统 等 外国 政府 首脑 将 访 华

output:	外交部 发言人 沈国放 在今天下 午举行的 记者招待 会上宣布 ：应国家 主席 江泽民 的 邀请 ，匈牙利 共和国 总统 根茨·阿 尔帕德将 于九月十 四日至十 七日对中 国进行国 事访问。
refer:	外交部 发言人 沈国放 在 今天 下午 举行 的 记者 招待会 上 宣布 ： 应 国家 主席 江泽民 的 邀请 ， 匈牙利 共和国 总统 根茨·阿尔帕德 将 于 九月 十四日 至 十七日 对 中国 进行 国事 访问 。

output:	他 还 宣布 ，应国务 院总理李 鹏的邀请 ，加蓬共 和国总理 卡西米尔 ·奥耶· 姆巴将于 九月六日 至十一日 对中国进 行正式友 好访问。
refer:	他 还 宣布 ， 应 国务院 总理 李鹏 的 邀请 ， 加蓬 共和国 总理 卡西米尔·奥耶·姆巴 将 于 九月 六日 至 十一日 对 中国 进行 正式 友好 访问 。

output:	应国务 院总理李 鹏邀请， 坦桑尼亚 联合共和 国总理兼 第一副总 统约翰· 马莱塞拉 将于九月 九日至十 三日对中 国进行正 式访问。
refer:	应 国务院 总理 李鹏 邀请 ， 坦桑尼亚 联合 共和国 总理 兼 第一 副总统 约翰·马莱塞拉 将 于 九月 九日 至 十三日 对 中国 进行 正式 访问 。

output:	以 约决定开 通第二个 边界口岸
refer:	以 约 决定 开通 第二 个 边界 口岸

output:	以 色列和约 旦决定开 通两国共 同边界北 段的侯赛 因大桥作 为两国间 第二个边 界口岸。
refer:	以色列 和 约旦 决定 开通 两 国 共同 边界 北段 的 侯赛因 大 桥 作为 两 国 间 第二 个 边界 口岸 。

output:	以色列 电台今天 报道说， 以色列— 约旦联合 代表团已 经视察了 位于贝桑 谷地约旦 河上的这 座大桥。
refer:	以色列 电台 今天 报道 说 ， 以色列 — 约旦 联合 代表团 已经 视察 了 位 于 贝桑 谷地 约旦河 上 的 这 座 大 桥 。

output:	根据约旦国 王侯赛因 和 以色列 总理拉宾 ７月２５ 日签署的 《华盛顿 宣言》， 双方将开 放两个边 界口岸。
refer:	根据 约旦 国王 侯赛因 和 以色列 总理 拉宾 ７月 ２５日 签署 的 《 华盛顿 宣言 》 ， 双方 将 开放 两 个 边界 口岸 。

output:	位于约 旦亚喀巴 和 以色列 埃拉特之 间的阿拉 巴边界口 岸已于８ 月８日开 通，但是 这个边界 口岸目前 只允许第 三国旅游 者通过。
refer:	位 于 约旦 亚喀巴 和 以色列 埃拉特 之间 的 阿拉巴 边界 口岸 已 于 ８月 ８日 开通 ， 但是 这 个 边界 口岸 目前 只 允许 第三 国 旅游者 通过 。

output:	中吉签署 ６项文件
refer:	中 吉 签署 ６ 项 文件

output:	新华社 比什凯克 ４月 ２３日 电（记者 俱孟军 、 胡晓光 ）
refer:	新华社 比什凯克 ４月 ２３日 电 （ 记者 俱孟军 、 胡晓光 ）

output:	中国 和 吉尔吉斯 两 国 有关 方面 负责人今 天在这里 签署了６ 项文件。
refer:	中国 和 吉尔吉斯 两 国 有关 方面 负责人 今天 在 这里 签署 了 ６ 项 文件 。

output:	李鹏 总理 和 吉尔吉斯 总统 阿卡耶夫 出席了签 字仪式。
refer:	李鹏 总理 和 吉尔吉斯 总统 阿卡耶夫 出席 了 签字 仪式 。

output:	这６项文 件是：中 国向吉尔 吉斯政府 提供 贷款 协定、成 立中吉政 府间经贸 混委会协 定、中国 向吉尔吉 斯赠送物 资换文、 中吉两国 文化合作 协定、互 换两国领 事条约批 准书、中 国贸促会 和 吉尔吉斯 工商会合 作协议。
refer:	这 ６ 项 文件 是 ： 中国 向 吉尔吉斯 政府 提供 贷款 协定 、 成立 中 吉 政府 间 经贸 混委会 协定 、 中国 向 吉尔吉斯 赠送 物资 换文 、 中 吉 两 国 文化 合作 协定 、 互换 两 国 领事 条约 批准书 、 中国 贸促会 和 吉尔吉斯 工商会 合作 协议 。

output:	签字 仪式 结束后， 阿卡耶夫 总统 和李鹏总 理分别回 答了记者 的提问。
refer:	签字 仪式 结束 后 ， 阿卡耶夫 总统 和 李鹏 总理 分别 回答 了 记者 的 提问 。

output:	他 表示 ， 李鹏 总理的这 次访问将 促进中亚 地区的和 平、安全 与稳定。
refer:	他 表示 ， 李鹏 总理 的 这 次 访问 将 促进 中亚 地区 的 和平 、 安全 与 稳定 。

output:	他 认为 ， 双方 刚刚签署 的 文件 对于加强 两国的睦 邻关系和 友好 合作 是非常 重要的。
refer:	他 认为 ， 双方 刚刚 签署 的 文件 对于 加强 两 国 的 睦邻 关系 和 友好 合作 是 非常 重要 的 。

output:	李鹏总 理说，这 次访问增 进了彼此 间的友谊 和了解， 为中吉两 国 进一步 合作 奠定了良 好基础。
refer:	李鹏 总理 说 ， 这 次 访问 增进 了 彼此 间 的 友谊 和 了解 ， 为 中 吉 两 国 进一步 合作 奠定 了 良好 基础 。

output:	他 表示 希望中亚 地区稳定 和 发展 ，人民生 活水平不 断提高。
refer:	他 表示 希望 中亚 地区 稳定 和 发展 ， 人民 生活 水平 不断 提高 。

output:	李鹏 希望 吉尔吉斯 新 闻媒介转 达中国人 民对吉尔 吉斯人民 的问候。
refer:	李鹏 希望 吉尔吉斯 新闻 媒介 转达 中国 人民 对 吉尔吉斯 人民 的 问候 。

output:	第七 届 世界 游泳 锦标赛在 罗马开幕
refer:	第七 届 世界 游泳 锦标赛 在 罗马 开幕

output:	新华社罗 马８月３ １日电（ 记者黄昌 瑞周宗欣
refer:	新华社 罗马 ８月 ３１日 电 （ 记者 黄昌瑞 周宗欣

output:	第七届世界 游泳 锦标赛 今晚在罗 马开幕。
refer:	第七 届 世界 游泳 锦标赛 今晚 在 罗马 开幕 。

output:	锦标赛 组委会宣 布，本届 锦标赛的 规模将超 过历届。
refer:	锦标赛 组委会 宣布 ， 本 届 锦标赛 的 规模 将 超过 历 届 。

output:	历时两个多 小时的开 幕式，充 满了新、 奇、特。
refer:	历时 两 个 多 小时 的 开幕式 ， 充满 了 新 、 奇 、 特 。

output:	意大 利著名音 乐家克· 巴廖尼演 唱了由他 自己作词 谱曲、慷 慨激昂的 会歌《水 中水》， 罗马交响 乐团４０ 多名演奏 家的表演 ，令听众 如痴如醉 ，而音乐 喷泉、高 保真音响 效果、喷 水屏幕和 立体投影 更把大家 带进了一 个声、光 、色交融 奇妙无比 的境界。
refer:	意大利 著名 音乐家 克·巴廖尼 演唱 了 由 他 自己 作词 谱曲 、 慷慨激昂 的 会歌 《 水 中 水 》 ， 罗马 交响 乐团 ４０多 名 演奏家 的 表演 ， 令 听众 如痴如醉 ， 而 音乐 喷泉 、 高 保真 音响 效果 、 喷水 屏幕 和 立体 投影 更 把 大家 带进 了 一 个 声 、 光 、 色 交融 奇妙无比 的 境界 。

output:	据组委 会提供的 数据，参 加本届锦 标赛的有 来自１０ ２个国家 和地区的 １３５０ 名运动员 （游泳６ ６１名、 跳水１３ ７名、水 球３３４ 名、花样 游泳２１ ８名）。
refer:	据 组委会 提供 的 数据 ， 参加 本 届 锦标赛 的 有 来自 １０２ 个 国家 和 地区 的 １３５０ 名 运动员 （ 游泳 ６６１ 名 、 跳水 １３７ 名 、 水球 ３３４ 名 、 花样 游泳 ２１８ 名 ） 。

output:	已经报 名采访的 记者有１ ３２０名 （文字６ ０１名、 摄影１７ １名、电 台、电视 台４００ 名等）。
refer:	已经 报名 采访 的 记者 有 １３２０ 名 （ 文字 ６０１ 名 、 摄影 １７１ 名 、 电台 、 电视台 ４００ 名 等 ） 。

output:	组委会 发言人说 ，“总共 有近３０ ００人将 为锦标赛 的成功而 努力。”
refer:	组委会 发言人 说 ， “ 总共 有 近 ３０００ 人 将 为 锦标赛 的 成功 而 努力 。 ”

output:	本届锦 标赛共设 游泳、跳 水、花样 游泳、水 球和长距 离游泳５ 个大项。
refer:	本 届 锦标赛 共 设 游泳 、 跳水 、 花样 游泳 、 水球 和 长 距离 游泳 ５ 个 大 项 。

output:	比 赛将于９ 月１日开 始至１１ 日结束。
refer:	比赛 将 于 ９月 １日 开始 至 １１日 结束 。

output:	中国 将派３４ 名选手参 加３个大 项的比赛 ，其中游 泳选手１ ５名、跳 水选手１ ０名、花 样游泳选 手９名。
refer:	中国 将 派 ３４ 名 选手 参加 ３ 个 大 项 的 比赛 ， 其中 游泳 选手 １５ 名 、 跳水 选手 １０ 名 、 花样 游泳 选手 ９ 名 。

output:	跳水选手 已全部抵 达罗马， 并开始赛 前训练。
refer:	跳水 选手 已 全部 抵达 罗马 ， 并 开始 赛前 训练 。

output:	其 他选手将 在９月２ 日前分两 批到达。
refer:	其他 选手 将 在 ９月 ２日 前 分 两 批 到达 。

output:	专访：国家 女足教练 谈近期“ 三步曲”
refer:	专访 ： 国家 女足 教练 谈 近期 “ 三 步 曲 ”

output:	新华社 合肥４月 ２３日 电
refer:	新华社 合肥 ４月 ２３日 电

output:	专访：国家 女足教练 谈近期“ 三步曲”
refer:	专访 ： 国家 女足 教练 谈 近期 “ 三 步 曲 ”

output:	国家女 子足球队 元老教练 之一李必 ，日前在 全国女足 联赛芜湖 赛区向记 者透露了 国家女足 近期“三 部曲”。
refer:	国家 女子 足球队 元老 教练 之一 李必 ， 日前 在 全 国 女足 联赛 芜湖 赛区 向 记者 透露 了 国家 女足 近期 “ 三 部 曲 ” 。

output:	李必说，中 国女足在 亚运会上 的目标是 “力争冠 军，确保 第二”。
refer:	李必 说 ， 中国 女足 在 亚运会 上 的 目标 是 “ 力争 冠军 ， 确保 第二 ” 。

output:	他说， 近年来国 家女足一 些老队员 相继退役 ，有些主 力队员也 到国外去 踢球，因 此需要较 多地补充 新队员。
refer:	他 说 ， 近年 来 国家 女足 一些 老 队员 相继 退役 ， 有些 主力 队员 也 到 国外 去 踢球 ， 因此 需要 较 多 地 补充 新 队员 。

output:	由于 新组建的 国家队新 队员将占 一半，而 她们的技 术水平尚 待提高， 因此面临 的任务是 艰巨的。
refer:	由于 新 组建 的 国家队 新 队员 将 占 一半 ， 而 她们 的 技术 水平 尚 待 提高 ， 因此 面临 的 任务 是 艰巨 的 。

output:	现在正在 进行的第 一步是挑 选队员。
refer:	现在 正在 进行 的 第一 步 是 挑选 队员 。

output:	通过 冬训和本 次联赛， 国家队将 确定第一 批参加集 训的２６ 名队员。
refer:	通过 冬训 和 本 次 联赛 ， 国家队 将 确定 第一 批 参加 集训 的 ２６ 名 队员 。

output:	名单 将在本次 联赛结束 后公布。
refer:	名单 将 在 本 次 联赛 结束 后 公布 。

output:	第二步是高 原集训。
refer:	第二 步 是 高原 集训 。

output:	联赛之 后立即将 集训队员 拉到昆明 ，进行为 期一个月 的训练。
refer:	联赛 之后 立即 将 集训 队员 拉到 昆明 ， 进行 为期 一 个 月 的 训练 。

output:	通过集训 确定阵容 和打法。
refer:	通过 集训 确定 阵容 和 打法 。

output:	一些 新 队员个人 技术不错 ，集训的 目的是提 高她们的 战术配合 意识和实 战经验。
refer:	一些 新 队员 个人 技术 不错 ， 集训 的 目的 是 提高 她们 的 战术 配合 意识 和 实战 经验 。

output:	国家队还 将请国家 田径队教 练和科研 人员，专 门对女队 员进行体 能训练， 以提高队 员的心肺 功能和身 体素质。
refer:	国家队 还 将 请 国家 田径队 教练 和 科研 人员 ， 专门 对 女 队员 进行 体能 训练 ， 以 提高 队员 的 心肺 功能 和 身体 素质 。

output:	第三 步是７月 份赴美国 参加世界 四强赛。
refer:	第三 步 是 ７月份 赴 美国 参加 世界 四 强 赛 。

output:	以 期在与美 国、瑞典 、挪威这 些世界强 队交锋中 更好地锻 炼队伍， 同时了解 世界女子 足球强队 的实力， 为明年的 第二届世 界锦标赛 作准备。
refer:	以 期 在 与 美国 、 瑞典 、 挪威 这些 世界 强 队 交锋 中 更 好 地 锻炼 队伍 ， 同时 了解 世界 女子 足球 强 队 的 实力 ， 为 明年 的 第二 届 世界 锦标赛 作 准备 。

output:	新华社 记者郭庆 华（完）
refer:	新华社 记者 郭庆华 （ 完 ）

output:	世界 游泳 锦标赛花 絮（一）
refer:	世界 游泳 锦标赛 花絮 （ 一 ）

output:	新华社 罗马８月 ３１日 电 世界 游泳 锦标赛花 絮（一）
refer:	新华社 罗马 ８月 ３１日 电 世界 游泳 锦标赛 花絮 （ 一 ）

output:	（ 小 标题）锦 标赛会歌 富有诗意
refer:	（ 小 标题 ） 锦标赛 会歌 富有 诗意

output:	本届锦 标赛的会 歌歌名极 富诗意， 名为《水 中水》。
refer:	本 届 锦标赛 的 会歌 歌名 极 富 诗意 ， 名 为 《 水 中 水 》 。

output:	这首歌 的词曲作 者是意大 利著名作 曲家克· 巴廖尼， 在 开幕式 上巴廖尼 本人与６ ０岁的男 高音歌唱 家雷·斯 科托共同 演唱了这 首会歌。
refer:	这 首 歌 的 词 曲 作者 是 意大利 著名 作曲家 克·巴廖尼 ， 在 开幕式 上 巴廖尼 本人 与 ６０ 岁 的 男 高音 歌唱家 雷·斯科托 共同 演唱 了 这 首 会歌 。

output:	多 年 前，巴廖 尼创作了 一首名叫 《小小爱 情深似海 》的歌曲 ，瞬间红 遍意大利 ，使巴廖 尼成了家 喻户晓的 流行歌曲 曲作家。
refer:	多 年 前 ， 巴廖尼 创作 了 一 首 名 叫 《 小小 爱情 深 似 海 》 的 歌曲 ， 瞬间 红遍 意大利 ， 使 巴廖尼 成 了 家喻户晓 的 流行 歌曲 曲作家 。

output:	但是 ， 从１９９ ２年起他 突然从人 们的视野 中消失。
refer:	但是 ， 从 １９９２年 起 他 突然 从 人们 的 视野 中 消失 。

output:	就在人们 议论纷纷 之际，他 又神秘地 从幕后走 了出来， 奉献给大 家的就是 如今成为 世界 游泳 锦标赛会 歌的《水 中水》。
refer:	就 在 人们 议论纷纷 之 际 ， 他 又 神秘 地 从 幕后 走 了 出来 ， 奉献 给 大家 的 就 是 如今 成为 世界 游泳 锦标赛 会歌 的 《 水 中 水 》 。

output:	巴廖 尼生来对 水就有一 种偏爱。
refer:	巴廖尼 生来 对 水 就 有 一 种 偏爱 。

output:	他 说，“在 我创作的 歌曲中， 水是一个 反复出现 的主题。
refer:	他 说 ， “ 在 我 创作 的 歌曲 中 ， 水 是 一 个 反复 出现 的 主题 。

output:	水 是 大自然 的 产物，是 万物之中 最具自然 特征的。
refer:	水 是 大自然 的 产物 ， 是 万物 之 中 最 具 自然 特征 的 。

output:	水 是 生活的通 道，是意 念、情感 和音乐的 源泉。”
refer:	水 是 生活 的 通道 ， 是 意念 、 情感 和 音乐 的 源泉 。 ”

output:	他 还说：“ 在游泳和 跳水运动 中，我们 认识了水 ，感受到 了它的博 大和力量 ，从而产 生了与它 合为一体 的念头。
refer:	他 还 说 ： “ 在 游泳 和 跳水 运动 中 ， 我们 认识 了 水 ， 感受 到 了 它 的 博大 和 力量 ， 从而 产生 了 与 它 合为 一体 的 念头 。

output:	水使人们 不再相隔 遥远，在 《水中水 》的歌声 中，我们 的心一起 跳动。”
refer:	水 使 人们 不 再 相隔 遥远 ， 在 《 水 中 水 》 的 歌声 中 ， 我们 的 心 一起 跳动 。 ”

output:	（ 小标题） 吉祥物“ 卡洛塔” 活泼可爱
refer:	（ 小 标题 ） 吉祥物 “ 卡洛塔 ” 活泼 可爱

output:	本届世界 游泳锦标 赛的吉祥 物是一只 名叫“卡 洛塔”的 小海龟。
refer:	本 届 世界 游泳 锦标赛 的 吉祥物 是 一 只 名 叫 “ 卡洛塔 ” 的 小 海龟 。

output:	海龟的 形象由意 大利知名 图案设计 师瓦·隆 巴多设计 ，其名取 自于一位 天真可爱 的意大利 小女孩。
refer:	海龟 的 形象 由 意大利 知名 图案 设计师 瓦·隆巴多 设计 ， 其 名 取自于 一 位 天真 可爱 的 意大利 小 女孩 。

output:	别看小海龟 在沙滩上 爬行往往 显得笨拙 ，一旦到 了海里， 就变得灵 活自如。
refer:	别看 小 海龟 在 沙滩 上 爬行 往往 显得 笨拙 ， 一旦 到 了 海 里 ， 就 变得 灵活 自如 。

output:	在 “小海龟 ”坚实的 龟甲上嵌 着由陆地 、海洋组 成的世界 地图，寓 意来自全 球五大洲 四大洋的 游泳健儿 会聚罗马 ，通过比 赛，加强 了解，增 进友谊。
refer:	在 “ 小 海龟 ” 坚实 的 龟甲 上 嵌 着 由 陆地 、 海洋 组成 的 世界 地图 ， 寓意 来自 全球 五 大洲 四 大洋 的 游泳 健儿 会聚 罗马 ， 通过 比赛 ， 加强 了解 ， 增进 友谊 。

output:	新华社记 者周宗欣 杨爱国完
refer:	新华社 记者 周宗欣 杨爱国 完

output:	中 国残疾人 体育事业 方兴未艾
refer:	中国 残疾人 体育 事业 方兴未艾

output:	新华社 北京 ９月 ２日 电题：中 国残疾人 体育事业 方兴未艾
refer:	新华社 北京 ９月 ２日 电 题 ： 中国 残疾人 体育 事业 方兴未艾

output:	新华社记 者王俊璞
refer:	新华社 记者 王俊璞

output:	中 国残疾人 体育事业 经历了萌 芽、成长 、兴盛几 个阶段， 目前正方 兴未艾。
refer:	中国 残疾人 体育 事业 经历 了 萌芽 、 成长 、 兴盛 几 个 阶段 ， 目前 正 方兴未艾 。

output:	第六届远东 及南太平 洋地区残 疾人运动 会的举行 ，必将给 她注入新 的活力。
refer:	第六 届 远东 及 南 太平洋 地区 残疾人 运动会 的 举行 ， 必 将 给 她 注入 新 的 活力 。

output:	残疾人 体育事业 发展的每 一步都离 不开党和 政府的关 心支持。
refer:	残疾人 体育 事业 发展 的 每 一 步 都 离 不 开 党 和 政府 的 关心 支持 。

output:	中 华人民共 和国成立 之初，各 地纷纷兴 办社会福 利事业和 盲童、聋 人学校。
refer:	中华 人民 共和国 成立 之初 ， 各 地 纷纷 兴办 社会 福利 事业 和 盲童 、 聋人 学校 。

output:	福利 工厂开展 广播体操 等活动， 学校开设 体育课。
refer:	福利 工厂 开展 广播 体操 等 活动 ， 学校 开设 体育课 。

output:	作为残疾 人事业的 一部分， 残疾人体 育事业开 始萌芽。
refer:	作为 残疾人 事业 的 一 部分 ， 残疾人 体育 事业 开始 萌芽 。

output:	国家每年 都拨专款 用于开展 残疾人体 育活动。
refer:	国家 每 年 都 拨 专款 用 于 开展 残疾人 体育 活动 。

output:	全国性 的残疾人 体育比赛 于五十年 代后期开 始举办。
refer:	全国性 的 残疾人 体育 比赛 于 五十年代 后期 开始 举办 。

output:	竞赛促进 提高，带 动普及。
refer:	竞赛 促进 提高 ， 带动 普及 。

output:	残疾人体 育事业逐 步成长。
refer:	残疾人 体育 事业 逐步 成长 。

output:	改革 开放 以来，中 国的经济 迅速 发展 ，有能力 将更多的 人、财、 物力投入 残疾人体 育事业。
refer:	改革 开放 以来 ， 中国 的 经济 迅速 发展 ， 有 能力 将 更 多 的 人 、 财 、 物力 投入 残疾人 体育 事业 。

output:	短短十几年 ，这项事 业获得了 中外瞩目 的成就。
refer:	短短 十几 年 ， 这 项 事业 获得 了 中外 瞩目 的 成就 。

output:	有理由相 信，随着 中国 综合 国力的逐 步增强， 残疾人事 业将得到 越来越 多 的 重视 与支持。
refer:	有 理由 相信 ， 随着 中国 综合 国力 的 逐步 增强 ， 残疾人 事业 将 得到 越来越 多 的 重视 与 支持 。

output:	残疾人体 育事业也 必将得到 更广阔的 发展 空间 。
refer:	残疾人 体育 事业 也 必 将 得到 更 广阔 的 发展 空间 。

output:	残疾人体育 组织的建 立和健全 ，为残疾 人体育事 业的发展 提供了组 织保证。
refer:	残疾人 体育 组织 的 建立 和 健全 ， 为 残疾人 体育 事业 的 发展 提供 了 组织 保证 。

output:	中国伤残 人体育协 会（１９ ９０年更 名为中国 残疾人体 育协会） 于１９８ ３年１０ 月成立。
refer:	中国 伤残人 体育 协会 （ １９９０年 更名 为 中国 残疾人 体育 协会 ） 于 １９８３年 １０月 成立 。

output:	此 后，各地 纷纷成立 残疾人体 育组织。
refer:	此后 ， 各 地 纷纷 成立 残疾人 体育 组织 。

output:	中国 智残人、 聋人体育 协会也于 １９８５ 年成立。
refer:	中国 智残人 、 聋人 体育 协会 也 于 １９８５年 成立 。

output:	有 了 组织、领 导，比赛 、评比等 活动日益 频繁，残 疾人参加 体育活动 的 积极性 空前高涨 ， 运动水平 不断 提高 ， 后备力量 也在增强 。
refer:	有 了 组织 、 领导 ， 比赛 、 评比 等 活动 日益 频繁 ， 残疾人 参加 体育 活动 的 积极性 空前 高涨 ， 运动 水平 不断 提高 ， 后备 力量 也 在 增强 。

output:	合肥、唐 山、广州 三届全国 残疾人运 动会，规 模越来越 大，水平 越来越 高 ，引起社 会越来越 广泛的关 注和支持 ，并吸引 了 越来越 多的残疾 人参加体 育锻炼。
refer:	合肥 、 唐山 、 广州 三 届 全 国 残疾人 运动会 ， 规模 越来越 大 ， 水平 越来越 高 ， 引起 社会 越来越 广泛 的 关注 和 支持 ， 并 吸引 了 越来越 多 的 残疾人 参加 体育 锻炼 。

output:	自１９ ８４年起 ，中国残 疾人体育 协会相继 成为 国际 残疾人奥 委会等８ 个 国际 残疾人体 育组织的 成员，与 一些 国家 和地区的 残疾人体 育组织建 立了联系 ，并登上 残疾人奥 运会等国 际赛场。
refer:	自 １９８４年 起 ， 中国 残疾人 体育 协会 相继 成为 国际 残疾人 奥委会 等 ８ 个 国际 残疾人 体育 组织 的 成员 ， 与 一些 国家 和 地区 的 残疾人 体育 组织 建立 了 联系 ， 并 登上 残疾人 奥运会 等 国际 赛场 。

output:	在比赛 与交往中 ，中国残 疾人显示 了非凡的 体育才能 ，取得优 异的成绩 ，增进了 与各个国 家和地区 残疾人的 友谊，为 世界残疾 人事业的 发展 作出 了贡献。
refer:	在 比赛 与 交往 中 ， 中国 残疾人 显示 了 非凡 的 体育 才能 ， 取得 优异 的 成绩 ， 增进 了 与 各 个 国家 和 地区 残疾人 的 友谊 ， 为 世界 残疾人 事业 的 发展 作出 了 贡献 。

output:	于 １９９１年 颁布 实施 的《中华 人民 共和国 残疾 人保障法 》 规定 ，要组织 和扶持残 疾人开展 群众性的 体育活动 ，举办特 殊体育运 动会，参 加重大国 际性比赛 和交流。
refer:	于 １９９１年 颁布 实施 的 《 中华 人民 共和国 残疾人 保障法 》 规定 ， 要 组织 和 扶持 残疾人 开展 群众性 的 体育 活动 ， 举办 特殊 体育 运动会 ， 参加 重大 国际性 比赛 和 交流 。

output:	法律 的保障已 经并将继 续促进中 国残疾人 体育事业 更加蓬勃 地发展。
refer:	法律 的 保障 已经 并 将 继续 促进 中国 残疾人 体育 事业 更加 蓬勃 地 发展 。

output:	第六届远 南运动会 在北京举 行，必将 促使整个 社会 进一步 了 解并支持 残疾人事 业，大大 增强中国 人的助残 意识，使 更多的残 疾人投入 体育活动 ，从而对 中国残疾 人体育事 业的发展 产生巨大 的影响。
refer:	第六 届 远南 运动会 在 北京 举行 ， 必 将 促使 整 个 社会 进一步 了解 并 支持 残疾人 事业 ， 大大 增强 中国人 的 助残 意识 ， 使 更 多 的 残疾人 投入 体育 活动 ， 从而 对 中国 残疾人 体育 事业 的 发展 产生 巨大 的 影响 。

output:	诚然，中国 残疾人体 育事业的 基础并不 雄厚，普 及面还不 很广，与 一些发达 国家相比 还有不小 的差距。
refer:	诚然 ， 中国 残疾人 体育 事业 的 基础 并 不 雄厚 ， 普及面 还 不 很 广 ， 与 一些 发达 国家 相比 还 有 不 小 的 差距 。

output:	但 是，远南 运动会掀 起的“冲 击波”， 预示着这 项文明、 进步的事 业前景是 美好的。
refer:	但是 ， 远南 运动会 掀起 的 “ 冲击波 ” ， 预示 着 这 项 文明 、 进步 的 事业 前景 是 美好 的 。

output:	世界体 操锦标赛 决出五个 单项金牌
refer:	世界 体操 锦标赛 决出 五 个 单项 金牌

output:	中国罗莉 高低杠赛 独领风骚
refer:	中国 罗莉 高低杠赛 独领风骚

output:	新华社 布里斯班 ４月 ２３日 电（记者 王发恩）
refer:	新华社 布里斯班 ４月 ２３日 电 （ 记者 王发恩 ）

output:	中国 小将 罗莉今天 在 这里 冲破东欧 和美国选 手的重重 包围，夺 得第二十 九届世界 体操锦标 赛高低杠 的金牌。
refer:	中国 小将 罗莉 今天 在 这里 冲破 东欧 和 美国 选手 的 重重包围 ， 夺得 第二十九 届 世界 体操 锦标赛 高低杠 的 金牌 。

output:	这是锦 标赛开赛 ４天以来 中国选手 获得的最 高奖赏。
refer:	这 是 锦标赛 开赛 ４ 天 以来 中国 选手 获得 的 最高 奖赏 。

output:	女子 高低杠比 赛强手云 集，有俄 罗斯、罗 马尼亚和 美国名将 各两人， 乌克兰选 手一人。
refer:	女子 高低杠 比赛 强手 云集 ， 有 俄罗斯 、 罗马尼亚 和 美国 名将 各 两 人 ， 乌克兰 选手 一 人 。

output:	１７岁 的罗莉在 预赛中以 ９·９０ ０分名列 榜首，今 天她第五 个出场。
refer:	１７ 岁 的 罗莉 在 预赛 中 以 ９·９００ 分 名列 榜首 ， 今天 她 第五 个 出场 。

output:	她的动 作编排新 颖，难度 大，风格 独特，演 技炉火纯 青，博得 观众雷鸣 般掌声。
refer:	她 的 动作 编排 新颖 ， 难度 大 ， 风格 独特 ， 演技 炉火纯青 ， 博得 观众 雷鸣般 掌声 。

output:	在她下 杠稳稳站 住后，裁 判以最快 的速度给 她亮出了 ９·９１ ２的今晚 最高分。
refer:	在 她 下杠 稳稳 站住 后 ， 裁判 以 最 快 的 速度 给 她 亮出 了 ９·９１２ 的 今晚 最高分 。

output:	压阵出场 的俄罗斯 选手斯· 乔基娜孤 注一掷。
refer:	压阵 出场 的 俄罗斯 选手 斯·乔基娜 孤注一掷 。

output:	尽管她的动 作潇洒自 如，但难 度无法与 罗莉相比 ，只获得 ９·８７ ５分，夺 得银牌。
refer:	尽管 她 的 动作 潇洒自如 ， 但 难度 无法 与 罗莉 相比 ， 只 获得 ９·８７５ 分 ， 夺得 银牌 。

output:	乔基娜的同 伴迪·科 契特基娃 以９·８ ５０分获 得铜牌。
refer:	乔基娜 的 同伴 迪·科契特基娃 以 ９·８５０ 分 获得 铜牌 。

output:	本 届锦标赛 女子个人 全能银牌 得主罗马 尼亚的米 洛索维奇 出现大失 误，只获 第六名。
refer:	本 届 锦标赛 女子 个人 全能 银牌 得主 罗马尼亚 的 米洛索维奇 出现 大 失误 ， 只 获 第六 名 。

output:	今天共进行 了男子自 由体操、 鞍马、吊 环和女子 跳马、高 低杠个人 单项赛的 ５个项目 的决赛。
refer:	今天 共 进行 了 男子 自由 体操 、 鞍马 、 吊环 和 女子 跳马 、 高低杠 个人 单项赛 的 ５ 个 项目 的 决赛 。

output:	罗马 尼亚获两 枚金牌， 中国、意 大利和白 俄罗斯分 享其他３ 枚金牌。
refer:	罗马尼亚 获 两 枚 金牌 ， 中国 、 意大利 和 白俄罗斯 分享 其他 ３ 枚 金牌 。

output:	参加今 天比赛的 两名中国 男选手是 李大双和 黄华东。
refer:	参加 今天 比赛 的 两 名 中国 男 选手 是 李大双 和 黄华东 。

output:	他 们分别在 自由体操 和鞍马比 赛中均列 第五名。
refer:	他们 分别 在 自由 体操 和 鞍马 比赛 中 均 列 第五 名 。

output:	中国队 代表团 团长 张健在评 论中国选 手的表现 时说，男 选手的成 绩是近１ ０年来最 差的一次 ，说明水 平在下降 ；而罗莉 、乔娅和 莫惠兰３ 名女选手 都是第一 次参加世 界大赛， 均表现不 错，因为 她们有强 项，动作 有难度。
refer:	中国队 代表团 团长 张健 在 评论 中国 选手 的 表现 时 说 ， 男 选手 的 成绩 是 近 １０ 年 来 最 差 的 一 次 ， 说明 水平 在 下降 ； 而 罗莉 、 乔娅 和 莫惠兰 ３ 名 女 选手 都 是 第一 次 参加 世界 大赛 ， 均 表现 不错 ， 因为 她们 有 强 项 ， 动作 有 难度 。

output:	男子自 由体操决 赛几乎爆 出冷门。
refer:	男子 自由 体操 决赛 几乎 爆出冷门 。

output:	体操赛坛 上的无名 之辈、希 腊的洛· 迈利萨尼 迪斯不畏 强手，同 白俄罗斯 名将谢尔 博进行金 牌竞争。
refer:	体操 赛坛 上 的 无名之辈 、 希腊 的 洛·迈利萨尼迪斯 不 畏 强手 ， 同 白俄罗斯 名将 谢尔博 进行 金牌 竞争 。

output:	谢尔博最后 获得冠军 ，成绩是 ９·７２ ５分；迈 利萨尼迪 斯获得９ ·６８７ 分，与英 国的尼· 托马斯同 享银牌。
refer:	谢尔博 最后 获得 冠军 ， 成绩 是 ９·７２５ 分 ； 迈利萨尼迪斯 获得 ９·６８７ 分 ， 与 英国 的 尼·托马斯 同 享 银牌 。

output:	这 是 希腊选手 参加历届 世界体操 大赛以来 获得的最 好名次。
refer:	这 是 希腊 选手 参加 历 届 世界 体操 大赛 以来 获得 的 最好 名次 。

output:	罗马 尼亚的两 枚金牌由 １８岁马 ·乌兹卡 在鞍马和 １６岁的 吉·戈杰 安在女子 跳马上获 得的，他 们的成绩 分别为９ ·７１２ 和９·８ １２分。
refer:	罗马尼亚 的 两 枚 金牌 由 １８ 岁 马·乌兹卡 在 鞍马 和 １６ 岁 的 吉·戈杰安 在 女子 跳马 上 获得 的 ， 他们 的 成绩 分别 为 ９·７１２ 和 ９·８１２ 分 。

output:	意大利的尤 ·凯基以 ９·７８ ７分获吊 环金牌。
refer:	意大利 的 尤·凯基 以 ９·７８７ 分 获 吊环 金牌 。

output:	今天吊 环决赛是 历届体操 锦标赛中 最高水准 的角逐。
refer:	今天 吊环 决赛 是 历 届 体操 锦标赛 中 最高 水准 的 角逐 。

output:	参加比 赛的８名 选手都做 出了许多 惊险的高 难动作。
refer:	参加 比赛 的 ８ 名 选手 都 做出 了 许多 惊险 的 高难 动作 。

output:	在预赛中 排行第一 的凯基动 作刚健有 力，夺得 第一名。
refer:	在 预赛 中 排行 第一 的 凯基 动作 刚健 有力 ， 夺得 第一 名 。

output:	美 国的保· 奥夫内尔 以９·７ ２５分获 银牌，罗 马尼亚的 丹·布林 卡和德国 的瓦·贝 林基均以 ９·７０ ０分并列 第三名。
refer:	美国 的 保·奥夫内尔 以 ９·７２５ 分 获 银牌 ， 罗马尼亚 的 丹·布林卡 和 德国 的 瓦·贝林基 均 以 ９·７００ 分 并列 第三 名 。

output:	罗马尼亚 选手在女 子跳马决 赛中也展 示了雄厚 的实力， 除戈杰安 夺得金牌 外，米洛 索维奇还 以９·７ ８７分摘 取铜牌。
refer:	罗马尼亚 选手 在 女子 跳马 决赛 中 也 展示 了 雄厚 的 实力 ， 除 戈杰安 夺得 金牌 外 ， 米洛索维奇 还 以 ９·７８７ 分 摘取 铜牌 。

output:	俄罗斯 的乔基娜 以９·８ ００分获 得银牌。
refer:	俄罗斯 的 乔基娜 以 ９·８００ 分 获得 银牌 。

output:	本 届 比赛女子 个人全能 金牌得主 、美国的 米勒在此 次比赛中 动作严重 失误，名 列第七。
refer:	本 届 比赛 女子 个人 全能 金牌 得主 、 美国 的 米勒 在 此 次 比赛 中 动作 严重 失误 ， 名列 第七 。

output:	本届锦 标赛到今 天为止， 已决出７ 枚金牌。
refer:	本 届 锦标赛 到 今天 为止 ， 已 决出 ７ 枚 金牌 。

output:	明天将进行 最后５个 男女单项 的决赛。
refer:	明天 将 进行 最后 ５ 个 男女 单项 的 决赛 。

output:	美国网球 公开赛进 入第三天
refer:	美国 网球 公开赛 进入 第三 天

output:	据外电报 道，美国 网球公开 赛８月３ １日进入 第三天， 被左脚踝 关节伤痛 困扰了一 个多月的 上届冠军 桑普拉斯 伤愈出赛 ，以３： ０轻松战 胜对手， 进入男单 第二轮。
refer:	据 外电 报道 ， 美国 网球 公开赛 ８月 ３１日 进入 第三 天 ， 被 左脚踝 关节 伤痛 困扰 了 一 个 多 月 的 上 届 冠军 桑普拉斯 伤愈 出赛 ， 以 ３ ： ０ 轻松 战胜 对手 ， 进入 男单 第二 轮 。

output:	目前在世 界网坛排 名第一的 美国选手 桑普拉斯 ，自７月 中旬以来 就一直未 在比赛场 上露面， 这次伤愈 复出后状 态颇佳， 不到一个 半小时就 以６：２ 的三局相 同比分轻 松地淘汰 了南非选 手，进入 第二轮。
refer:	目前 在 世界 网坛 排名 第一 的 美国 选手 桑普拉斯 ， 自 ７月 中旬 以来 就 一直 未 在 比赛场 上 露面 ， 这 次 伤愈 复出 后 状态 颇 佳 ， 不到 一 个 半 小时 就 以 ６ ： ２ 的 三 局 相同 比分 轻松 地 淘汰 了 南非 选手 ， 进入 第二 轮 。

output:	８号种子 、 乌克兰 选手安· 梅德韦德 夫以６： ３、６： ４、６： ０战胜对 手，进入 第二轮。
refer:	８ 号 种子 、 乌克兰 选手 安·梅德韦德夫 以 ６ ： ３ 、 ６ ： ４ 、 ６ ： ０ 战胜 对手 ， 进入 第二 轮 。

output:	他正好 以此作为 庆祝他２ ０岁生日 的贺礼。
refer:	他 正好 以 此 作为 庆祝 他 ２０ 岁 生日 的 贺礼 。

output:	在女子 比赛中， ２号种子 、 西班牙 的桑切斯 受到 了 法国对手 纳·淘吉 亚的挑战 ，但桑切 斯最终以 ６：２、 ７：６获 胜，进入 第三轮。
refer:	在 女子 比赛 中 ， ２ 号 种子 、 西班牙 的 桑切斯 受到 了 法国 对手 纳·淘吉亚 的 挑战 ， 但 桑切斯 最终 以 ６ ： ２ 、 ７ ： ６ 获胜 ， 进入 第三 轮 。

output:	５号种子 、日本的 伊达公子 ，９号种 子、美国 的玛·费 尔南德斯 ， １９９０年 冠军、 阿根廷 的萨瓦蒂 尼等种子 选手均顺 利地进入 第三轮。
refer:	５ 号 种子 、 日本 的 伊达公子 ， ９ 号 种子 、 美国 的 玛·费尔南德斯 ， １９９０年 冠军 、 阿根廷 的 萨瓦蒂尼 等 种子 选手 均 顺利 地 进入 第三 轮 。

output:	另 据 最新 消息 ，美国选 手张德培 在男子第 二轮比赛 中以４： ６、６： ２、６： ３、７： ６战胜对 手，进入 第三轮。
refer:	另 据 最新 消息 ， 美国 选手 张德培 在 男子 第二 轮 比赛 中 以 ４ ： ６ 、 ６ ： ２ 、 ６ ： ３ 、 ７ ： ６ 战胜 对手 ， 进入 第三 轮 。

output:	李宁在奥 林匹克大 会上发言
refer:	李宁 在 奥林匹克 大会 上 发言

output:	新华社 巴黎 ９月 １日 电（记者 张有浩 ）
refer:	新华社 巴黎 ９月 １日 电 （ 记者 张有浩 ）

output:	在 巴黎 举行 的第十二 次国际奥 林匹克大 会今天进 入第三天 ，国际奥 委会运动 员委员会 委员、中 国前著名 体操运动 员李宁在 会上就体 育和经济 的关系这 一题目做 了发言。
refer:	在 巴黎 举行 的 第十二 次 国际 奥林匹克 大会 今天 进入 第三 天 ， 国际 奥委会 运动员 委员会 委员 、 中国 前 著名 体操 运动员 李宁 在 会 上 就 体育 和 经济 的 关系 这 一 题目 做 了 发言 。

output:	他指 出：“在 维护奥林 匹克运动 非商业化 宗旨的同 时，体育 和经济可 以起到相 互推动的 作用。”
refer:	他 指出 ： “ 在 维护 奥林匹克 运动 非商业化 宗旨 的 同时 ， 体育 和 经济 可以 起到 相互 推动 的 作用 。 ”

output:	李宁说 ：“当今 ，大型运 动会和重 要比赛受 关注的范 围，远远 不局限于 举办地。
refer:	李宁 说 ： “ 当今 ， 大型 运动会 和 重要 比赛 受 关注 的 范围 ， 远远 不 局限于 举办地 。

output:	电视 等媒体的 介入，使 体育运动 成为全世 界同时关 注的事情 ，也使新 闻媒体获 得生存和 发展所必 需的巨额 收入。”
refer:	电视 等 媒体 的 介入 ， 使 体育 运动 成为 全 世界 同时 关注 的 事情 ， 也 使 新闻 媒体 获得 生存 和 发展 所 必需 的 巨额 收入 。 ”

output:	李宁认为： “现代体 育的发展 ，以及运 动员的明 星效应， 还推动了 世界体育 用品产业 的繁荣。
refer:	李宁 认为 ： “ 现代 体育 的 发展 ， 以及 运动员 的 明星 效应 ， 还 推动 了 世界 体育 用品 产业 的 繁荣 。

output:	体育旅游 及体育娱 乐业正在 成为 世界 第三 产业 的一个新 门类。”
refer:	体育 旅游 及 体育 娱乐业 正在 成为 世界 第三 产业 的 一 个 新 门类 。 ”

output:	李宁说 ， 越来越 多的体育 界人士认 识到经济 对体育的 直接资助 和间接支 持作用， “因此， 承认并把 握体育和 经济之间 相互促进 的 关系 ，健康地 发挥经济 对体育的 支撑和推 动作用， 将是一项 具有吸引 力的系统 工程。”
refer:	李宁 说 ， 越来越 多 的 体育界 人士 认识 到 经济 对 体育 的 直接 资助 和 间接 支持 作用 ， “ 因此 ， 承认 并 把握 体育 和 经济 之间 相互 促进 的 关系 ， 健康 地 发挥 经济 对 体育 的 支撑 和 推动 作用 ， 将 是 一 项 具有 吸引力 的 系统 工程 。 ”

output:	今天大会 讨论的主 题是“体 育和社会 ”，体育 和经济的 关系是其 中一个重 要内容。
refer:	今天 大会 讨论 的 主题 是 “ 体育 和 社会 ” ， 体育 和 经济 的 关系 是 其中 一 个 重要 内容 。

output:	今天发 言的还有 法国青年 和体育部 长、国际 奥委会德 国和印度 委员、国 际足联秘 书长、法 国《队报 》总编辑 、 可口可乐 公司 副总裁 等 。
refer:	今天 发言 的 还 有 法国 青年 和 体育 部长 、 国际 奥委会 德国 和 印度 委员 、 国际 足联 秘书长 、 法国 《 队报 》 总编辑 、 可口可乐 公司 副总裁 等 。

output:	印尼 国际象棋 邀请赛进 入第十轮
refer:	印尼 国际 象棋 邀请赛 进入 第十 轮

output:	新 华社雅加 达４月２ ３日电（ 记者赵新 考刘瑞平
refer:	新华社 雅加达 ４月 ２３日 电 （ 记者 赵新考 刘瑞平

output:	印尼的 国际大师 韩多哥今 天在国际 象棋国际 特级大师 邀请赛的 第十轮比 赛中，战 胜了同胞 阿迪安多 ，积６分 居参赛队 员之首。
refer:	印尼 的 国际 大师 韩多哥 今天 在 国际 象棋 国际 特级 大师 邀请赛 的 第十 轮 比赛 中 ， 战胜 了 同胞 阿迪安多 ， 积 ６ 分 居 参赛 队员 之 首 。

output:	在 今天 的比赛中 ，中国国 际大师徐 俊迎战队 友、国际 特级大师 叶荣光。
refer:	在 今天 的 比赛 中 ， 中国 国际 大师 徐俊 迎战 队友 、 国际 特级 大师 叶荣光 。

output:	徐俊 先手挺后 前兵展开 攻势；叶 荣光摆开 斯拉夫防 御，经过 ５个多小 时的交锋 ，徐俊以 一兵的优 势获胜。
refer:	徐俊 先手 挺 后 前 兵 展开 攻势 ； 叶荣光 摆开 斯拉夫 防御 ， 经过 ５ 个多 小时 的 交锋 ， 徐俊 以 一 兵 的 优势 获胜 。

output:	中国 的 叶江川与 捷克的让 切克弈成 平局；乌 兹别克的 萨波和印 尼的西唐 刚也握手 言和；哈 萨克斯坦 的塔卡切 夫战胜了 捷克的布 兰特尼； 菲律宾的 安东尼奥 胜了印尼 的德德。
refer:	中国 的 叶江川 与 捷克 的 让切克 弈成 平局 ； 乌兹别克 的 萨波 和 印尼 的 西唐刚 也 握手言和 ； 哈萨克斯坦 的 塔卡切夫 战胜 了 捷克 的 布兰特尼 ； 菲律宾 的 安东尼奥 胜 了 印尼 的 德德 。

output:	中 国谢军今 天轮空。
refer:	中国 谢军 今天 轮空 。

output:	美国网球 公开赛进 入第二天
refer:	美国 网球 公开赛 进入 第二 天

output:	据 外电报道 ， １９９４年 美国网球 公开赛 在经历了 冷门迭爆 的首日比 赛后，第 二天无大 新闻，种 子选手均 顺利通过 第一轮。
refer:	据 外电 报道 ， １９９４年 美国 网球 公开赛 在 经历 了 冷门 迭爆 的 首 日 比赛 后 ， 第二 天 无 大 新闻 ， 种子 选手 均 顺利 通过 第一 轮 。

output:	３０ 日在纽约 国家网球 中心进行 的比赛基 本顺利， 瑞典老将 埃德贝里 在首轮赛 事中以７ ：５、６ ：１、６ ：１战胜 了他的同 胞拉·容 森，进入 第二轮。
refer:	３０日 在 纽约 国家 网球 中心 进行 的 比赛 基本 顺利 ， 瑞典 老将 埃德贝里 在 首 轮 赛事 中 以 ７ ： ５ 、 ６ ： １ 、 ６ ： １ 战胜 了 他 的 同胞 拉·容森 ， 进入 第二 轮 。

output:	目前 世界女子 排名第一 的德国选 手格拉夫 状态不错 ，以６： ２和６： １淘汰了 １９岁的 美国小将 安·马尔 ，也闯入 第二轮。
refer:	目前 世界 女子 排名 第一 的 德国 选手 格拉夫 状态 不错 ， 以 ６ ： ２ 和 ６ ： １ 淘汰 了 １９ 岁 的 美国 小将 安·马尔 ， 也 闯入 第二 轮 。

output:	４号种子、 德国选手 米·施蒂 希，上届 亚军、法 国选手塞 ·皮奥利 内也顺利 进入男单 下一轮。
refer:	４ 号 种子 、 德国 选手 米·施蒂希 ， 上 届 亚军 、 法国 选手 塞·皮奥利内 也 顺利 进入 男单 下 一 轮 。

output:	在 女子单打 比赛中， ５号种子 、日本选 手伊达公 子，６号 种子、美 国的琳· 达尔波特 ，８号种 子、阿根 廷的萨瓦 蒂尼等也 顺利通过 第一轮。
refer:	在 女子 单打 比赛 中 ， ５ 号 种子 、 日本 选手 伊达公子 ， ６ 号 种子 、 美国 的 琳·达尔波特 ， ８ 号 种子 、 阿根廷 的 萨瓦蒂尼 等 也 顺利 通过 第一 轮 。

output:	在 ２９日 进行的首 天比赛中 ，若干名 种子选手 遭淘汰。
refer:	在 ２９日 进行 的 首 天 比赛 中 ， 若干 名 种子 选手 遭 淘汰 。

output:	其中 ２号种子 、克罗地 亚名将伊 万尼舍维 奇、来自 德国的前 美国公开 赛男单冠 军贝克尔 均未能进 入第二轮 ，十分出 人意料。
refer:	其中 ２ 号 种子 、 克罗地亚 名将 伊万尼舍维奇 、 来自 德国 的 前 美国 公开赛 男单 冠军 贝克尔 均 未 能 进入 第二 轮 ， 十分 出人意料 。

output:	另外，女单 １２号种 子、德国 选手哈克 也在第一 轮比赛中 被淘汰， 男单１６ 号种子、 捷克选手 科达赛前 因伤退出 了比赛。
refer:	另外 ， 女单 １２ 号 种子 、 德国 选手 哈克 也 在 第一 轮 比赛 中 被 淘汰 ， 男单 １６ 号 种子 、 捷克 选手 科达 赛 前 因 伤 退出 了 比赛 。

output:	美国网球 公开赛是 网球大满 贯四大赛 事中，最 后项进行 的公开赛 ，今年的 奖金总额 为９３６ 万美元。
refer:	美国 网球 公开赛 是 网球 大 满贯 四 大 赛事 中 ， 最后 项 进行 的 公开赛 ， 今年 的 奖金 总额 为 ９３６万 美元 。

output:	柏林田径大 奖赛结束 （详讯）
refer:	柏林 田径 大奖赛 结束 （ 详讯 ）

output:	新 华社柏林 ８月３０ 日电（记 者郭勇）
refer:	新华社 柏林 ８月 ３０日 电 （ 记者 郭勇 ）

output:	柏林田 径大奖赛 于当地时 间今晚在 柏林奥林 匹克体育 场举行。
refer:	柏林 田径 大奖赛 于 当地 时间 今晚 在 柏林 奥林匹克 体育场 举行 。

output:	英国著名 １１０米 栏选手杰 克逊、美 国跳远名 将鲍威尔 取得了大 奖赛１１ ０栏和跳 远的金牌 ，从而在 名叫“四 金”的四 站大奖赛 中保持全 胜，并分 享了价值 ２５万美 元的２０ 根金条。
refer:	英国 著名 １１０ 米 栏 选手 杰克逊 、 美国 跳远 名将 鲍威尔 取得 了 大奖赛 １１０ 栏 和 跳远 的 金牌 ， 从而 在 名 叫 “ 四 金 ” 的 四 站 大奖赛 中 保持 全胜 ， 并 分享 了 价值 ２５万 美元 的 ２０ 根 金条 。

output:	杰克逊保持 了他在本 赛季的不 败纪录， 以１３秒 ０２摘走 １１０米 栏金牌。
refer:	杰克逊 保持 了 他 在 本 赛季 的 不败 纪录 ， 以 １３ 秒 ０２ 摘走 １１０ 米 栏 金牌 。

output:	鲍威尔 则以８米 ２０的成 绩获得跳 远金牌。
refer:	鲍威尔 则 以 ８ 米 ２０ 的 成绩 获得 跳远 金牌 。

output:	鲍威尔 的老对手 刘易斯在 最后一刻 退出了跳 远比赛。
refer:	鲍威尔 的 老 对手 刘易斯 在 最后 一刻 退出 了 跳远 比赛 。

output:	杰克逊和 鲍威尔在 之前举行 的奥斯陆 、苏黎世 、布鲁塞 尔前三站 “四金” 大奖赛中 均获得了 各自项目 的冠军。
refer:	杰克逊 和 鲍威尔 在 之前 举行 的 奥斯陆 、 苏黎世 、 布鲁塞尔 前 三 站 “ 四 金 ” 大奖赛 中 均 获得 了 各自 项目 的 冠军 。

output:	英国百 米好手克 里斯蒂在 三天内两 度失利， 他在柏林 的男子百 米比赛中 仅获得第 三名，成 绩为１０ 秒０２。
refer:	英国 百 米 好手 克里斯蒂 在 三 天 内 两 度 失利 ， 他 在 柏林 的 男子 百 米 比赛 中 仅 获得 第三 名 ， 成绩 为 １０ 秒 ０２ 。

output:	美国选 手米切尔 、杜蒙德 分别以１ ０秒整和 １０秒０ １获得冠 、亚军。
refer:	美国 选手 米切尔 、 杜蒙德 分别 以 １０ 秒 整 和 １０ 秒 ０１ 获得 冠 、 亚军 。

output:	美国另一 名好手、 男子４０ ０米名将 米·约翰 逊以４４ 秒０４跑 出了该项 目本赛季 的世界最 好成绩。
refer:	美国 另 一 名 好手 、 男子 ４００ 米 名将 米·约翰逊 以 ４４ 秒 ０４ 跑出 了 该 项目 本 赛季 的 世界 最好 成绩 。

output:	在其他男 子项目中 ，布隆迪 选手维努 斯特·尼 扬加博获 １５００ 米第一名 ，成绩为 ３分３１ 秒１８。
refer:	在 其他 男子 项目 中 ， 布隆迪 选手 维努斯特·尼扬加博 获 １５００ 米 第一 名 ， 成绩 为 ３ 分 ３１ 秒 １８ 。

output:	在 ５０００ 米比赛中， 德国选手 迪特尔· 鲍曼以１ ３分１２ 秒４７获 得冠军。
refer:	在 ５０００ 米 比赛 中 ， 德国 选手 迪特尔·鲍曼 以 １３ 分 １２ 秒 ４７ 获得 冠军 。

output:	赞比亚的 萨姆埃尔 ·马泰特 获得４０ ０米栏第 一名，成 绩为４８ 秒２２。
refer:	赞比亚 的 萨姆埃尔·马泰特 获得 ４００ 米 栏 第一 名 ， 成绩 为 ４８ 秒 ２２ 。

output:	古巴 选手索托 马约尔与 巴哈马选 手特洛伊 ·肯普并 列跳高第 一名，成 绩均为２ 米３０。
refer:	古巴 选手 索托马约尔 与 巴哈马 选手 特洛伊·肯普 并列 跳高 第一 名 ， 成绩 均 为 ２ 米 ３０ 。

output:	在 ８月２８ 日提前举 行的链球 比赛中， 塔吉克斯 坦选手安 德烈·阿 布杜瓦利 耶夫以８ １米０４ 的成绩获 第一名。
refer:	在 ８月 ２８日 提前 举行 的 链球 比赛 中 ， 塔吉克斯坦 选手 安德烈·阿布杜瓦利耶夫 以 ８１ 米 ０４ 的 成绩 获 第一 名 。

output:	在女子项 目中，加 拿大选手 安吉拉· 查默斯获 １５００ 米第一名 ，成绩为 ４分０４ 秒３９。
refer:	在 女子 项目 中 ， 加拿大 选手 安吉拉·查默斯 获 １５００ 米 第一 名 ， 成绩 为 ４ 分 ０４ 秒 ３９ 。

output:	英国选手阿 利森·韦 思以１５ 分１０秒 ３８获得 ５０００ 米冠军。
refer:	英国 选手 阿利森·韦思 以 １５ 分 １０ 秒 ３８ 获得 ５０００ 米 冠军 。

output:	俄罗 斯选手尤 利娅·格 劳丁获１ ００米栏 金牌，成 绩为１２ 秒６２。
refer:	俄罗斯 选手 尤利娅·格劳丁 获 １００ 米 栏 金牌 ， 成绩 为 １２ 秒 ６２ 。

output:	德国名将 德雷克斯 勒获跳远 第一名， 成绩为６ 米９１。
refer:	德国 名将 德雷克斯勒 获 跳远 第一 名 ， 成绩 为 ６ 米 ９１ 。

output:	澳大利亚 选手丹尼 拉·科斯 蒂安获铁 饼第一名 ， 成 绩为６６ 米０６。
refer:	澳大利亚 选手 丹尼拉·科斯蒂安 获 铁饼 第一 名 ， 成绩 为 ６６ 米 ０６ 。

output:	在非大 奖赛项目 中，乌克 兰名将布 勃卡三次 冲击６米 １５的男 子撑杆跳 高世界纪 录未果， 仅以６米 ０５获得 第一名。
refer:	在 非 大奖赛 项目 中 ， 乌克兰 名将 布勃卡 三 次 冲击 ６ 米 １５ 的 男子 撑杆 跳高 世界 纪录 未果 ， 仅 以 ６ 米 ０５ 获得 第一 名 。

output:	俄罗斯 选手安德 烈·莫鲁 耶夫获男 子标枪第 一名，成 绩为８５ 米１８。
refer:	俄罗斯 选手 安德烈·莫鲁耶夫 获 男子 标枪 第一 名 ， 成绩 为 ８５ 米 １８ 。

output:	肯尼 亚选手威 尔逊·基 普克特获 男子８０ ０米冠军 ，成绩为 １分４３ 秒９５。
refer:	肯尼亚 选手 威尔逊·基普克特 获 男子 ８００ 米 冠军 ， 成绩 为 １ 分 ４３ 秒 ９５ 。

output:	肯尼亚选手 摩西·基 普塔努伊 以８分０ ９秒１６ 获得男子 ３０００ 米障碍赛 第一名。
refer:	肯尼亚 选手 摩西·基普塔努伊 以 ８ 分 ０９ 秒 １６ 获得 男子 ３０００ 米 障碍赛 第一 名 。

output:	杰克逊和鲍 威尔参加 的男子１ １０米栏 和跳远这 次也被列 入非大奖 赛项目。
refer:	杰克逊 和 鲍威尔 参加 的 男子 １１０ 米 栏 和 跳远 这 次 也 被 列入 非 大奖赛 项目 。

output:	全 国田径冠 军赛结束
refer:	全 国 田径 冠军赛 结束

output:	新华 社石家庄 ８月 ３１日 电（记者 景如月）
refer:	新华社 石家庄 ８月 ３１日 电 （ 记者 景如月 ）

output:	“奔腾” 杯全国田 径冠军赛 今天 上午 在河北省 唐山市体 育中心落 下帷幕。
refer:	“ 奔腾 ” 杯 全 国 田径 冠军赛 今天 上午 在 河北省 唐山市 体育 中心 落下 帷幕 。

output:	东道 主河北队 共夺得９ 枚金牌， 列金牌总 数第一。
refer:	东道主 河北队 共 夺得 ９ 枚 金牌 ， 列 金牌 总数 第一 。

output:	广东 队夺得６ 枚金牌， 列第二。
refer:	广东队 夺得 ６ 枚 金牌 ， 列 第二 。

output:	上海 和 四川队各 夺得４枚 金牌，名 列第三。
refer:	上海 和 四川队 各 夺得 ４ 枚 金牌 ， 名列 第三 。

output:	今天上午进 行了最后 １１个项 目的决赛 ，夺得第 一名的分 别为：陈 雁浩（男 子１１０ 米栏，上 海）、宁 志利（男 子１５０ ０米，上 海）、洪 波（男子 ５０００ 米，河南） 、毕宏勇 （男子跳 高，山东 ）、陈骏 麟（男子 标枪，福 建）、董 朝霞（女 子１００ ００米， 上海）、 隋新梅（ 女子铅球 ，上海） ，四项接 力项目的 金牌分别 被国家男 、女队， 广东男队 和河北女 队所获。
refer:	今天 上午 进行 了 最后 １１ 个 项目 的 决赛 ， 夺得 第一 名 的 分别 为 ： 陈雁浩 （ 男子 １１０ 米 栏 ， 上海 ） 、 宁志利 （ 男子 １５００ 米 ， 上海 ） 、 洪波 （ 男子 ５０００ 米 ， 河南 ） 、 毕宏勇 （ 男子 跳高 ， 山东 ） 、 陈骏麟 （ 男子 标枪 ， 福建 ） 、 董朝霞 （ 女子 １００００ 米 ， 上海 ） 、 隋新梅 （ 女子 铅球 ， 上海 ） ， 四 项 接力 项目 的 金牌 分别 被 国家 男 、 女 队 ， 广东 男队 和 河北 女队 所 获 。

output:	这次田径 冠军赛是 ８月 ２７日 上午开始 的 ， 来自全国 ３５个省 、市、自 治区、解 放军及行 业体协的 ５００多 名男女运 动员参加 了比赛， 角逐４２ 枚金牌。
refer:	这 次 田径 冠军赛 是 ８月 ２７日 上午 开始 的 ， 来自 全 国 ３５ 个 省 、 市 、 自治区 、 解放军 及 行业 体协 的 ５００多 名 男女 运动员 参加 了 比赛 ， 角逐 ４２ 枚 金牌 。

output:	由 于备战广 岛亚运会 ，我国大 部分田径 好手没有 报名参加 此次比赛 ，国家队 只有２１ 名选手在 短跑、接 力、跳高 、跳远、 铅球等项 目中露面 ， 辽宁省 女子中长 跑队也没 有前来。
refer:	由于 备战 广岛 亚运会 ， 我 国 大部分 田径 好手 没有 报名 参加 此 次 比赛 ， 国家队 只 有 ２１ 名 选手 在 短跑 、 接力 、 跳高 、 跳远 、 铅球 等 项目 中 露面 ， 辽宁省 女子 中长跑队 也 没有 前来 。

output:	加之许多队 在去年全 运会后进 行大调整 ，大批优 秀队员退 役，新手 刚刚接上 ，因而这 次比赛的 整体水平 不高，没 有出现优 异成绩。
refer:	加之 许多 队 在 去年 全运会 后 进行 大 调整 ， 大批 优秀 队员 退役 ， 新手 刚刚 接上 ， 因而 这 次 比赛 的 整体 水平 不 高 ， 没有 出现 优异 成绩 。

output:	但 令人满意 的是，这 次比赛涌 现了一批 十六七岁 的新秀， 年龄最小 的只有１ ４岁，其 中不乏希 望之星。
refer:	但 令 人 满意 的 是 ， 这 次 比赛 涌现 了 一 批 十六七 岁 的 新秀 ， 年龄 最 小 的 只 有 １４ 岁 ， 其中 不 乏 希望 之 星 。

output:	如 河北队１ ７岁的冯 婕在女子 跳远决赛 中跳出了 ６．５８ 米的好成 绩，夺得 该项目银 牌，打破 了全国少 年纪录。
refer:	如 河北队 １７ 岁 的 冯婕 在 女子 跳远 决赛 中 跳出 了 ６．５８ 米 的 好 成绩 ， 夺得 该 项目 银牌 ， 打破 了 全 国 少年 纪录 。

output:	行家认为冯 婕的体型 、弹跳等 条件较好 ，发展潜 力很大。
refer:	行家 认为 冯婕 的 体型 、 弹跳 等 条件 较 好 ， 发展 潜力 很 大 。

output:	已有４ ２个国家 和地区的 ２０７６ 人正式报 名参加远 南运动会
refer:	已 有 ４２ 个 国家 和 地区 的 ２０７６ 人 正式 报名 参加 远南 运动会

output:	新华社 北京 ９月 １日 电（记者 李贺普）
refer:	新华社 北京 ９月 １日 电 （ 记者 李贺普 ）

output:	第六届远东 及南太平 洋地区残 疾人运动 会组委会 今天 下午 在这里的 国际 会议 中心 举行 新闻 发布会 ， 新闻 发言人 吴重远向 中外 记者 宣布：运 动会的各 项准备工 作就绪。
refer:	第六 届 远东 及 南 太平洋 地区 残疾人 运动会 组委会 今天 下午 在 这里 的 国际 会议 中心 举行 新闻 发布会 ， 新闻 发言人 吴重远 向 中外 记者 宣布 ： 运动会 的 各 项 准备 工作 就绪 。

output:	他 说 ，这届运 动会将是 一次规模 空前、充 分体现“ 平等、参 与、友谊 、进步” 宗旨的体 坛盛会。
refer:	他 说 ， 这 届 运动会 将 是 一 次 规模 空前 、 充分 体现 “ 平等 、 参与 、 友谊 、 进步 ” 宗旨 的 体坛 盛会 。

output:	截止 今天的统 计，正式 报名参加 本届运动 会的共有 ４２个国 家和地区 的２０７ ６人，其 中运动员 １４２３ 名；报名 采访运动 会的新闻 记者有１ ３６０人 ， 其中 境外记者 ９８名。
refer:	截止 今天 的 统计 ， 正式 报名 参加 本 届 运动会 的 共 有 ４２ 个 国家 和 地区 的 ２０７６ 人 ， 其中 运动员 １４２３ 名 ； 报名 采访 运动会 的 新闻 记者 有 １３６０ 人 ， 其中 境外 记者 ９８ 名 。

output:	有 ４００ 多名海外 客人届时 将前来观 光、考察 ， 其中 包括下一 届远南运 动会东道 主泰国曼 谷考察团 ， １９９６年 美国 亚特兰大 残疾人奥 运会考察 团，１９ ９６年长 野冬季残 疾人奥运 会考察团 ， １９９５年 美国特 殊奥运会 考察团。
refer:	有 ４００多 名 海外 客人 届时 将 前来 观光 、 考察 ， 其中 包括 下 一 届 远南 运动会 东道主 泰国 曼谷 考察团 ， １９９６年 美国 亚特兰大 残疾人 奥运会 考察团 ， １９９６年 长野 冬季 残疾人 奥运会 考察团 ， １９９５年 美国 特殊 奥运会 考察团 。

output:	本 届运动会 期间，还 将举行远 南联合会 代表 大会 、执委会 、技术和 医学委员 会会议。
refer:	本 届 运动会 期间 ， 还 将 举行 远南 联合会 代表 大会 、 执委会 、 技术 和 医学 委员会 会议 。

output:	２００多 名中外记 者出席了 今天的新 闻发布。
refer:	２００多 名 中外 记者 出席 了 今天 的 新闻 发布 。

output:	组委会 新闻 发言人 还 向 记者 介绍 了 中国体育 代表团自 ８月 ２５日 进驻运动 员村后的 训练和生 活情况。
refer:	组委会 新闻 发言人 还 向 记者 介绍 了 中国 体育 代表团 自 ８月 ２５日 进驻 运动员村 后 的 训练 和 生活 情况 。

output:	连日 来，北京 及全地各 地为迎接 远南运动 会的召开 举办了一 系列丰富 多彩的宣 传活动。
refer:	连日来 ， 北京 及 全 地 各 地 为 迎接 远南 运动会 的 召开 举办 了 一 系列 丰富多彩 的 宣传 活动 。

output:	整 个 北京城洋 溢着热烈 气氛，市 容面貌焕 然一新， 大街小巷 彩旗飘扬 ，北京市 民热切地 盼望远南 运动会隆 重开幕。
refer:	整 个 北京城 洋溢 着 热烈 气氛 ， 市容 面貌 焕然一新 ， 大街小巷 彩旗 飘扬 ， 北京 市民 热切 地 盼望 远南 运动会 隆重 开幕 。

output:	参加北京远 南运动会 的日本代 表团举行 誓师大会
refer:	参加 北京 远南 运动会 的 日本 代表团 举行 誓师 大会

output:	新华社 东京 ９月 １日 电（记者 俞宜国）
refer:	新华社 东京 ９月 １日 电 （ 记者 俞宜国 ）

output:	参加第六 届远东及 南太平洋 地区残疾 人运动会 的日本代 表团，今 天下午在 东京 举行 隆重的誓 师大会。
refer:	参加 第六 届 远东 及 南 太平洋 地区 残疾人 运动会 的 日本 代表团 ， 今天 下午 在 东京 举行 隆重 的 誓师 大会 。

output:	主席台 上挂着日 本国旗。
refer:	主席台 上 挂 着 日本 国旗 。

output:	运动员 、教练员 、医生、 护士和代 表团官员 整齐地坐 在台下。
refer:	运动员 、 教练员 、 医生 、 护士 和 代表团 官员 整齐 地 坐 在 台下 。

output:	会场 上洋溢着 自信进取 的气氛。
refer:	会场 上 洋溢 着 自信 进取 的 气氛 。

output:	日本厚生 政务次官 狩野胜向 代表团发 表了“壮 行辞”。
refer:	日本 厚生 政务次官 狩野胜 向 代表团 发表 了 “ 壮行辞 ” 。

output:	狩野说 ，远南运 动会是世 界瞩目的 国际体育 比赛，而 此次在北 京举行的 运动会是 迄今规模 最大的。
refer:	狩野 说 ， 远南 运动会 是 世界 瞩目 的 国际 体育 比赛 ， 而 此 次 在 北京 举行 的 运动会 是 迄今 规模 最 大 的 。

output:	他 希望全体 运动员“ 充分 发挥 平日培育 起来的力 量和技巧 ，作为代 表日本的 选手，与 各国运动 员堂堂正 正地展开 竞赛”。
refer:	他 希望 全体 运动员 “ 充分 发挥 平日 培育 起来 的 力量 和 技巧 ， 作为 代表 日本 的 选手 ， 与 各 国 运动员 堂堂正正 地 展开 竞赛 ” 。

output:	狩野强调， 日本代表 队要借参 加北京远 南运动会 的机会， “加深同 各国运动 员的友谊 ，扩大国 际亲善的 范围”。
refer:	狩野 强调 ， 日本 代表队 要 借 参加 北京 远南 运动会 的 机会 ， “ 加深 同 各 国 运动员 的 友谊 ， 扩大 国际 亲善 的 范围 ” 。

output:	狩野把 日本代表 团的团旗 授给了团 长、东京 都残疾人 综合体育 中心 主任 伴敏彦。
refer:	狩野 把 日本 代表团 的 团旗 授给 了 团长 、 东京都 残疾人 综合 体育 中心 主任 伴敏彦 。

output:	记者从这个 紧凑的、 秩序井然 的、热烈 而又壮严 的誓师会 上感觉到 ，日本残 疾人运动 队是一支 训练有素 的、有纪 律的、有 拚搏精神 的队伍。
refer:	记者 从 这 个 紧凑 的 、 秩序 井然 的 、 热烈 而 又 壮严 的 誓师会 上 感觉 到 ， 日本 残疾人 运动队 是 一 支 训练有素 的 、 有 纪律 的 、 有 拚搏 精神 的 队伍 。

output:	日本 代表团将 于２日飞 赴北京。
refer:	日本 代表团 将 于 ２日 飞赴 北京 。

output:	运动会闭 幕后，他 们将在北 京继续逗 留两天， 同中国有 关方面开 展交流活 动并参观 游览，于 １３日返 回日本。
refer:	运动会 闭幕 后 ， 他们 将 在 北京 继续 逗留 两 天 ， 同 中国 有关 方面 开展 交流 活动 并 参观 游览 ， 于 １３日 返回 日本 。

output:	改稿 （一）Ｙ
refer:	改稿 （ 一 ） Ｙ

output:	今播“蒙 古残疾人 运动员备 战‘远南 ’运动会 ”稿，三 段末“体 育协会会 长拉哈格 瓦苏”改 为“体育 协会 会长 拉哈格瓦 苏伦”。
refer:	今 播 “ 蒙古 残疾人 运动员 备战 ‘ 远南 ’ 运动会 ” 稿 ， 三 段 末 “ 体育 协会 会长 拉哈格瓦苏 ” 改为 “ 体育 协会 会长 拉哈格瓦苏伦 ” 。

output:	中国武 道太学和 中国书道 太学成立
refer:	中国 武道 太学 和 中国 书道 太学 成立

output:	旨在振兴中 华文化于 国际的中 国武道太 学和中国 书道太学 今天在北 京成立。
refer:	旨 在 振兴 中华 文化 于 国际 的 中国 武道 太学 和 中国 书道 太学 今天 在 北京 成立 。

output:	上述两所 太学是在 国家体委 、文化部 、中国武 术研究院 、中国艺 术研究院 的关杯和 支持下， 在台湾著 名企业家 、书画家 、艺术品 收藏家李 志仁先生 倡议和出 资下，经 国家教委 和北京市 成人教育 局批准而 成立的。
refer:	上述 两 所 太学 是 在 国家 体委 、 文化部 、 中国 武术 研究院 、 中国 艺术 研究院 的 关杯 和 支持 下 ， 在 台湾 著名 企业家 、 书画家 、 艺术品 收藏家 李志仁 先生 倡议 和 出资 下 ， 经 国家 教委 和 北京市 成人 教育局 批准 而 成立 的 。

output:	李志 仁先生在 台湾有“ 笔墨大王 ”之称， 近几年先 后出资一 千万元新 台币，在 中国 大陆 老、少、 边、穷地 区建立了 百所小学 ，受到海 内外人士 的称赞。
refer:	李志仁 先生 在 台湾 有 “ 笔 墨 大王 ” 之 称 ， 近 几 年 先后 出资 一千万 元 新台币 ， 在 中国 大陆 老 、 少 、 边 、 穷 地区 建立 了 百 所 小学 ， 受到 海内外 人士 的 称赞 。

output:	郭龙臣再 破自行车 全国纪录
refer:	郭龙臣 再 破 自行车 全 国 纪录

output:	新华 社昌平９ 月１日电
refer:	新华社 昌平 ９月 １日 电

output:	全国赛 车场自行 车锦标赛 今天进入 第二天。
refer:	全 国 赛车场 自行车 锦标赛 今天 进入 第二 天 。

output:	辽宁队的 郭龙臣在 ４公里个 人追逐赛 的决赛中 ，以４分 ４４秒８ ２，再破 全国纪录 ，并夺得 这个项目 的金牌。
refer:	辽宁队 的 郭龙臣 在 ４ 公里 个人 追逐赛 的 决赛 中 ， 以 ４ 分 ４４ 秒 ８２ ， 再 破 全 国 纪录 ， 并 夺得 这 个 项目 的 金牌 。

output:	郭龙臣昨天 在这个项 目的资格 赛中以４ 分４６秒 ７７的成 绩打破了 他本人在 七运会上 创造的４ 分４９秒 ７０的全 国纪录。
refer:	郭龙臣 昨天 在 这 个 项目 的 资格赛 中 以 ４ 分 ４６ 秒 ７７ 的 成绩 打破 了 他 本人 在 七运会 上 创造 的 ４ 分 ４９ 秒 ７０ 的 全 国 纪录 。

output:	北京队 汤学忠和 辽宁队的 潘广春分 获这个项 目的第二 、三名。
refer:	北京队 汤学忠 和 辽宁队 的 潘广春 分 获 这 个 项目 的 第二 、 三 名 。

output:	在女子 ３公里个 人追逐赛 决赛中， 河北队的 郭杏红以 ３分５７ 秒６６５ 的成绩夺 得金牌。
refer:	在 女子 ３ 公里 个人 追逐赛 决赛 中 ， 河北队 的 郭杏红 以 ３ 分 ５７ 秒 ６６５ 的 成绩 夺得 金牌 。

output:	吉林队赵海 娟和河南 队马惠珍 分获第二 、三名。
refer:	吉林队 赵海娟 和 河南队 马惠珍 分 获 第二 、 三 名 。

output:	（杨 桂林常新 华（完）
refer:	（ 杨桂林 常新华 （ 完 ）

output:	首 届中韩围 棋对抗赛
refer:	首 届 中 韩 围棋 对抗赛

output:	新 华社汉城 ８月 ３１日 电（记者 汤水富）
refer:	新华社 汉城 ８月 ３１日 电 （ 记者 汤水富 ）

output:	首届“ 乐天杯” 中韩围棋 对抗赛今 天在韩国 第二大城 市釜山拉 开帷幕。
refer:	首 届 “ 乐天杯 ” 中 韩 围棋 对抗赛 今天 在 韩国 第二 大 城市 釜山 拉开 帷幕 。

output:	中国 队在第一 场比赛中 以４：３ 战胜了实 力较强的 韩国队。
refer:	中国队 在 第一 场 比赛 中 以 ４ ： ３ 战胜 了 实力 较 强 的 韩国队 。

output:	在 今天的比 赛中，双 方各有７ 名棋手进 行角逐。
refer:	在 今天 的 比赛 中 ， 双方 各 有 ７ 名 棋手 进行 角逐 。

output:	中国队的 聂卫平九 段、刘小 光九段、 常昊六段 和曹大元 九段分别 战胜韩国 队的崔（ 圭加王旁 ）（丙加 日旁）六 段、张秀 英九段、 徐奉洙九 段和林宣 根八段。
refer:	中国队 的 聂卫平 九 段 、 刘小光 九 段 、 常昊 六 段 和 曹大元 九 段 分别 战胜 韩国队 的 崔（圭加王旁）（丙加日旁） 六 段 、 张秀英 九 段 、 徐奉洙 九 段 和 林宣根 八 段 。

output:	其中聂 卫平、刘 小光和常 昊均在中 盘取胜。
refer:	其中 聂卫平 、 刘小光 和 常昊 均 在 中盘 取胜 。

output:	曹大元以七 目半的优 势获胜。
refer:	曹大元 以 七 目 半 的 优势 获胜 。

output:	韩国队 的曹薰铉 九段、李 昌镐七段 和刘昌赫 六段分别 战胜了中 国队的刘 菁五段、 马晓春九 段和汪见 虹七段。
refer:	韩国队 的 曹薰铉 九 段 、 李昌镐 七 段 和 刘昌赫 六 段 分别 战胜 了 中国队 的 刘菁 五 段 、 马晓春 九 段 和 汪见虹 七 段 。

output:	其中曹 薰铉在中 盘取胜。
refer:	其中 曹薰铉 在 中盘 取胜 。

output:	李昌镐 和刘昌赫 分别以六 目半和七 目半的优 势获胜。
refer:	李昌镐 和 刘昌赫 分别 以 六 目 半 和 七 目 半 的 优势 获胜 。

output:	中国 代表团 团长 王汝南在 接受 记者 的电话采 访时介绍 ，从整体 来说，韩 国队的实 力要强于 中国队。
refer:	中国 代表团 团长 王汝南 在 接受 记者 的 电话 采访 时 介绍 ， 从 整体 来 说 ， 韩国队 的 实力 要 强于 中国队 。

output:	但 今天 中国队发 挥较好， 因此获得 了胜利。
refer:	但 今天 中国队 发挥 较 好 ， 因此 获得 了 胜利 。

output:	我 国 的小将常 昊今天表 现尤为出 色，在中 盘击败了 韩国队的 徐奉洙。
refer:	我 国 的 小将 常昊 今天 表现 尤为 出色 ， 在 中盘 击败 了 韩国队 的 徐奉洙 。

output:	徐奉 洙曾在国 际比赛中 多次获得 过冠军。
refer:	徐奉洙 曾 在 国际 比赛 中 多 次 获得 过 冠军 。

output:	以前 他与中国 棋手下过 九盘，全 都获胜。
refer:	以前 他 与 中国 棋手 下 过 九 盘 ， 全 都 获胜 。

output:	中 韩两国围 棋队将于 ９月 １日 移师汉城 ，２日在 乐天饭店 举行第二 场比赛。
refer:	中 韩 两 国 围棋队 将 于 ９月 １日 移师 汉城 ， ２日 在 乐天 饭店 举行 第二 场 比赛 。

output:	根据双方商 定的规则 ，如果两 队以７： ７战平， 那么最后 要看中国 队的聂卫 平和韩国 队的曹薰 铉的比赛 结果来决 定胜负。
refer:	根据 双方 商定 的 规则 ， 如果 两 队 以 ７ ： ７ 战平 ， 那么 最后 要 看 中国队 的 聂卫平 和 韩国队 的 曹薰铉 的 比赛 结果 来 决定 胜负 。

output:	本 届 比赛奖金 为１０万 美元，获 胜的队可 得到７万 美元，而 失利的队 可获得３ 万美元。
refer:	本 届 比赛 奖金 为 １０万 美元 ， 获胜 的 队 可 得到 ７万 美元 ， 而 失利 的 队 可 获得 ３万 美元 。

output:	３１ 个国家和 地区的代 表团抵京
refer:	３１ 个 国家 和 地区 的 代表团 抵 京

output:	记者李贺 普从第六 届远东及 南太平洋 地区残疾 人运动会 组委会外 联部获悉 ：截止今 晚，参加 本届运动 会的３１ 个国家和 地区的代 表团已抵 达北京， 并进驻运 动员村。
refer:	记者 李贺普 从 第六 届 远东 及 南太平洋 地区 残疾人 运动会 组委会 外联部 获悉 ： 截止 今晚 ， 参加 本 届 运动会 的 ３１ 个 国家 和 地区 的 代表团 已 抵达 北京 ， 并 进驻 运动员村 。

output:	这些 国家 和 地区 是：澳大 利亚、文 莱、中国 台北、斐 济、香港 、印度、 印度尼西亚 、 基里巴斯 、韩国、 老挝、澳 门、马来 西亚、马 尔代夫、 缅甸、瑙 鲁、新喀 里多尼亚 、新西兰 、纽埃、 巴基斯坦 、 巴布亚新几内亚 、 菲律宾 、 新加坡 、 所罗门群 岛、斯里 兰卡、泰 国、汤加 、土库曼 斯坦、瓦 努阿图、 越南、瓦 利斯和富 图纳、西 萨摩亚。
refer:	这些 国家 和 地区 是 ： 澳大利亚 、 文莱 、 中国 台北 、 斐济 、 香港 、 印度 、 印度尼西亚 、 基里巴斯 、 韩国 、 老挝 、 澳门 、 马来西亚 、 马尔代夫 、 缅甸 、 瑙鲁 、 新喀里多尼亚 、 新西兰 、 纽埃 、 巴基斯坦 、 巴布亚新几内亚 、 菲律宾 、 新加坡 、 所罗门群岛 、 斯里兰卡 、 泰国 、 汤加 、 土库曼斯坦 、 瓦努阿图 、 越南 、 瓦利斯 和 富图纳 、 西萨摩亚 。

output:	东道主中 国体育代 表团已于 ８月２５ 日进驻运 动员村。
refer:	东道主 中国 体育 代表团 已 于 ８月 ２５日 进驻 运动员村 。

output:	据 了解 ，这些代 表团在首 都机场、 注册制证 中心和运 动村，都 受到了志 愿人员的 热情周到 的接待， 从出关到 进驻运动 员村均十 分顺利。
refer:	据 了解 ， 这些 代表团 在 首都 机场 、 注册 制证 中心 和 运动村 ， 都 受到 了 志愿 人员 的 热情 周到 的 接待 ， 从 出关 到 进驻 运动员村 均 十分 顺利 。

output:	兰卫、陈 晟获男子 １米跳板 复赛资格
refer:	兰卫 、 陈晟 获 男子 １ 米 跳板 复赛 资格

output:	新 华社罗马 ９月 １日 电（杨爱 国黄昌瑞
refer:	新华社 罗马 ９月 １日 电 （ 杨爱国 黄昌瑞

output:	第七届世 界游泳锦 标赛男子 １米跳板 预赛今天 上午在这 里举行。
refer:	第七 届 世界 游泳 锦标赛 男子 １ 米 跳板 预赛 今天 上午 在 这里 举行 。

output:	中国选 手兰卫和 陈晟双双 获得了复 赛资格。
refer:	中国 选手 兰卫 和 陈晟 双双 获得 了 复赛 资格 。

output:	在预赛中 ，来自广 东、今年 ２６岁的 兰卫身手 不凡，以 总成绩３ ５５·３ ５分居领 先地位。
refer:	在 预赛 中 ， 来自 广东 、 今年 ２６ 岁 的 兰卫 身手不凡 ， 以 总 成绩 ３５５·３５ 分 居 领先 地位 。

output:	来自 湖北的选 手、今年 １９岁的 陈晟暂居 第六位， 总成绩为 ３４２· ６０分。
refer:	来自 湖北 的 选手 、 今年 １９ 岁 的 陈晟 暂 居 第六 位 ， 总 成绩 为 ３４２·６０ 分 。

output:	暂居第二位 的选手是 德国运动 员鲍·利 佐，总成 绩为３５ ５·０２ 分，略低 于兰卫。
refer:	暂 居 第二 位 的 选手 是 德国 运动员 鲍·利佐 ， 总 成绩 为 ３５５·０２ 分 ， 略 低于 兰卫 。

output:	暂居第三位 的津巴布 韦选手斯 ·埃万的 总成绩为 ３５４· ３９分。
refer:	暂 居 第三 位 的 津巴布韦 选手 斯·埃万 的 总 成绩 为 ３５４·３９ 分 。

output:	赛后，中 国跳水队 总教练徐 益明对本 社记者说 ：“陈晟 今天有些 紧张。”
refer:	赛 后 ， 中国 跳水队 总教练 徐益明 对 本 社 记者 说 ： “ 陈晟 今天 有些 紧张 。 ”

output:	他 还 说：”我 们的运动 员对在强 阳光下进 行比赛不 太适应。
refer:	他 还 说 ： ” 我们 的 运动员 对 在 强 阳光 下 进行 比赛 不 太 适应 。

output:	在 国内 他们 进行 室内训练 比较多。
refer:	在 国内 他们 进行 室内 训练 比较 多 。

output:	看来，还要 多在室外 训练。”
refer:	看来 ， 还 要 多 在 室外 训练 。 ”

output:	他认 为，这次 比赛我国 参赛的新 选手多。
refer:	他 认为 ， 这 次 比赛 我 国 参赛 的 新 选手 多 。

output:	他 们还缺乏 国际比赛 的经验。
refer:	他们 还 缺乏 国际 比赛 的 经验 。

output:	女子跳水 １０米跳 台预赛将 在今天下 午举行。
refer:	女子 跳水 １０ 米 跳台 预赛 将 在 今天 下午 举行 。

output:	我 国 曾获世界 锦标赛冠 军和奥运 会冠军的 湖北选手 伏明霞和 曾获世界 杯冠军的 河北选手 池彬将参 加比赛。
refer:	我 国 曾 获 世界 锦标赛 冠军 和 奥运会 冠军 的 湖北 选手 伏明霞 和 曾 获 世界杯 冠军 的 河北 选手 池彬 将 参加 比赛 。

output:	伏明霞和 池彬进入 复赛在望
refer:	伏明霞 和 池彬 进入 复赛 在望

output:	新华社罗 马９月１ 日电（记 者黄昌瑞 杨爱国）
refer:	新华社 罗马 ９月 １日 电 （ 记者 黄昌瑞 杨爱国 ）

output:	中国 跳水队女 选手伏明 霞和池彬 今天 下午 在 这里 举行 的第七届 世界 游泳 锦标赛 女子 １０米跳 台预赛前 ６轮的比 赛中成绩 理想，进 入复赛已 经在望。
refer:	中国 跳水队 女 选手 伏明霞 和 池彬 今天 下午 在 这里 举行 的 第七 届 世界 游泳 锦标赛 女子 １０ 米 跳台 预赛 前 ６ 轮 的 比赛 中 成绩 理想 ， 进入 复赛 已经 在望 。

output:	截止记 者发稿时 ，在前６ 轮的角逐 中，伏明 霞和池彬 分别以总 分３３９ ·１２和 ２９０· １９分暂 时居第一 、第三名 的位置。
refer:	截止 记者 发稿 时 ， 在 前 ６ 轮 的 角逐 中 ， 伏明霞 和 池彬 分别 以 总分 ３３９·１２ 和 ２９０·１９ 分 暂时 居 第一 、 第三 名 的 位置 。

output:	若不 出现意外 ，她们进 入复赛已 经在望。
refer:	若 不 出现 意外 ， 她们 进入 复赛 已经 在望 。

output:	居第 二位的是 美国选手 里查德。
refer:	居 第二 位 的 是 美国 选手 里查德 。

output:	她 的成绩是 ３０３· ００分。
refer:	她 的 成绩 是 ３０３·００ 分 。

output:	在今天上 午的男子 １米跳板 预赛中， 我国选手 兰卫和陈 晟已取得 复赛权。
refer:	在 今天 上午 的 男子 １ 米 跳板 预赛 中 ， 我 国 选手 兰卫 和 陈晟 已 取得 复赛权 。

output:	今天的女 子水球预 赛的成绩 是：匈牙 利队以１ ３：７胜 加拿大队 ，法国队 以１０： ９胜巴西 队，澳大 利亚队以 １０：８ 胜德国队 ， 俄罗斯 队以７： ６胜荷兰 队，美国 队以１０ ： ５胜哈萨 克斯坦队 ，意大利 队以１２ ：２胜新 西兰队。
refer:	今天 的 女子 水球 预赛 的 成绩 是 ： 匈牙利队 以 １３ ： ７ 胜 加拿大队 ， 法国队 以 １０ ： ９ 胜 巴西队 ， 澳大利亚队 以 １０ ： ８ 胜 德国队 ， 俄罗斯队 以 ７ ： ６ 胜 荷兰队 ， 美国队 以 １０ ： ５ 胜 哈萨克斯坦队 ， 意大利队 以 １２ ： ２ 胜 新西兰队 。

output:	参赛的 共有１２ 支球队。
refer:	参赛 的 共 有 １２ 支 球队 。

output:	中 美在沪签 订高科技 合作 协议
refer:	中 美 在 沪 签订 高 科技 合作 协议

output:	新华社 上海 八月 三十一日 电（记者 白国良、 夏儒阁 ）
refer:	新华社 上海 八月 三十一日 电 （ 记者 白国良 、 夏儒阁 ）

output:	“ 中 美合作高 科技 项目 签字 仪式 ”今天在 上海 举行 。
refer:	“ 中 美 合作 高 科技 项目 签字 仪式 ” 今天 在 上海 举行 。

output:	上午 在 这里签字 的是知识 信息 网络 通讯技术 和脱氧核 糖核酸生 物技术两 个项目， 同时还签 订了语言 教学交流 合作 协议 。
refer:	上午 在 这里 签字 的 是 知识 信息 网络 通讯 技术 和 脱氧核糖核酸 生物 技术 两 个 项目 ， 同时 还 签订 了 语言 教学 交流 合作 协议 。

output:	这 三个项目 是分别由 国务院 发展 研究 中心 国际技术 经济 研究所 上海 分所和上 海市浦东 继续教育 中心 ， 与美国知 识信息网 络公司、 世界学习 组织、海 赛克公司 签订的。
refer:	这 三 个 项目 是 分别 由 国务院 发展 研究 中心 国际 技术 经济 研究所 上海 分所 和 上海市 浦东 继续 教育 中心 ， 与 美国 知识 信息 网络 公司 、 世界 学习 组织 、 海赛克 公司 签订 的 。

output:	知识信息 网络公司 主席ＣＥ 麦奈特在 签字 仪式 上说，中 美合作高 科技 项目 的签订， 具有 重要 的意义。
refer:	知识 信息 网络 公司 主席 ＣＥ麦奈特 在 签字 仪式 上 说 ， 中 美 合作 高 科技 项目 的 签订 ， 具有 重要 的 意义 。

output:	他还期望 美中之间 建立电子 高速信息 公路，使 纽约股票 交易所与 上海 证券 交易所能 早日 实现 交易及信 息交流。
refer:	他 还 期望 美 中 之间 建立 电子 高速 信息 公路 ， 使 纽约 股票 交易所 与 上海 证券 交易所 能 早日 实现 交易 及 信息 交流 。

output:	世界学 习组织董 事长朱迪 ·梅罗希 望在今年 底与上海 建立一个 合资的教 育机构。
refer:	世界 学习 组织 董事长 朱迪·梅罗 希望 在 今年 底 与 上海 建立 一 个 合资 的 教育 机构 。

output:	据美方 人员说， 今天签订 的三个项 目，得到 前来上海 的美国商 务部长布 朗的关心 与支持。
refer:	据 美方 人员 说 ， 今天 签订 的 三 个 项目 ， 得到 前来 上海 的 美国 商务 部长 布朗 的 关心 与 支持 。

output:	中国将于 十二月举 办“华夏 艺术节”
refer:	中国 将 于 十二月 举办 “ 华夏 艺术节 ”

output:	新华社 北京 九月 一日 电（记者 高建新）
refer:	新华社 北京 九月 一日 电 （ 记者 高建新 ）

output:	为 加强海内外 炎黄子孙 的文化交 流和联系 ，中国将 于今年十 二月八日 到十八日 在北京和 深圳两地 同时举办 “华夏艺 术节”。
refer:	为 加强 海内外 炎黄子孙 的 文化 交流 和 联系 ， 中国 将 于 今年 十二月 八日 到 十八日 在 北京 和 深圳 两 地 同时 举办 “ 华夏 艺术节 ” 。

output:	这 是一次由 人民团体 、政府文 化部门和 企业联手 举办的艺 术盛会。
refer:	这 是 一 次 由 人民 团体 、 政府 文化 部门 和 企业 联手 举办 的 艺术 盛会 。

output:	其宗 旨是，以 中华 民族 传统文化 为纽带， 联系和团 结海内外 同胞，弘 扬民族文 化，展示 祖国优秀 艺术的魅 力，展示 华侨、华 人艺术家 在艺术领 域和世界 文化交流 中的成就 和风采。
refer:	其 宗旨 是 ， 以 中华 民族 传统 文化 为 纽带 ， 联系 和 团结 海内外 同胞 ， 弘扬 民族 文化 ， 展示 祖国 优秀 艺术 的 魅力 ， 展示 华侨 、 华人 艺术家 在 艺术 领域 和 世界 文化 交流 中 的 成就 和 风采 。

output:	艺术 节的内容 主要 包括 隆重的开 幕式和闭 幕式，各 具特色的 大型文艺 表演以及 美术、摄 影展览。
refer:	艺术节 的 内容 主要 包括 隆重 的 开幕式 和 闭幕式 ， 各 具 特色 的 大型 文艺 表演 以及 美术 、 摄影 展览 。

output:	据 介绍，十 二月八日 在深圳体 育馆开幕 的艺术节 ，将集中 展示二十 世纪广为 流传的中 华民族艺 术精品。
refer:	据 介绍 ， 十二月 八日 在 深圳 体育馆 开幕 的 艺术节 ， 将 集中 展示 二十 世纪 广为 流传 的 中华 民族 艺术 精品 。

output:	从 十二月 九日 开始，每 晚都将在 深圳大剧 院或深圳 体育馆演 出一台高 水平的节 目，分别 上演芭蕾 舞、相声 小品、京 剧折子戏 和 海外 华人艺术 家、艺术 团表演的 节目等。
refer:	从 十二月 九日 开始 ， 每 晚 都 将 在 深圳 大 剧院 或 深圳 体育馆 演出 一 台 高 水平 的 节目 ， 分别 上演 芭蕾舞 、 相声 小品 、 京剧 折子戏 和 海外 华人 艺术家 、 艺术团 表演 的 节目 等 。

output:	艺术 节期间， 将在北京 举办传统 绘画临摹 大奖赛及 作品展览 和《华夏 之光》世 界华侨华 人摄影艺 术展览。
refer:	艺术节 期间 ， 将 在 北京 举办 传统 绘画 临摹 大奖赛 及 作品 展览 和 《 华夏 之 光 》 世界 华侨 华人 摄影 艺术 展览 。

output:	这次艺术 节由中华 全国归国 华侨联合 会与文化 部、中央 电视台、 深圳市文 化局及中 国华侨国 际文化交 流促进会 等单位联 合主办。
refer:	这 次 艺术节 由 中华 全 国 归国 华侨 联合会 与 文化部 、 中央 电视台 、 深圳市 文化局 及 中国 华侨 国际 文化 交流 促进会 等 单位 联合 主办 。

output:	江泽民 李鹏电唁 尼克松 逝世
refer:	江泽民 李鹏 电唁 尼克松 逝世

output:	新华社 北京４月 ２３日 电
refer:	新华社 北京 ４月 ２３日 电

output:	中华 人民 共和国 主席 江泽民 和 国务院 总理李鹏 ２３日 电 唁美国前 总统理查 德·尼克 松逝世。
refer:	中华 人民 共和国 主席 江泽民 和 国务院 总理 李鹏 ２３日 电唁 美国 前 总统 理查德·尼克松 逝世 。

output:	电文全 文如下：
refer:	电文 全 文 如下 ：

output:	惊悉理查德 ·尼克松 先生不幸 病逝，谨 表示深切 的哀悼。
refer:	惊悉 理查德·尼克松 先生 不幸 病逝 ， 谨 表示 深切 的 哀悼 。

output:	尼克松先 生是一位 具有战略 远见和政 治勇气的 政治家。
refer:	尼克松 先生 是 一 位 具有 战略 远见 和 政治 勇气 的 政治家 。

output:	他在担 任美国总 统期间， 同已故的 毛泽东主 席和周恩 来总理一 起打开了 中美关系 的大门， 开辟了两 国关系的 新局面。
refer:	他 在 担任 美国 总统 期间 ， 同 已故 的 毛泽东 主席 和 周恩来 总理 一起 打开 了 中 美 关系 的 大 门 ， 开辟 了 两 国 关系 的 新 局面 。

output:	卸任后， 尼克松 先生 继续关心 中美关系 ， 为 维护和发 展两国关 系作出了 重要 贡献 。
refer:	卸任 后 ， 尼克松 先生 继续 关心 中 美 关系 ， 为 维护 和 发展 两 国 关系 作出 了 重要 贡献 。

output:	我们 深 信，在中 美双方的 共同 努力 下，尼克 松先生生 前所关心 的中美关 系一定会 得到 进一步 改善 和发展。
refer:	我们 深信 ， 在 中 美 双方 的 共同 努力 下 ， 尼克松 先生 生前 所 关心 的 中 美 关系 一定 会 得到 进一步 改善 和 发展 。

output:	谨向 尼克松先 生的家属 致以亲切 的慰问。
refer:	谨 向 尼克松 先生 的 家属 致以 亲切 的 慰问 。

output:	费孝通 被授予麦 格赛赛奖
refer:	费孝通 被 授予 麦格赛赛 奖

output:	新华 社马尼拉 ８月 ３１日 电（记者 熊昌义）
refer:	新华社 马尼拉 ８月 ３１日 电 （ 记者 熊昌义 ）

output:	中 国著名社 会学家、 全国人大 常委会 副委员长 费孝通 博士今天 下午在这 里被授予 １９９４年 麦格赛赛 “社区领 袖”奖。
refer:	中国 著名 社会学家 、 全 国 人大 常委会 副委员长 费孝通 博士 今天 下午 在 这里 被 授予 １９９４年 麦格赛赛 “ 社区 领袖 ” 奖 。

output:	颁奖仪式在 菲律宾文 化中心隆 重举行。
refer:	颁奖 仪式 在 菲律宾 文化 中心 隆重 举行 。

output:	菲律宾总统 拉莫斯出 席了颁奖 仪式并向 荣获今年 麦格赛赛 奖的６名 杰出人士 颁发了奖 章、奖金 和证书。
refer:	菲律宾 总统 拉莫斯 出席 了 颁奖 仪式 并 向 荣获 今年 麦格赛赛 奖 的 ６ 名 杰出 人士 颁发 了 奖章 、 奖金 和 证书 。

output:	费孝通在致 答谢辞时 说，“我 决不辜负 友好 邻邦 给我的鼓 励，不论 今后我还 能有多少 年月可以 供我支配 ，我一定 要兢兢业 业地利用 每一刻时 间，尽力 做一些对 亚洲人民 ，乃至全 世界 人民 有益的好 事，使人 类所积累 的知识能 发生推动 社会向更 美好的社 会发展的 作用”。
refer:	费孝通 在 致 答谢辞 时 说 ， “ 我 决 不 辜负 友好 邻邦 给 我 的 鼓励 ， 不论 今后 我 还 能 有 多少 年月 可以 供 我 支配 ， 我 一定 要 兢兢业业 地 利用 每 一 刻 时间 ， 尽力 做 一些 对 亚洲 人民 ， 乃至 全 世界 人民 有益 的 好 事 ， 使 人类 所 积累 的 知识 能 发生 推动 社会 向 更 美好 的 社会 发展 的 作用 ” 。

output:	以菲律 宾前总统 名字命名 的拉蒙· 麦格赛赛 奖被称为 亚洲的诺 贝尔奖。
refer:	以 菲律宾 前 总统 名字 命名 的 拉蒙·麦格赛赛 奖 被 称为 亚洲 的 诺贝尔 奖 。

output:	该奖 共设五项 奖，每年 颁发一次 ，分别授 予在政府 服务、公 共服务、 社区领袖 、新闻、 文学和创 造性交流 艺术以及 国际谅解 等领域作 出突出贡 献的个人 和机构。
refer:	该 奖 共 设 五 项 奖 ， 每 年 颁发 一 次 ， 分别 授予 在 政府 服务 、 公共 服务 、 社区 领袖 、 新闻 、 文学 和 创造性 交流 艺术 以及 国际 谅解 等 领域 作出 突出 贡献 的 个人 和 机构 。

output:	该奖自１ ９５８年 开始颁发 以来，已 有１７２ 位个人和 １４个机 构获奖。
refer:	该 奖 自 １９５８年 开始 颁发 以来 ， 已 有 １７２ 位 个人 和 １４ 个 机构 获奖 。

output:	天津 对台合作 前景广阔
refer:	天津 对 台 合作 前景 广阔

output:	新华社 天津 九月 一日 电（记者 刘庆禄、 窦合义）
refer:	新华社 天津 九月 一日 电 （ 记者 刘庆禄 、 窦合义 ）

output:	天津市 市长张立 昌在最近 召开的天 津市对台 经济 工作 会议上说 ，天津与 台湾产业 结构相似 ，技术相 近，相互 间有很强 的 互补性 ， 双方 合作 前景 广阔，大 有可为。
refer:	天津市 市长 张立昌 在 最近 召开 的 天津市 对 台 经济 工作 会议 上 说 ， 天津 与 台湾 产业 结构 相似 ， 技术 相近 ， 相互 间 有 很 强 的 互补性 ， 双方 合作 前景 广阔 ， 大有可为 。

output:	据 统计，到 今年 七月 底，天津 市共批准 台商 投资 企业八百 七十一家 ，协议投 资额九亿 多美元， 其中台资 占 百分之七十 三点八。
refer:	据 统计 ， 到 今年 七月 底 ， 天津市 共 批准 台商 投资 企业 八百七十一 家 ， 协议 投资额 九亿多 美元 ， 其中 台资 占 百分之七十三点八 。

output:	台资 企业数和 协议 投资额 分别列全 市外商投 资企业的 第三位和 第四位。
refer:	台资 企业数 和 协议 投资额 分别 列 全 市 外商 投资 企业 的 第三 位 和 第四 位 。

output:	一批投 资额较大 、技术较 高的台资 企业在天 津落户。
refer:	一 批 投资额 较 大 、 技术 较 高 的 台资 企业 在 天津 落户 。

output:	在 已 开业的台 资企业中 ，九成以 上盈利。
refer:	在 已 开业 的 台资 企业 中 ， 九成 以上 盈利 。

output:	张立昌说， 今后天津 市将继续 努力为台 商创造一 个有利可 图，有钱 可赚的投 资环境。
refer:	张立昌 说 ， 今后 天津市 将 继续 努力 为 台商 创造 一 个 有利可图 ， 有钱可赚 的 投资 环境 。

output:	根据“ 同等优先 、适当放 宽”的原 则，天津 市将调整 有关 政策 ，以增强 对台商的 吸引力 。
refer:	根据 “ 同等 优先 、 适当 放宽 ” 的 原则 ， 天津市 将 调整 有关 政策 ， 以 增强 对 台商 的 吸引力 。

output:	他 要求有关 部门在这 方面尽快 制订出实 施方案。
refer:	他 要求 有关 部门 在 这 方面 尽快 制订 出 实施 方案 。

output:	据 会议 透露，在 投资方向 上，天津 鼓励台商 投向 基础 设施、基 础产业、 资金 技术 密集型 产业 、 高 科技 项目 ， 参与 国有 大中型 企业 技术 改造 ， 投资 第三 产业 试点项目 ， 并 欢迎台湾 金融 资本 和 产业 资本来津 设立金融 机构 。
refer:	据 会议 透露 ， 在 投资 方向 上 ， 天津 鼓励 台商 投向 基础 设施 、 基础 产业 、 资金 技术 密集型 产业 、 高 科技 项目 ， 参与 国有 大中型 企业 技术 改造 ， 投资 第三 产业 试点 项目 ， 并 欢迎 台湾 金融 资本 和 产业 资本 来 津 设立 金融 机构 。

output:	张立昌说， 为了给来 天津 投资 的台商提 供更好的 投资 环境 ， 天津 市将强化 “天津市 台湾 同胞 投资服务 中心”的 职能，做 好项目审 批和台资 企业的管 理，努力 办好津台 贸易 合作 中心，为 台资 企业 提供经济 信息和法 律咨询。
refer:	张立昌 说 ， 为了 给 来 天津 投资 的 台商 提供 更 好 的 投资 环境 ， 天津市 将 强化 “ 天津市 台湾 同胞 投资 服务 中心 ” 的 职能 ， 做好 项目 审批 和 台资 企业 的 管理 ， 努力 办好 津 台 贸易 合作 中心 ， 为 台资 企业 提供 经济 信息 和 法律 咨询 。

output:	朱（ 容加金旁 ）基电唁 尼克松 逝世
refer:	朱（容加金旁）基 电唁 尼克松 逝世

output:	新华社 北京４月 ２３日 电
refer:	新华社 北京 ４月 ２３日 电

output:	中华 人民 共和国 国务院 副总理 朱（容加 金旁）基 ２３日 电 唁美国前 总统理查 德·尼克 松逝世。
refer:	中华 人民 共和国 国务院 副总理 朱（容加金旁）基 ２３日 电唁 美国 前 总统 理查德·尼克松 逝世 。

output:	电文全 文如下：
refer:	电文 全 文 如下 ：

output:	尼克松先 生是一位 具有远见 卓识的政 治家，生 前一直关 心中美关 系，先后 曾七次访 华，为两 国关系的 改善和发 展做出了 重要 贡献 ，赢得了 中国 人民 的尊敬。
refer:	尼克松 先生 是 一 位 具有 远见 卓识 的 政治家 ， 生前 一直 关心 中 美 关系 ， 先后 曾 七 次 访 华 ， 为 两 国 关系 的 改善 和 发展 做出 了 重要 贡献 ， 赢得 了 中国 人民 的 尊敬 。

output:	对 他 的 不幸逝世 ，我谨表 示深切哀 悼，并向 尼克松先 生的家属 致以诚挚 的慰问。
refer:	对 他 的 不幸 逝世 ， 我 谨 表示 深切 哀悼 ， 并 向 尼克松 先生 的 家属 致以 诚挚 的 慰问 。

output:	澳 向 中国 提供 一笔贷款
refer:	澳 向 中国 提供 一 笔 贷款

output:	中国 政府 和 澳大利亚 政府 今天 签署了一 项协议， 澳方将向 中国 提供 １．５亿 澳元优惠 财政贷款 。
refer:	中国 政府 和 澳大利亚 政府 今天 签署 了 一 项 协议 ， 澳方 将 向 中国 提供 １．５亿 澳元 优惠 财政 贷款 。

output:	根据 协议，这 笔贷款将 主要 用于 电信、城 市供水、 污水处理 等基础设 施项目。
refer:	根据 协议 ， 这 笔 贷款 将 主要 用于 电信 、 城市 供水 、 污水 处理 等 基础 设施 项目 。

output:	为期两天 的中国政 府同澳大 利亚政府 １９９４年 发展 援助 合作 年会今天 在墨尔本 结束 。
refer:	为期 两 天 的 中国 政府 同 澳大利亚 政府 １９９４年 发展 援助 合作 年会 今天 在 墨尔本 结束 。

output:	以 外经贸部 部长 助理龙永 图为团长 的 中国 代表团与 以澳大利 亚国际发 展局援助 局总局长 弗拉德为 团长的澳 大利亚代 表团出席 了年会。
refer:	以 外经贸部 部长 助理 龙永图 为 团长 的 中国 代表团 与 以 澳大利亚 国际 发展局 援助局 总局长 弗拉德 为 团长 的 澳大利亚 代表团 出席 了 年会 。

output:	会谈 结束 后，双方 签署了会 谈纪要。
refer:	会谈 结束 后 ， 双方 签署 了 会谈 纪要 。

output:	与 此 同时，澳 方还将向 中国 提供 ２０００ 万澳元的 技术 合作 赠款， 主要 用于 人员培训 、扶贫及 医疗 卫生 等项目。
refer:	与 此 同时 ， 澳方 还 将 向 中国 提供 ２０００万 澳元 的 技术 合作 赠款 ， 主要 用于 人员 培训 、 扶贫 及 医疗 卫生 等 项目 。

output:	乔石 会见俄罗 斯议员团
refer:	乔石 会见 俄罗斯 议员团

output:	全 国 人大 常委会 委员长乔 石今天下 午在人民 大会堂 会见 了由国家 杜马副主 席文格罗 夫斯基和 俄罗斯联 邦委员会 经济 改革 委员会 副主席 谢尔盖恩 科夫率领 的俄罗斯 议员团。
refer:	全 国 人大 常委会 委员长 乔石 今天 下午 在 人民 大会堂 会见 了 由 国家 杜马 副主席 文格罗夫斯基 和 俄罗斯 联邦 委员会 经济 改革 委员会 副主席 谢尔盖恩科夫 率领 的 俄罗斯 议员团 。

output:	代表团 应外交学 会邀请于 八月 三十日 来 华访问， 旨在了解 中国 经济 改革情况 ，经济立 法在建立 市场 经济 体制过程 中的保障 作用 ， 特别是 在 经济 特区 建设 方面 的 成功 经验 。
refer:	代表团 应 外交 学会 邀请 于 八月 三十日 来 华 访问 ， 旨 在 了解 中国 经济 改革 情况 ， 经济 立法 在 建立 市场 经济 体制 过程 中 的 保障 作用 ， 特别是 在 经济 特区 建设 方面 的 成功 经验 。

output:	晚上，外 交学会会 长刘述卿 会见并宴 请了俄罗 斯客人。
refer:	晚上 ， 外交 学会 会长 刘述卿 会见 并 宴请 了 俄罗斯 客人 。

output:	钱其琛 分别 会见 法国、乌 拉圭客人
refer:	钱其琛 分别 会见 法国 、 乌拉圭 客人

output:	国务院 副总理兼 外长 钱其琛 今天 下午 在 这里 分别 会见 了法国前 总理 雷蒙·巴 尔和乌拉 圭东岸共 和国副外 长何塞· 马利亚· 加米奥。
refer:	国务院 副总理 兼 外长 钱其琛 今天 下午 在 这里 分别 会见 了 法国 前 总理 雷蒙·巴尔 和 乌拉圭 东岸 共和国 副外长 何塞·马利亚·加米奥 。

output:	钱其琛对 法国客人 说，法国 是第一个 同中国建 交的西方 大国，中 法建交三 十年来， 尽管有一 些曲折， 但总的来 说，双边 关系的发 展是令人 满意的。
refer:	钱其琛 对 法国 客人 说 ， 法国 是 第一 个 同 中国 建交 的 西方 大 国 ， 中 法 建交 三十 年 来 ， 尽管 有 一些 曲折 ， 但 总的来说 ， 双边 关系 的 发展 是 令人满意 的 。

output:	他指出， 不管国际 形势发生 什么大的 变化，中 法两国保 持友好关 系对世界 的和平、 稳定与发 展始终是 重要的。
refer:	他 指出 ， 不管 国际 形势 发生 什么 大 的 变化 ， 中 法 两 国 保持 友好 关系 对 世界 的 和平 、 稳定 与 发展 始终 是 重要 的 。

output:	双方 还 就亚洲的 安全形势 和经济发 展以及欧 洲的一体 化等有关 问题 交换 了看法。
refer:	双方 还 就 亚洲 的 安全 形势 和 经济 发展 以及 欧洲 的 一体化 等 有关 问题 交换 了 看法 。

output:	巴尔希望 法中关系 能够得到 进一步 发展 和 加强 ，并表示 法国愿以 自己的优 势更加积 极地参与 中国的经 济建设。
refer:	巴尔 希望 法 中 关系 能够 得到 进一步 发展 和 加强 ， 并 表示 法国 愿 以 自己 的 优势 更加 积极 地 参与 中国 的 经济 建设 。

output:	外交学 会会长刘 述卿会见 时在座。
refer:	外交 学会 会长 刘述卿 会见 时 在座 。

output:	巴尔一行应 外交学会 邀请于三 十日抵京 ，他们还 将前往上 海访问。
refer:	巴尔 一行 应 外交 学会 邀请 于 三十日 抵 京 ， 他们 还 将 前往 上海 访问 。

output:	在 会 见乌拉圭 客人时， 钱其琛对 加米奥副 外长来访 和进行政 治磋商表 示欢迎。
refer:	在 会见 乌拉圭 客人 时 ， 钱其琛 对 加米奥 副外长 来访 和 进行 政治 磋商 表示 欢迎 。

output:	他说， 中乌建交 六年多来 ，两国友 好合作关 系持续稳 步发展。
refer:	他 说 ， 中 乌 建交 六 年 多 来 ， 两 国 友好 合作 关系 持续 稳步 发展 。

output:	乌拉圭是 拉美地区 同中国开 展贸易最 早的国家 之一，双 边贸易发 展较快。
refer:	乌拉圭 是 拉美 地区 同 中国 开展 贸易 最 早 的 国家 之一 ， 双边 贸易 发展 较 快 。

output:	目前 ， 中国 是乌拉圭 羊毛的最 大买主。
refer:	目前 ， 中国 是 乌拉圭 羊毛 的 最大 买主 。

output:	他 希望 今后两国 的 经贸 科技 合作 与 交流 进一步 扩大 和发展。
refer:	他 希望 今后 两 国 的 经贸 科技 合作 与 交流 进一步 扩大 和 发展 。

output:	钱其琛对 乌拉圭在 国际 事务 中给予中 国的支持 表示 感谢 ， 对乌拉圭 政府坚持 一个中国 的立场表 示赞赏。
refer:	钱其琛 对 乌拉圭 在 国际 事务 中 给予 中国 的 支持 表示 感谢 ， 对 乌拉圭 政府 坚持 一 个 中国 的 立场 表示 赞赏 。

output:	他 说 ，拉美是 一个充满 希望的大 陆，具有 巨大的发 展潜力。
refer:	他 说 ， 拉美 是 一 个 充满 希望 的 大陆 ， 具有 巨大 的 发展 潜力 。

output:	近几年来 ，拉美经 济稳定增 长，这为 进一步 加强 中拉经贸 合作提供 了 良好 的条件。
refer:	近 几 年 来 ， 拉美 经济 稳定 增长 ， 这 为 进一步 加强 中 拉 经贸 合作 提供 了 良好 的 条件 。

output:	他 说，中国 重视加强 同包括乌 拉圭在内 的南方共 同市场国 家和其他 拉美国家 的友好合 作关系。
refer:	他 说 ， 中国 重视 加强 同 包括 乌拉圭 在内 的 南方 共同 市场 国家 和 其他 拉美 国家 的 友好 合作 关系 。

output:	加米奥表 示，乌拉 圭重视同 中国 发展 经济 贸易 、 科学 技术 和文化等 各个领域 的关系。
refer:	加米奥 表示 ， 乌拉圭 重视 同 中国 发展 经济 贸易 、 科学 技术 和 文化 等 各 个 领域 的 关系 。

output:	他说，七 十年代初 中国 恢复 了在联合 国的合法 席位，这 是 联合国 事务 中 的一个重 大进展。
refer:	他 说 ， 七十年代 初 中国 恢复 了 在 联合国 的 合法 席位 ， 这 是 联合国 事务 中 的 一 个 重大 进展 。

output:	乌拉 圭高度赞 赏中国在 国际 事务 中 发挥 越来越重 要的作用 ， 特别是 在 建立 国际 政治 经济 新秩序中 所起的积 极作用。
refer:	乌拉圭 高度 赞赏 中国 在 国际 事务 中 发挥 越来越 重要 的 作用 ， 特别是 在 建立 国际 政治 经济 新 秩序 中 所 起 的 积极 作用 。

output:	乌拉圭 坚决支持 恢复 中国 在关贸总 协定中的 缔约国 地位 ，并相信 它在未来 的世界贸 易组织中 作出 积极 的贡献。
refer:	乌拉圭 坚决 支持 恢复 中国 在 关贸 总协定 中 的 缔约国 地位 ， 并 相信 它 在 未来 的 世界 贸易 组织 中 作出 积极 的 贡献 。

output:	今天 上午 ，加米奥 代表乌拉 圭政府向 中国 纺织 总会赠送 了十七吨 羊毛，供 中国 有 关部门、 科研 机构 和高等院 校作为科 研所用。
refer:	今天 上午 ， 加米奥 代表 乌拉圭 政府 向 中国 纺织 总会 赠送 了 十七 吨 羊毛 ， 供 中国 有关 部门 、 科研 机构 和 高等 院校 作为 科研 所 用 。

output:	外交部 副部长 刘华秋二 十九日 在 这里 同加米奥 举行 了 工作会谈 ，双方就 进一步 发展 双边 关系 和共同关 心的国际 、 地区 问题 深入 地 交换 了 意见 ， 取得 了 广泛 的一致。
refer:	外交部 副部长 刘华秋 二十九日 在 这里 同 加米奥 举行 了 工作 会谈 ， 双方 就 进一步 发展 双边 关系 和 共同 关心 的 国际 、 地区 问题 深入 地 交换 了 意见 ， 取得 了 广泛 的 一致 。

output:	加米 奥一行是 应外交部 邀请于八 月二十九 日来华访 问和进行 两国外交 部间政治 磋商的。
refer:	加米奥 一行 是 应 外交部 邀请 于 八月 二十九日 来 华 访问 和 进行 两 国 外交部 间 政治 磋商 的 。

output:	他们 还将赴杭 州访问。
refer:	他们 还 将 赴 杭州 访问 。

output:	江泽民会 见中国红 十字会第 六次全国 会员 代表 大会代表
refer:	江泽民 会见 中国 红十字会 第六 次 全 国 会员 代表 大会 代表

output:	中共 中央 总书记 、 国家 主席 、 中国 红十字会 名誉 会长 江泽民今 天在中南 海会见了 中国 红十字会 第六次全国 会员 代表 大会代表 ，并代表 中共 中央 、 国务院 向辛勤工 作的二千 万会员， 表示亲切 的问候。
refer:	中共 中央 总书记 、 国家 主席 、 中国 红十字会 名誉 会长 江泽民 今天 在 中南海 会见 了 中国 红十字会 第六 次 全 国 会员 代表 大会 代表 ， 并 代表 中共 中央 、 国务院 向 辛勤 工作 的 二千万 会员 ， 表示 亲切 的 问候 。

output:	江泽民 说 ， 中国 红十字会 为国际性 的 从事 人道主义 工作 的 社会 救助 团体 ， 按照 国际 红十字与 红新月运 动的基本 原则 ，九十年 来为人民 做了大量 好事，为 国家的发 展做出了 不少贡献 ，以实际 行动赢得 了广大群 众的尊敬 和支持。
refer:	江泽民 说 ， 中国 红十字会 为 国际性 的 从事 人道主义 工作 的 社会 救助 团体 ， 按照 国际 红十字 与 红新月 运动 的 基本 原则 ， 九十 年 来 为 人民 做 了 大量 好事 ， 为 国家 的 发展 做出 了 不少 贡献 ， 以 实际 行动 赢得 了 广大 群众 的 尊敬 和 支持 。

output:	江泽民 说 ，红十字 事业是一 项崇高的 社会 事业 ，对建设 社会主义 物质 文明 和 精神 文明有着 积极的促 进作用。
refer:	江泽民 说 ， 红十字 事业 是 一 项 崇高 的 社会 事业 ， 对 建设 社会主义 物质 文明 和 精神 文明 有 着 积极 的 促进 作用 。

output:	改革 开放 以来 ， 中国 红十字会 根据 新的实践 要求 ， 开展了卓 有成效的 人道主义 工作 ，在社会 上产生了 广泛而良 好的影响 ， 走出 了 有 中国 特色 的 发展 红十字 事业 的新路。
refer:	改革 开放 以来 ， 中国 红十字会 根据 新 的 实践 要求 ， 开展 了 卓有 成效 的 人道主义 工作 ， 在 社会 上 产生 了 广泛 而 良好 的 影响 ， 走出 了 有 中国 特色 的 发展 红十字 事业 的 新路 。

output:	国家 副主席荣 毅仁和钱 其琛、彭 （佩去亻 加王旁） 云、钱正 英等参加 了会见。
refer:	国家 副主席 荣毅仁 和 钱其琛 、 彭（佩去亻加王旁）云 、 钱正英 等 参加 了 会见 。

output:	正在国 外访问的 国务院总 理李鹏给 大会 发来 了贺信。
refer:	正 在 国外 访问 的 国务院 总理 李鹏 给 大会 发来 了 贺信 。

output:	李鹏在贺 信中说， 中国 红十字 会是一个 很重要的 人道主义 组织，九 十年来， 特别是新 中国 成立 以来，在 中国 人民 与世界人 民交往中 发挥 重要 的作用。
refer:	李鹏 在 贺信 中 说 ， 中国 红十字会 是 一 个 很 重要 的 人道主义 组织 ， 九十 年 来 ， 特别是 新 中国 成立 以来 ， 在 中国 人民 与 世界 人民 交往 中 发挥 重要 的 作用 。

output:	他 希望 中国 的 红十字 事业 更加蓬勃 发展 ，他希 望全社会 和各级政 府都来关 心、支持 这项崇高 的事业。
refer:	他 希望 中国 的 红十字 事业 更加 蓬勃 发展 ， 他 希望 全 社会 和 各 级 政府 都 来 关心 、 支持 这 项 崇高 的 事业 。

output:	江泽民 、 李鹏、乔 石、刘华 清等还为 中国 红十字会 成立 九十 周年暨第 六次全国 代表 大会 题了词。
refer:	江泽民 、 李鹏 、 乔石 、 刘华清 等 还 为 中国 红十字会 成立 九十 周年 暨 第六 次 全 国 代表 大会 题 了 词 。

output:	李鹏 总理 为国际人 口与发展 大会即将 召开发表 书面 讲话
refer:	李鹏 总理 为 国际 人口 与 发展 大会 即将 召开 发表 书面 讲话

output:	李鹏 总理 为迎接国 际人口与 发展大会 发表 书面 讲话 。
refer:	李鹏 总理 为 迎接 国际 人口 与 发展 大会 发表 书面 讲话 。

output:	他 认为 ， 中国 政府把人 口问题与 社会 经济 问题一同 规划、一 同决策、 一同实施 的方针是 正确的， 是行之有 效的，是 成功的。
refer:	他 认为 ， 中国 政府 把 人口 问题 与 社会 经济 问题 一同 规划 、 一同 决策 、 一同 实施 的 方针 是 正确 的 ， 是 行之有效 的 ， 是 成功 的 。

output:	李鹏 说，今年 九月初， 联合国 将 在开罗召 开国际人 口与发展 大会，并 以“人口 、持续的 经济 增长 和可持续 的发展” 为主题。
refer:	李鹏 说 ， 今年 九月 初 ， 联合国 将 在 开罗 召开 国际 人口 与 发展 大会 ， 并 以 “ 人口 、 持续 的 经济 增长 和 可 持续 的 发展 ” 为 主题 。

output:	这 表明 国际 社会 日益清醒 地认识到 人口与发 展密不可 分，并准 备采取共 同行动。
refer:	这 表明 国际 社会 日益 清醒 地 认识 到 人口 与 发展 密不可分 ， 并 准备 采取 共同 行动 。

output:	他 认为 这是一次 具有 重要 意义 的 会议，中 国政府予 以高度重 视，将派 代表团出 席会议。
refer:	他 认为 这 是 一 次 具有 重要 意义 的 会议 ， 中国 政府 予以 高度 重视 ， 将 派 代表团 出席 会议 。

output:	李鹏 说，中国 是世界上 人口最多 的 发展 中国家。
refer:	李鹏 说 ， 中国 是 世界 上 人口 最 多 的 发展中 国家 。

output:	中国 政府 将人口问 题纳入国 民经济与 社会 发展 的总体规 划中，始 终强调人 口的增长 要与社会 和经济的 发展相适 应，与资 源利用和 环境 保护 相协调。
refer:	中国 政府 将 人口 问题 纳入 国民 经济 与 社会 发展 的 总体 规划 中 ， 始终 强调 人口 的 增长 要 与 社会 和 经济 的 发展 相 适应 ， 与 资源 利用 和 环境 保护 相 协调 。

output:	从 中国 的 基本 国情出发 ， 中国 政府 确定 计划 生育 和 环境 保护 为 两 项基本国 策，实施 了符合中 国实际的 人口政策 和计划生 育方案。
refer:	从 中国 的 基本 国情 出发 ， 中国 政府 确定 计划 生育 和 环境 保护 为 两 项 基本 国策 ， 实施 了 符合 中国 实际 的 人口 政策 和 计划 生育 方案 。

output:	同时 ， 中国 政府 还制定了 一 系列 重大 的决策和 措施，如 保护妇女 合法 权益 ， 促进 男女平等 ， 大力 发展妇幼 保健事业 ，努力消 除贫困， 保护生态 环境，以 实现可持 续发展。
refer:	同时 ， 中国 政府 还 制定 了 一 系列 重大 的 决策 和 措施 ， 如 保护 妇女 合法 权益 ， 促进 男女 平等 ， 大力 发展 妇幼 保健 事业 ， 努力 消除 贫困 ， 保护 生态 环境 ， 以 实现 可持续 发展 。

output:	当前， 中国 经济 持续 增长 ， 社会 安定团结 ，人民生 活不断改 善，人口 出生率和 人口 自然 增长率下 降到较低 的水平。
refer:	当前 ， 中国 经济 持续 增长 ， 社会 安定 团结 ， 人民 生活 不断 改善 ， 人口 出生率 和 人口 自然 增长率 下降 到 较 低 的 水平 。

output:	李鹏 说 ，人口问 题是当今 国际 社会 面临的重 大问题。
refer:	李鹏 说 ， 人口 问题 是 当今 国际 社会 面临 的 重大 问题 。

output:	由于国 情不同， 经济 发展 水平、文 化背景、 历史传统 、社会制 度各异， 各国应该 根据本国 的实际情 况，制订 适宜的、 有效的人 口政策。
refer:	由于 国情 不同 ， 经济 发展 水平 、 文化 背景 、 历史 传统 、 社会 制度 各 异 ， 各 国 应该 根据 本 国 的 实际 情况 ， 制订 适宜 的 、 有效 的 人口 政策 。

output:	这 是各国的 主权，应 当受到充 分尊重。
refer:	这 是 各 国 的 主权 ， 应当 受到 充分 尊重 。

output:	他说，中 国正处在 建立 社会主义 市场 经济 体制，加快 现代化 建设 的 关键 时期，庞 大的人口 绝对增长 量仍然制 约着社会 与经济的 发展，影 响着人民 生活 水平 进一步 提高 ，也给自 然资源和 生态 环境 带来沉重 的压力。
refer:	他 说 ， 中国 正 处 在 建立 社会主义 市场 经济 体制 ， 加快 现代化 建设 的 关键 时期 ， 庞大 的 人口 绝对 增长量 仍然 制约 着 社会 与 经济 的 发展 ， 影响 着 人民 生活 水平 进一步 提高 ， 也 给 自然 资源 和 生态 环境 带来 沉重 的 压力 。

output:	因此 ，在相当 长的一个 时期内， 中国将在 大力 发展 经济 的 同时，继 续抓紧做 好计划生 育工作。
refer:	因此 ， 在 相当 长 的 一 个 时期 内 ， 中国 将 在 大力 发展 经济 的 同时 ， 继续 抓紧 做好 计划 生育 工作 。

output:	中国 政府坚信 ，解决好 中国的人 口问题， 不仅是对 中华 民族 的 繁荣 昌盛和子 孙后代的 幸福负责 ， 也 是为稳定 全球人口 作出的重 要贡献。
refer:	中国 政府 坚信 ， 解决 好 中国 的 人口 问题 ， 不仅 是 对 中华 民族 的 繁荣 昌盛 和 子孙 后代 的 幸福 负责 ， 也 是 为 稳定 全球 人口 作出 的 重要 贡献 。

output:	为 此 ， 中国 政府 十分 重视 并积极参 与 国 际人口活 动，并衷 心希望国 际社会从 切实解决 人口与发 展问题的 立场出发 ， 求同存异 ，通力合 作，共同 为稳定全 球人口、 创造美好 未来而努 力奋斗！
refer:	为 此 ， 中国 政府 十分 重视 并 积极 参与 国际 人口 活动 ， 并 衷心 希望 国际 社会 从 切实 解决 人口 与 发展 问题 的 立场 出发 ， 求同存异 ， 通力合作 ， 共同 为 稳定 全球 人口 、 创造 美好 未来 而 努力 奋斗 ！

output:	李鹏 强调要加 快推行公 务员制度
refer:	李鹏 强调 要 加快 推行 公务员 制度

output:	国务院总 理李鹏今 天在中南 海紫光阁 会见中国 推行公务 员制度经 验交流会 全体代表 时指出， 推行公务 员制度是 中国 政治 体制 改革 的 一 项重要内 容，是干 部人事制 度的重大 改革，是 建立 社会主义 市场 经济 体制的客 观需要， 要有领导 、有步骤 地加快推 行步伐。
refer:	国务院 总理 李鹏 今天 在 中南海 紫光阁 会见 中国 推行 公务员 制度 经验 交流 会 全体 代表 时 指出 ， 推行 公务员 制度 是 中国 政治 体制 改革 的 一 项 重要 内容 ， 是 干部 人事 制度 的 重大 改革 ， 是 建立 社会主义 市场 经济 体制 的 客观 需要 ， 要 有 领导 、 有 步骤 地 加快 推行 步伐 。

output:	这 次 推行公务 员制度经 验交流会 是昨天开 始召开的 ，各省、 自治区、 直辖市人 事厅局长 、 国务院 各部委、 直属机构 人事 部门 的 负责人共 一百二十 多人出席 了会议。
refer:	这 次 推行 公务员 制度 经验 交流 会 是 昨天 开始 召开 的 ， 各 省 、 自治区 、 直辖市 人事厅 局长 、 国务院 各 部委 、 直属 机构 人事 部门 的 负责人 共 一百二十多 人 出席 了 会议 。

output:	李鹏肯定了 一年来国 家公务员 制度推行 工作 取得 的成效。
refer:	李鹏 肯定 了 一 年 来 国家 公务员 制度 推行 工作 取得 的 成效 。

output:	他说，我 们要认真 总结和推 广这些好 的经验， 建立起激 励竞争和 勤政廉政 机制，建 立一支以 为人民服 务为宗旨 、密切联 系群众、 精干 高效 、廉洁奉 公、忠于 职守的国 家公务员 队伍，增 强政府机 关的生机 和活力。
refer:	他 说 ， 我们 要 认真 总结 和 推广 这些 好 的 经验 ， 建立 起 激励 竞争 和 勤政 廉政 机制 ， 建立 一 支 以 为 人民 服务 为 宗旨 、 密切 联系 群众 、 精干 高效 、 廉洁 奉公 、 忠于 职守 的 国家 公务员 队伍 ， 增强 政府 机关 的 生机 和 活力 。

output:	李鹏提 出，推行 公务员制 度，要按 照《国家 公务员暂 行条例》 依法办事 ，不能有 随意性 。
refer:	李鹏 提出 ， 推行 公务员 制度 ， 要 按照 《 国家 公务员 暂行 条例 》 依法 办事 ， 不 能 有 随意性 。

output:	要 把这项工 作作为政 治体制改 革的一件 大事来抓 ，结合改 革、精简 机构来推 行公务员 制度；要 形成公务 员的新陈 代谢机制 ，使青年 人才不断 地进入到 公务员队 伍当中。
refer:	要 把 这 项 工作 作为 政治 体制 改革 的 一 件 大 事 来 抓 ， 结合 改革 、 精简 机构 来 推行 公务员 制度 ； 要 形成 公务员 的 新陈代谢 机制 ， 使 青年 人才 不断 地 进入 到 公务员 队伍 当中 。

output:	国务 委员 李贵鲜、 罗干参加 了会见。
refer:	国务 委员 李贵鲜 、 罗干 参加 了 会见 。

output:	马来西 亚副总理 结束访华
refer:	马来西亚 副总理 结束 访 华

output:	新华社 上海 八月 三十一日 电（记者 周解蓉 ）
refer:	新华社 上海 八月 三十一日 电 （ 记者 周解蓉 ）

output:	马来西亚副 总理安瓦 尔今天下 午结束了 对中国的 访问，离 开上海前 往东京。
refer:	马来西亚 副总理 安瓦尔 今天 下午 结束 了 对 中国 的 访问 ， 离开 上海 前往 东京 。

output:	安瓦尔于 昨天下午 自南京抵 达上海。
refer:	安瓦尔 于 昨天 下午 自 南京 抵达 上海 。

output:	昨晚 ， 上海市 副市长赵 启正代表 黄菊市长 会见并宴 请了安瓦 尔一行。
refer:	昨晚 ， 上海市 副市长 赵启正 代表 黄菊 市长 会见 并 宴请 了 安瓦尔 一行 。

output:	今天上 午，安瓦 尔出席了 闵行中马 合资 企业 奠基仪式 ，随后参 观了浦东 金桥出口 加工区。
refer:	今天 上午 ， 安瓦尔 出席 了 闵行 中 马 合资 企业 奠基 仪式 ， 随后 参观 了 浦东 金桥 出口 加工区 。

output:	李鹏会 见澳门总 督韦奇立
refer:	李鹏 会见 澳门 总督 韦奇立

output:	国务院 总理李鹏 今天在这 里会见澳 门总督韦 奇立时说 ，中国政 府对澳门 的政策是 一贯的、 坚定不移 的，并将 根据“一 国两制” 的 方针 ， 严格 按照中葡 联合 声明 和澳门 基本法 的 规定 ，保持澳 门的稳定 和发展。
refer:	国务院 总理 李鹏 今天 在 这里 会见 澳门 总督 韦奇立 时 说 ， 中国 政府 对 澳门 的 政策 是 一贯 的 、 坚定不移 的 ， 并 将 根据 “ 一 国 两 制 ” 的 方针 ， 严格 按照 中 葡 联合 声明 和 澳门 基本法 的 规定 ， 保持 澳门 的 稳定 和 发展 。

output:	李鹏对 韦奇立再 次来访表 示欢迎。
refer:	李鹏 对 韦奇立 再次 来访 表示 欢迎 。

output:	他说：“ 近年来中 葡两国在 各个领域 的友好合 作关系不 断发展， 两国高层 领导人互 访增多。
refer:	他 说 ： “ 近年 来 中 葡 两 国 在 各 个 领域 的 友好 合作 关系 不断 发展 ， 两 国 高层 领导人 互访 增多 。

output:	江泽民 主席 、荣毅仁 副主席和 我本人都 访问了葡 萄牙，席 尔瓦总理 今年 四月 访问 了 我国。”
refer:	江泽民 主席 、 荣毅仁 副主席 和 我 本人 都 访问 了 葡萄牙 ， 席尔瓦 总理 今年 四月 访问 了 我 国 。 ”

output:	他说，中 葡双边关 系的顺利 发展为双 方在澳门 问题上的 合作奠定 了基础。
refer:	他 说 ， 中 葡 双边 关系 的 顺利 发展 为 双方 在 澳门 问题 上 的 合作 奠定 了 基础 。

output:	李鹏 指出 ， 澳门 问题是中 葡双边关 系中的一 个重要组 成部分。
refer:	李鹏 指出 ， 澳门 问题 是 中 葡 双边 关系 中 的 一 个 重要 组成 部分 。

output:	中葡两国 之间、内 地与澳门 之间 保持 良好 关系 ， 这 有利于澳 门的社会 稳定和经 济发展。
refer:	中 葡 两 国 之间 、 内地 与 澳门 之间 保持 良好 关系 ， 这 有利于 澳门 的 社会 稳定 和 经济 发展 。

output:	李鹏 说 ，自中葡 联合 声明 生效以来 ， 双方 为贯彻执 行联合声 明做了不 少工作， 合作是有 成效的。
refer:	李鹏 说 ， 自 中 葡 联合 声明 生效 以来 ， 双方 为 贯彻 执行 联合 声明 做 了 不少 工作 ， 合作 是 有 成效 的 。

output:	近年 来 ，在双方 的共同努 力下，解 决了不少 双方 共同 关心的问 题，在澳 门过渡时 期的语文 、公务员 、法律三 大问题上 也取得了 不同 程度 的进展。
refer:	近年 来 ， 在 双方 的 共同 努力 下 ， 解决 了 不少 双方 共同 关心 的 问题 ， 在 澳门 过渡 时期 的 语文 、 公务员 、 法律 三 大 问题 上 也 取得 了 不同 程度 的 进展 。

output:	他 说 ：“我们 希望澳门 政府对于 这三个问 题继续给 予关注， 以求得最 后的妥善 解决。”
refer:	他 说 ： “ 我们 希望 澳门 政府 对于 这 三 个 问题 继续 给予 关注 ， 以 求得 最后 的 妥善 解决 。 ”

output:	李鹏说， “韦奇立 总督为澳 门问题的 顺利解决 做了许多 有益的工 作，对此 我们表示 赞赏。”
refer:	李鹏 说 ， “ 韦奇立 总督 为 澳门 问题 的 顺利 解决 做 了 许多 有益 的 工作 ， 对 此 我们 表示 赞赏 。 ”

output:	李鹏还强 调，随着 １９９９ 年的日益 临近，中 葡双方在 澳门问题 上还有大 量的工作 要做，任 务很重。
refer:	李鹏 还 强调 ， 随着 １９９９年 的 日益 临近 ， 中 葡 双方 在 澳门 问题 上 还 有 大量 的 工作 要 做 ， 任务 很 重 。

output:	双方 应 本着友好 协商的精 神，解决 尚待解决 的问题。
refer:	双方 应 本着 友好 协商 的 精神 ， 解决 尚 待 解决 的 问题 。

output:	他 希望 澳门政府 就涉及澳 门平稳过 渡和政权 顺利交接 的重大问 题进一步 加强同中 方的磋商 与合作， 以利于澳 门的稳定 和发展。
refer:	他 希望 澳门 政府 就 涉及 澳门 平稳 过渡 和 政权 顺利 交接 的 重大 问题 进一步 加强 同 中方 的 磋商 与 合作 ， 以 利于 澳门 的 稳定 和 发展 。

output:	李鹏说： “我们相 信，通过 中葡双方 的友好合 作和共同 努力，一 定能实现 澳门的平 稳过渡和 政权的顺 利交接。
refer:	李鹏 说 ： “ 我们 相信 ， 通过 中 葡 双方 的 友好 合作 和 共同 努力 ， 一定 能 实现 澳门 的 平稳 过渡 和 政权 的 顺利 交接 。

output:	韦奇立愉 快地回忆 了他１９ ９１年和 １９９２年 同李鹏总 理两次会 见的情景 ，并高度 评价了中 国政府和 李鹏 总理 本人为葡 中关系的 发展和澳 门问题的 解决所做 的 重要 贡献 。
refer:	韦奇立 愉快 地 回忆 了 他 １９９１年 和 １９９２年 同 李鹏 总理 两 次 会见 的 情景 ， 并 高度 评价 了 中国 政府 和 李鹏 总理 本人 为 葡 中 关系 的 发展 和 澳门 问题 的 解决 所 做 的 重要 贡献 。

output:	韦奇立说 ，他高兴 地看到中 国在经济 和社会生 活方面取 得了重大 进展，并 表示完全 理解中国 的 现代化 建设需要 在 稳定 的 情况 下进行。
refer:	韦奇立 说 ， 他 高兴 地 看到 中国 在 经济 和 社会 生活 方面 取得 了 重大 进展 ， 并 表示 完全 理解 中国 的 现代化 建设 需要 在 稳定 的 情况 下 进行 。

output:	他 说，中国 的稳定和 发展有利 于世界的 和平与发 展，中国 的繁荣与 稳定是澳 门繁荣与 稳定的根 本保证。
refer:	他 说 ， 中国 的 稳定 和 发展 有利于 世界 的 和平 与 发展 ， 中国 的 繁荣 与 稳定 是 澳门 繁荣 与 稳定 的 根本 保证 。

output:	葡萄牙政府 和他本人 将为两国 关系的继 续发展和 澳门问题 的顺利解 决继续作 出努力。
refer:	葡萄牙 政府 和 他 本人 将 为 两 国 关系 的 继续 发展 和 澳门 问题 的 顺利 解决 继续 作出 努力 。

output:	德外长 欢迎北约 对塞族的 最后 通牒
refer:	德 外长 欢迎 北约 对 塞族 的 最后 通牒

output:	德国 外长金克 尔２３日 说，他欢 迎北约对 波黑 塞族 发出的最 后通牒。
refer:	德国 外长 金克尔 ２３日 说 ， 他 欢迎 北约 对 波黑 塞族 发出 的 最后 通牒 。

output:	他 同时 也 要求举行 新的谈判 以结束波 黑内战。
refer:	他 同时 也 要求 举行 新 的 谈判 以 结束 波黑 内战 。

output:	金克尔说， 北约的决 定是“正 确的和必 要的”。
refer:	金克尔 说 ， 北约 的 决定 是 “ 正确 的 和 必要 的 ” 。

output:	但作为军 事措施的 辅助手段 ，重开谈 判同样是 必要的。
refer:	但 作为 军事 措施 的 辅助 手段 ， 重开 谈判 同样 是 必要 的 。

output:	他 要求 联合国 、欧洲联 盟、美国 和 俄罗斯 共同提出 新的倡议 ，以使波 黑交战各 方回到谈 判桌旁。
refer:	他 要求 联合国 、 欧洲 联盟 、 美国 和 俄罗斯 共同 提出 新 的 倡议 ， 以 使 波黑 交战 各 方 回到 谈判桌 旁 。

output:	北约 １６国２ ２日要求 波黑 塞族 武装在格 林尼治时 间４月２ ４日零点 之前撤离 戈拉日代 市中心 ３公里之外 ，并保证 联合国 的 人道主义 援助畅通 无阻，否 则北约将 对塞族武 装实行空 中打击。
refer:	北约 １６ 国 ２２日 要求 波黑 塞族 武装 在 格林尼治 时间 ４月 ２４日 零点 之前 撤离 戈拉日代 市中心 ３ 公里 之外 ， 并 保证 联合国 的 人道主义 援助 畅通无阻 ， 否则 北约 将 对 塞族 武装 实行 空中 打击 。

output:	中国 化学工业 加快对外 开放 步伐
refer:	中国 化学 工业 加快 对外 开放 步伐

output:	新华社 北京 八月 三十一日 电（记 者孙杰）
refer:	新华社 北京 八月 三十一日 电 （ 记者 孙杰 ）

output:	中国 化学工业 加快对外 开放 步伐 ，大步走 向世界。
refer:	中国 化学 工业 加快 对外 开放 步伐 ， 大步 走向 世界 。

output:	据 化工 部介绍， 一九七八年 ， 中国 化工 进出口 总额 不到三亿 美元，去 年达到七 十五亿美 元，出口 创汇超过 一千万美 元的化工 企业已有 三十家。
refer:	据 化工部 介绍 ， 一九七八年 ， 中国 化工 进出口 总额 不 到 三亿 美元 ， 去年 达到 七十五亿 美元 ， 出口 创汇 超过 一千万 美元 的 化工 企业 已 有 三十 家 。

output:	中国 化工成套 设备 出口 实现了零 的突破， 先后向印 尼出口两 套年产四 万吨离子 膜烧碱装 置，向伊 朗出口年 产二十万 吨纯碱成 套设备。
refer:	中国 化工 成套 设备 出口 实现 了 零 的 突破 ， 先后 向 印尼 出口 两 套 年 产 四万 吨 离子膜 烧碱 装置 ， 向 伊朗 出口 年 产 二十万 吨 纯 碱 成套 设备 。

output:	技术 出口 也有了新 的进展。
refer:	技术 出口 也 有 了 新 的 进展 。

output:	目前 ，中国可 供出口的 技术达五 十二项。
refer:	目前 ， 中国 可 供 出口 的 技术 达 五十二 项 。

output:	据 不完全 统计 ， 中国 三年来出 口蒽醌法 双氧水、 变压吸附 等技术二 十余项。
refer:	据 不完全 统计 ， 中国 三 年 来 出口 蒽醌法 双氧水 、 变压 吸附 等 技术 二十余 项 。

output:	到 今年 上半年， 中国 化工 部与十五 家国际大 型化工公 司签订合 作协议。
refer:	到 今年 上半年 ， 中国 化工部 与 十五 家 国际 大型 化工 公司 签订 合作 协议 。

output:	十年来， 中国 化工 行业累计 吸收 外资 达八十五 亿美元， 用于化肥 、石化的 建设和技 术改造。
refer:	十 年 来 ， 中国 化工 行业 累计 吸收 外资 达 八十五亿 美元 ， 用于 化肥 、 石化 的 建设 和 技术 改造 。

output:	中 国建立彗 星撞击木 星观测网
refer:	中国 建立 彗星 撞击 木星 观测网

output:	新华社 南京 四月 二十三日 电（记者 杨福田 ）
refer:	新华社 南京 四月 二十三日 电 （ 记者 杨福田 ）

output:	中国 科学院 紫金山 天文台 今天 宣布 ， 中国 已经 建立 全国性 观测苏梅 克—列维 ９号彗星 撞击 木星 的网络， 并制订了 规模 宏大 的天文监 测计划。
refer:	中国 科学院 紫金山 天文台 今天 宣布 ， 中国 已经 建立 全国性 观测 苏梅克 — 列维 ９ 号 彗星 撞击 木星 的 网络 ， 并 制订 了 规模 宏大 的 天文 监测 计划 。

output:	据 专家 介绍 ，木星是 太阳系中 最大的一 颗行星， 与地球一 样环绕太 阳运转。
refer:	据 专家 介绍 ， 木星 是 太阳系 中 最 大 的 一 颗 行星 ， 与 地球 一样 环绕 太阳 运转 。

output:	这 次 观测 彗星 撞击 木星 对于 研究 和 预测 彗星 撞击 地球具有 十分 重要 的意义。
refer:	这 次 观测 彗星 撞击 木星 对于 研究 和 预测 彗星 撞击 地球 具有 十分 重要 的 意义 。

output:	中国 天文学界 对这次彗 星撞击木 星现象也 十分 重视 ，并密切 关注其发 展变化。
refer:	中国 天文学界 对 这 次 彗星 撞击 木星 现象 也 十分 重视 ， 并 密切 关注 其 发展 变化 。

output:	近日，在 中国 科学 院和国家 自然 科学 基金会 的支持下 ，来自全 国各地的 四十多位 天文学家 在南京召 开了苏梅 克—列维 ９号彗星 撞击 木星 监视计划 讨论会。
refer:	近日 ， 在 中国 科学院 和 国家 自然 科学 基金会 的 支持 下 ， 来自 全 国 各 地 的 四十多 位 天文学家 在 南京 召开 了 苏梅克 — 列维 ９ 号 彗星 撞击 木星 监视 计划 讨论会 。

output:	专家们 认为 ，这次罕 见的重大 天文 现象 需要全球 作连续监 测，中国 处于日本 和欧洲之 间的一个 重要 的 经度位置 ， 中国 的观测资 料是国际 联测中不 可缺少或 替代的组 成部分。
refer:	专家们 认为 ， 这 次 罕见 的 重大 天文 现象 需要 全球 作 连续 监测 ， 中国 处于 日本 和 欧洲 之间 的 一 个 重要 的 经度 位置 ， 中国 的 观测 资料 是 国际 联测 中 不 可 缺少 或 替代 的 组成 部分 。

output:	届时，中 国将投入 所有的先 进天文设 备进行观 测，其中 包括二点 一六米口 径的反光 望远镜、 一点二六 米口径的 红外望远 镜、射电 望远镜。
refer:	届时 ， 中国 将 投入 所有 的 先进 天文 设备 进行 观测 ， 其中 包括 二点一六 米 口径 的 反光 望远镜 、 一点二六 米 口径 的 红外 望远镜 、 射电 望远镜 。

output:	二十五米 口径的分 米、厘米 波段望远 镜、十米 波段望远 镜以及先 进的光学 望远镜终 端设备。
refer:	二十五 米 口径 的 分米 、 厘米 波段 望远镜 、 十 米 波段 望远镜 以及 先进 的 光学 望远镜 终端 设备 。

output:	南京 紫金山 天文台有 四十多 年 关于彗星 、小行星 的观测研 究经验、 该台行星 研究室是 中国 唯一 的长期从 事彗星、 小行星研 究的科研 机构，自 一九八八年 起又开始 研究太阳 系天体碰 撞问题。
refer:	南京 紫金山 天文台 有 四十多 年 关于 彗星 、 小 行星 的 观测 研究 经验 、 该 台 行星 研究室 是 中国 唯一 的 长期 从事 彗星 、 小 行星 研究 的 科研 机构 ， 自 一九八八年 起 又 开始 研究 太阳系 天体 碰撞 问题 。

output:	该台行 星专家还 多次参加 关于彗星 、小行星 撞击 地球 危险性的 国际学术 讨论会。
refer:	该 台 行星 专家 还 多 次 参加 关于 彗星 、 小 行星 撞击 地球 危险性 的 国际 学术 讨论会 。

output:	国际红十 字会专家 结束访华
refer:	国际 红十字会 专家 结束 访 华

output:	外交部 发言人 今天 说 ， 应 中国 红十字 会邀请， 红十字国 际委员会 处长格丁 纳格一行 四人，于 四月 十八日 至 二十三日 访问中国。
refer:	外交部 发言人 今天 说 ， 应 中国 红十字会 邀请 ， 红十字 国际 委员会 处长 格丁纳格 一行 四 人 ， 于 四月 十八日 至 二十三日 访问 中国 。

output:	发言人说 ，双方就 进一步开 展交流与 合作问题 举行了友 好、坦诚 、求实的 专家级工 作会谈。
refer:	发言人 说 ， 双方 就 进一步 开展 交流 与 合作 问题 举行 了 友好 、 坦诚 、 求实 的 专家级 工作 会谈 。

output:	会谈就一 些原则和 具体 问题 进行了深 入讨论， 达成了一 些谅解。
refer:	会谈 就 一些 原则 和 具体 问题 进行 了 深入 讨论 ， 达成 了 一些 谅解 。

output:	双方 一致 认为会谈 具有 积极 成果 。
refer:	双方 一致 认为 会谈 具有 积极 成果 。

output:	双方将继续 以务实的 精神共同 努力，加 强合作。
refer:	双方 将 继续 以 务实 的 精神 共同 努力 ， 加强 合作 。

output:	中国 海关 总署 将实施对 知识 产权 的 保护 措施
refer:	中国 海关 总署 将 实施 对 知识 产权 的 保护 措施

output:	海关总 署日前发 出公告， 根据 国家 现行有关 法律 规定 和 国务院 《 关于 进一步 加强 知识 产权 保护工作 的 决定 》，海关 将从一九 九四年九 月十五日 起在进出 境环节实 施对知识 产权的保 护措施。
refer:	海关 总署 日前 发出 公告 ， 根据 国家 现行 有关 法律 规定 和 国务院 《 关于 进一步 加强 知识 产权 保护 工作 的 决定 》 ， 海关 将 从 一九九四年 九月 十五日 起 在 进出境 环节 实施 对 知识 产权 的 保护 措施 。

output:	公告明确 指出，侵 犯知识产 权（包括 商标专用 权、著作 权和专利 权）的货 物不准进 口或者出 口；海关 发现被举 报涉嫌侵 权的货物 和其他有 侵犯知识 产权嫌疑 的货物进 出口时， 有权要求 进出口 货物 的货人提 供使用有 关知识产 权的合法 证明及对 其货物的 知识 产权 状况向海 关作出补 充申报， 对不能提 供合法证 明的货物 ， 海关 有权予以 退运；进 出口激光 唱盘、激 光视盘和 以加工贸 易方式进 口激光唱 盘、激光 视盘的模 版及料件 ，收发货 人应按国 家有关规 定，凭音 像归口管 理部门出 具的批准 证明办理 海关 手续 ； 进出口 货物收发 货人对货 物的知识 产权状况 申报不实 及逃避海 关监管、 走私侵权 货物的， 由海关依 照有关规 定处理。
refer:	公告 明确 指出 ， 侵犯 知识 产权 （ 包括 商标 专用权 、 著作权 和 专利权 ） 的 货物 不 准 进口 或者 出口 ； 海关 发现 被 举报 涉嫌 侵权 的 货物 和 其他 有 侵犯 知识 产权 嫌疑 的 货物 进出口 时 ， 有 权 要求 进出口 货物 的 货人 提供 使用 有关 知识 产权 的 合法 证明 及 对 其 货物 的 知识 产权 状况 向 海关 作出 补充 申报 ， 对 不 能 提供 合法 证明 的 货物 ， 海关 有 权 予以 退运 ； 进出口 激光 唱盘 、 激光 视盘 和 以 加工 贸易 方式 进口 激光 唱盘 、 激光 视盘 的 模版 及 料件 ， 收发货人 应 按 国家 有关 规定 ， 凭 音像 归口 管理 部门 出具 的 批准 证明 办理 海关 手续 ； 进出口 货物 收发货人 对 货物 的 知识 产权 状况 申报 不 实 及 逃避 海关 监管 、 走私 侵权 货物 的 ， 由 海关 依照 有关 规定 处理 。

output:	公告还对知 识产权所 有人的权 利、责任 及义务作 出规定。
refer:	公告 还 对 知识 产权 所有人 的 权利 、 责任 及 义务 作出 规定 。

output:	受中国法律 保护的知 识产权所 有人发现 侵犯其知 识产权的 货物将要 进出口 的 ，可以凭 知识 产权 的权利证 明（如知 识产权的 登记 注册 证书或著 作权作品 的样本及 足以证明 其权利的 有关材料 ）向有关 货物进出 口地海关 举报，并 可以请求 海关在侵 权货物进 出口时予 以查处。
refer:	受 中国 法律 保护 的 知识 产权 所有人 发现 侵犯 其 知识 产权 的 货物 将 要 进出口 的 ， 可以 凭 知识 产权 的 权利 证明 （ 如 知识 产权 的 登记 注册 证书 或 著作权 作品 的 样本 及 足以 证明 其 权利 的 有关 材料 ） 向 有关 货物 进出口地 海关 举报 ， 并 可以 请求 海关 在 侵权 货物 进出口 时 予以 查处 。

output:	知识产 权所有人 请求海关 查处侵权 货物时， 应对进出 口货物构 成侵权行 为承担举 证责任， 协助海关 开展查缉 工作并支 付有关货 物的鉴定 、调查以 及其他相 关费用。
refer:	知识 产权 所有人 请求 海关 查处 侵权 货物 时 ， 应 对 进出口 货物 构成 侵权 行为 承担 举证 责任 ， 协助 海关 开展 查缉 工作 并 支付 有关 货物 的 鉴定 、 调查 以及 其他 相关 费用 。

output:	江泽民 强调要做 好民兵预 备役工作
refer:	江泽民 强调 要 做好 民兵 预备役 工作

output:	新华社 北京 九月 一日 电（记者 盖玉珉）
refer:	新华社 北京 九月 一日 电 （ 记者 盖玉珉 ）

output:	中共 中央 总书记 、 国家 主席 、 中央 军委 主席 江泽民 ， 今天 在中南海 会见出席 全国部分 地区民兵 、预备役 工作 会议 代表时强 调，各级 地方党委 、 政府 和 军事 部门 ， 要着眼全 党全国工 作大局和 国家长治 久安，重 视做好民 兵、预备 役工作。
refer:	中共 中央 总书记 、 国家 主席 、 中央 军委 主席 江泽民 ， 今天 在 中南海 会见 出席 全 国 部分 地区 民兵 、 预备役 工作 会议 代表 时 强调 ， 各 级 地方 党委 、 政府 和 军事 部门 ， 要 着眼 全 党 全 国 工作 大局 和 国家 长治久安 ， 重视 做好 民兵 、 预备役 工作 。

output:	江泽民指 出，民兵 既是民又 是兵，不 仅是保卫 国家 安全 、维护祖 国统一的 一支重要 力量，也 是保持社 会稳定、 促进两个 文明 建设 的一支重 要力量。
refer:	江泽民 指出 ， 民兵 既 是 民 又 是 兵 ， 不仅 是 保卫 国家 安全 、 维护 祖国 统一 的 一 支 重要 力量 ， 也 是 保持 社会 稳定 、 促进 两 个 文明 建设 的 一 支 重要 力量 。

output:	各级地方 党委、政 府和军事 部门，要 充分调动 广大民兵 和预备役 部队官兵 的 积极性 、创造性 ，为深化 改革 、 促进 发展、保 持稳定做 出贡献。
refer:	各 级 地方 党委 、 政府 和 军事 部门 ， 要 充分 调动 广大 民兵 和 预备役 部队 官兵 的 积极性 、 创造性 ， 为 深化 改革 、 促进 发展 、 保持 稳定 做出 贡献 。

output:	各 部队要为 改革、发 展、稳定 提供可靠 的安全保 障，积极 参加地方 经济 建设 ，为促进 各民族的 共同 繁荣 而 努力 工作 。
refer:	各 部队 要 为 改革 、 发展 、 稳定 提供 可靠 的 安全 保障 ， 积极 参加 地方 经济 建设 ， 为 促进 各 民族 的 共同 繁荣 而 努力 工作 。

output:	要加强军 政、军民 团结，真 正做到与 各族人民 同呼吸、 共命运、 心连心。
refer:	要 加强 军政 、 军民 团结 ， 真正 做到 与 各 族 人民 同 呼吸 、 共 命运 、 心连心 。

output:	中央军 委副主席 刘华清， 军委委员 张万年、 于永波、 傅全有和 解放军三 总部和军 委办公厅 领导参加 了会见。
refer:	中央 军委 副主席 刘华清 ， 军委 委员 张万年 、 于永波 、 傅全有 和 解放军 三 总部 和 军委 办公厅 领导 参加 了 会见 。

output:	国务院部 署淮河流 域水污染 防治工作
refer:	国务院 部署 淮河 流域 水污染 防治 工作

output:	新华社 北京 八月 三十一日 电（记者 张建军）
refer:	新华社 北京 八月 三十一日 电 （ 记者 张建军 ）

output:	国务院 今天 召开 会议 ，部署淮 河流域水 污染的防 治工作。
refer:	国务院 今天 召开 会议 ， 部署 淮河 流域 水污染 的 防治 工作 。

output:	国务 委员 、 国务院 环境 保护 委员会 主任 宋健 在会上指 出，从现 在起，要 用三年多 的时间， 力争使淮 河水质初 步变清， 造福当代 人民和子 孙后代。
refer:	国务 委员 、 国务院 环境 保护 委员会 主任 宋健 在 会 上 指出 ， 从 现在 起 ， 要 用 三 年 多 的 时间 ， 力争 使 淮河 水质 初步 变 清 ， 造福 当代 人民 和 子孙 后代 。

output:	近年 来 ，淮河水 污染严重 ， 特别是 今年 七月 中旬以来 ，淮河中 、下游又 发生大面 积水污染 事故，使 一些 地区 的 群众 饮水发 生困难， 直接 危及 了下游人 民的生活 和生产。
refer:	近年 来 ， 淮河 水污染 严重 ， 特别是 今年 七月 中旬 以来 ， 淮河 中 、 下游 又 发生 大 面积 水污染 事故 ， 使 一些 地区 的 群众 饮水 发生 困难 ， 直接 危及 了 下游 人民 的 生活 和 生产 。

output:	为了 防止淮河 流域再次 发生重大 水污染事 故，国务 院办公厅 根据 国务院 领导指示 ，已于昨 天发出紧 急通知进 行部署。
refer:	为了 防止 淮河 流域 再次 发生 重大 水污染 事故 ， 国务院 办公厅 根据 国务院 领导 指示 ， 已 于 昨天 发出 紧急 通知 进行 部署 。

output:	在 今天的会 议上，宋 健传达了 国务院 领导 关于淮河 流域水污 染防治工 作的指示 ：要求淮 河流域水 污染防治 工作的进 度要加快 ，到一九 九七年应 取得突破 性进展， 使淮河初 步变清。
refer:	在 今天 的 会议 上 ， 宋健 传达 了 国务院 领导 关于 淮河 流域 水污染 防治 工作 的 指示 ： 要求 淮河 流域 水污染 防治 工作 的 进度 要 加快 ， 到 一九九七年 应 取得 突破性 进展 ， 使 淮河 初步 变 清 。

output:	从 现 在起用三 年多的时 间，所有 的企业都 要做到达 标排放。
refer:	从 现在 起 用 三 年 多 的 时间 ， 所有 的 企业 都 要 做到 达标 排放 。

output:	对 污染严重 治理无望 的企业， 包括大企 业，都要 依法坚决 关停转。
refer:	对 污染 严重 治理 无望 的 企业 ， 包括 大 企业 ， 都 要 依法 坚决 关停转 。

output:	宋健在 听取了江 苏、安徽 、山东、 河南四省 及淮河水 利委员会 的 负责人 关于淮河 流域水污 染情况和 治理措施 ， 以 及国务院 调查组关 于赴苏、 皖、豫三 省调查水 污染事故 情况的的 后指出， 当前，江 苏、安徽 、山东、 河南四省 各级人民 政府，应 进一步做 好抗污救 灾工作。
refer:	宋健 在 听取 了 江苏 、 安徽 、 山东 、 河南 四 省 及 淮河 水利 委员会 的 负责人 关于 淮河 流域 水污染 情况 和 治理 措施 ， 以及 国务院 调查组 关于 赴 苏 、 皖 、 豫 三 省 调查 水污染 事故 情况 的 的后 指出 ， 当前 ， 江苏 、 安徽 、 山东 、 河南 四 省 各 级 人民 政府 ， 应 进一步 做好 抗污 救灾 工作 。

output:	首先 要保障群 众的生活 供水，采 取综合措 施，稳定 群众情绪 ，保持社 会安定。
refer:	首先 要 保障 群众 的 生活 供水 ， 采取 综合 措施 ， 稳定 群众 情绪 ， 保持 社会 安定 。

output:	要 采取 果断措施 ， 防止 淮河流域 再次发生 重大水污 染事故。
refer:	要 采取 果断 措施 ， 防止 淮河 流域 再次 发生 重大 水污染 事故 。

output:	宋健 重申，在 淮河流域 范围内， 禁止新建 小造纸、 小化工、 小制革等 污染严重 的项目。
refer:	宋健 重申 ， 在 淮河 流域 范围 内 ， 禁止 新建 小 造纸 、 小 化工 、 小 制革 等 污染 严重 的 项目 。

output:	对 所有 向淮河流 域河流排 污的企业 ，要进行 限期治理 ，最迟于 一九九七年 底 停止向河 流排污。
refer:	对 所有 向 淮河 流域 河流 排污 的 企业 ， 要 进行 限期 治理 ， 最迟 于 一九九七年 底 停止 向 河流 排污 。

output:	宋健要求完 善淮河流 域的法制 建设，加 强环保执 法力度。
refer:	宋健 要求 完善 淮河 流域 的 法制 建设 ， 加强 环保 执法 力度 。

output:	对 违反有关 环保法规 造成 严重 环境 污染 的责任者 要严加惩 处，对特 别恶劣的 犯罪行为 要依法严 厉打击。
refer:	对 违反 有关 环保 法规 造成 严重 环境 污染 的 责任者 要 严加 惩处 ， 对 特别 恶劣 的 犯罪 行为 要 依法 严厉 打击 。

output:	胡锦涛强 调各级领 导干部要 加强学习
refer:	胡锦涛 强调 各 级 领导 干部 要 加强 学习

output:	中共 中央 政治局常 委、书记 处书记、 中央党校 校长胡锦 涛今天在 中央党校 秋季开学 典礼上发 表讲话强 调，各级 领导干部 要更加自 觉地深入 学习邓小 平建设有 中国 特色 社会主义 理论，努 力掌握新 的知识， 不断 增强 党性锻炼 ，全面提 高自身素 质和领导 水平，以 便更好地 履行 自己 的职责。
refer:	中共 中央 政治局 常委 、 书记处 书记 、 中央 党校 校长 胡锦涛 今天 在 中央 党校 秋季 开学 典礼 上 发表 讲话 强调 ， 各 级 领导 干部 要 更加 自觉 地 深入 学习 邓小平 建设 有 中国 特色 社会主义 理论 ， 努力 掌握 新 的 知识 ， 不断 增强 党性 锻炼 ， 全面 提高 自身 素质 和 领导 水平 ， 以便 更 好 地 履行 自己 的 职责 。

output:	中央 党校今年 秋季新入 校学员八 百二十五 人，包括 进修部、 培训部、 研究生部 各个班次 的学员。
refer:	中央 党校 今年 秋季 新 入 校 学员 八百二十五 人 ， 包括 进修部 、 培训部 、 研究生部 各 个 班次 的 学员 。

output:	胡锦涛指出 ，要从战 略高度看 待学习， 以高度的 历史 使命 感和现实 紧迫感来 强化学习 ，密切联 系新形势 新任务新 实践来开 展学习。
refer:	胡锦涛 指出 ， 要 从 战略 高度 看待 学习 ， 以 高度 的 历史 使命感 和 现实 紧迫感 来 强化 学习 ， 密切 联系 新 形势 新 任务 新 实践 来 开展 学习 。

output:	胡锦涛说 ，现在我 们需要学 习的东西 很多，最 根本的是 学习邓小 平建设有 中国 特色 社会 主义理论 ，还要学 习社会主 义市场经 济理论及 有关知识 ，学习现 代科学技 术知识。
refer:	胡锦涛 说 ， 现在 我们 需要 学习 的 东西 很 多 ， 最 根本 的 是 学习 邓小平 建设 有 中国 特色 社会主义 理论 ， 还 要 学习 社会主义 市场 经济 理论 及 有关 知识 ， 学习 现代 科学 技术 知识 。

output:	胡锦涛 要求到中 央党校学 习的学员 ，努力在 四个方面 得到明显 提高：一 是努力掌 握理论的 科学体系 ， 进一步 确立马克 思主义的 世界观和 方法论， 以便更好 地运用理 论指导新 的实践； 二是进一 步全面理 解党的基 本路线， 始终注意 把握全党 全国工作 的 大 局，增强 正确 认识 和处理改 革、发展 、 稳定 三者关系 的自觉性 ； 三 是认真研 究新形势 下加强和 改进党的 建设、充 分发挥党 的核心领 导作用的 重大 问题 ， 进一步 做好党建 工作；四 是联系实 际，增强 党性锻炼 ， 严格按照 共产党员 的标准要 求自己。
refer:	胡锦涛 要求 到 中央 党校 学习 的 学员 ， 努力 在 四 个 方面 得到 明显 提高 ： 一 是 努力 掌握 理论 的 科学 体系 ， 进一步 确立 马克思主义 的 世界观 和 方法论 ， 以便 更 好 地 运用 理论 指导 新 的 实践 ； 二 是 进一步 全面 理解 党 的 基本 路线 ， 始终 注意 把握 全 党 全 国 工作 的 大局 ， 增强 正确 认识 和 处理 改革 、 发展 、 稳定 三 者 关系 的 自觉性 ； 三 是 认真 研究 新 形势 下 加强 和 改进 党 的 建设 、 充分 发挥 党 的 核心 领导 作用 的 重大 问题 ， 进一步 做好 党建 工作 ； 四 是 联系 实际 ， 增强 党性 锻炼 ， 严格 按照 共产党员 的 标准 要求 自己 。

output:	中 央党校常 务副校长 汪家（廖 去广加金 旁）也在 开学典礼 上讲话。
refer:	中央 党校 常务 副校长 汪家（廖去广加金旁） 也 在 开学 典礼 上 讲话 。

output:	中央有 关部门负 责人吕枫 、侯宗宾 、郑科扬 、翟泰丰 、陈福今 等出席开 学典礼。
refer:	中央 有关 部门 负责人 吕枫 、 侯宗宾 、 郑科扬 、 翟泰丰 、 陈福今 等 出席 开学 典礼 。

output:	钱其琛 会见朝鲜 政府特使
refer:	钱其琛 会见 朝鲜 政府 特使

output:	国务院 副总理兼 外交 部长 钱其琛 今天 在 钓鱼台 国宾馆会 见朝鲜政 府特使、 外交部 副部长 宋浩京。
refer:	国务院 副总理 兼 外交 部长 钱其琛 今天 在 钓鱼台 国宾馆 会见 朝鲜 政府 特使 、 外交部 副部长 宋浩京 。

output:	宋浩京转 达了朝鲜 领导人 对 中国 领导人 的 亲切 问候 ，代表朝 方对中国 党政领导 人和人民 哀悼金日 成主席逝 世表示深 切谢意。
refer:	宋浩京 转达 了 朝鲜 领导人 对 中国 领导人 的 亲切 问候 ， 代表 朝方 对 中国 党政 领导人 和 人民 哀悼 金日成 主席 逝世 表示 深切 谢意 。

output:	钱其琛 感谢宋浩 京转达朝 鲜领导人 的问候， 表示相信 朝鲜人民 将紧密团 结在以金 正日为首 的朝鲜劳 动党中央 周围，继 续完成金 日成主席 的遗愿。
refer:	钱其琛 感谢 宋浩京 转达 朝鲜 领导人 的 问候 ， 表示 相信 朝鲜 人民 将 紧密 团结 在 以 金正日 为首 的 朝鲜 劳动党 中央 周围 ， 继续 完成 金日成 主席 的 遗愿 。

output:	钱其 琛说，不 久前朝美 会谈 取得 了成果。
refer:	钱其琛 说 ， 不久 前 朝 美 会谈 取得 了 成果 。

output:	中方希望 这一会谈 能够 继续 进行下去 并不断取 得进展。
refer:	中方 希望 这 一 会谈 能够 继续 进行 下去 并 不断 取得 进展 。

output:	在谈到在 朝鲜 半岛 建立和平 保障机制 问题时， 钱其琛 表示 ， 中国 真诚希望 朝鲜 半岛 保持 稳定 与和平， 在新的和 平机制建 立之前， 朝鲜停战 协定仍然 是有效的 ， 有 关各方都 应遵守。
refer:	在 谈到 在 朝鲜 半岛 建立 和平 保障 机制 问题 时 ， 钱其琛 表示 ， 中国 真诚 希望 朝鲜 半岛 保持 稳定 与 和平 ， 在 新 的 和平 机制 建立 之前 ， 朝鲜 停战 协定 仍然 是 有效 的 ， 有关 各 方 都 应 遵守 。

output:	李鹏 总理同朱 马古洛夫 总理会谈
refer:	李鹏 总理 同 朱马古洛夫 总理 会谈

output:	新华社 比什凯克 ４月 ２３日 电（记者 周树春、 俱孟军）
refer:	新华社 比什凯克 ４月 ２３日 电 （ 记者 周树春 、 俱孟军 ）

output:	今天 下午 ， 李鹏 总理 同 吉尔吉斯 政府 总理朱马 古洛夫就 发展 双边 经贸 关系 进行了广 泛而深入 的会谈。
refer:	今天 下午 ， 李鹏 总理 同 吉尔吉斯 政府 总理 朱马古洛夫 就 发展 双边 经贸 关系 进行 了 广泛 而 深入 的 会谈 。

output:	会谈是在 务实友好 的气氛中 进行的。
refer:	会谈 是 在 务实 友好 的 气氛 中 进行 的 。

output:	朱马古洛 夫说，吉 中两国有 着传统的 友好 关系 ， 这 种关系正 在日益充 实和不断 发展 。
refer:	朱马古洛夫 说 ， 吉 中 两 国 有 着 传统 的 友好 关系 ， 这 种 关系 正在 日益 充实 和 不断 发展 。

output:	他 说 ， 吉尔吉斯 当前正处 于经济改 革阶段， 十分 重视 同 中国 加强 经济 联系 ， 借鉴 中国 的 经验 ， 包括 中国 农业改革 的经验。
refer:	他 说 ， 吉尔吉斯 当前 正 处于 经济 改革 阶段 ， 十分 重视 同 中国 加强 经济 联系 ， 借鉴 中国 的 经验 ， 包括 中国 农业 改革 的 经验 。

output:	他说， 中国新疆 以及 其他 一些 地区 在吉尔吉 斯已建立 了 包括 食品、皮 毛等７０ 多个合资 企业 ， 而且经营 情况良好 ， 双方 专家正在 对造纸、 卫生 、 医药等合 作项目进 行论证。
refer:	他 说 ， 中国 新疆 以及 其他 一些 地区 在 吉尔吉斯 已 建立 了 包括 食品 、 皮毛 等 ７０多 个 合资 企业 ， 而且 经营 情况 良好 ， 双方 专家 正在 对 造纸 、 卫生 、 医药 等 合作 项目 进行 论证 。

output:	朱马古洛 夫还向李 鹏介绍了 吉尔吉斯 经济 形势 。
refer:	朱马古洛夫 还 向 李鹏 介绍 了 吉尔吉斯 经济 形势 。

output:	李鹏 说 ， 吉尔吉斯 在 改革 中面临的 经济 困难 是 暂时 的，只要 经过努力 是完全能 克服的。
refer:	李鹏 说 ， 吉尔吉斯 在 改革 中 面临 的 经济 困难 是 暂时 的 ， 只要 经过 努力 是 完全 能 克服 的 。

output:	李鹏 说，两年 多来两国 经贸 合作 已顺利起 步，并取 得可观的 进展 。
refer:	李鹏 说 ， 两 年 多 来 两 国 经贸 合作 已 顺利 起步 ， 并 取得 可观 的 进展 。

output:	双边贸 易发展很 快，但仍 有潜力。
refer:	双边 贸易 发展 很 快 ， 但 仍 有 潜力 。

output:	中国 政府 ， 特别是 新疆 维吾尔 自治区 将 努力 发展 同 吉尔吉斯 在经贸等 各个领域 的合作。
refer:	中国 政府 ， 特别是 新疆 维吾尔 自治区 将 努力 发展 同 吉尔吉斯 在 经贸 等 各 个 领域 的 合作 。

output:	今后 两 国要更充 分地发掘 和利用两 国的有利 条件，按 照经济规 律办事， 保障双方 获益，不 断丰富合 作形式， 提高两国 贸易水平 和档次。
refer:	今后 两 国 要 更 充分 地 发掘 和 利用 两 国 的 有利 条件 ， 按照 经济 规律 办事 ， 保障 双方 获益 ， 不断 丰富 合作 形式 ， 提高 两 国 贸易 水平 和 档次 。

output:	为此双方 都要努力 创造 条件 ， 包括 解决妨碍 经贸 合作 发展 的交通运 输问题。
refer:	为 此 双方 都 要 努力 创造 条件 ， 包括 解决 妨碍 经贸 合作 发展 的 交通 运输 问题 。

output:	李鹏还说， “这次随 我来访的 有一批企 业家，双 方可以加 强接触。
refer:	李鹏 还 说 ， “ 这 次 随 我 来访 的 有 一 批 企业家 ， 双方 可以 加强 接触 。

output:	中国 政府 鼓励 和 支持 中国 企业 界在平等 互利的基 础上参与 吉尔吉斯 的 经济 建设 。 ”
refer:	中国 政府 鼓励 和 支持 中国 企业界 在 平等 互利 的 基础 上 参与 吉尔吉斯 的 经济 建设 。 ”

output:	李鹏 总理邀请 朱马古洛 夫总理在 方便的时 候访华。
refer:	李鹏 总理 邀请 朱马古洛夫 总理 在 方便 的 时候 访 华 。

output:	朱马 古洛夫对 此表示感 谢，并愉 快地接受 了邀请。
refer:	朱马古洛夫 对 此 表示 感谢 ， 并 愉快 地 接受 了 邀请 。

output:	伊朗 副总统对 访华成果 表示 满意
refer:	伊朗 副总统 对 访 华 成果 表示 满意

output:	新华 社德黑兰 ８月３１ 日电（记 者陈铭）
refer:	新华社 德黑兰 ８月 ３１日 电 （ 记者 陈铭 ）

output:	伊朗第 一副总统 哈桑·哈 比比在结 束对中国 为期３天 的友好访 问后，今 天回到德 黑兰时说 ，他对访 华成果表 示满意。
refer:	伊朗 第一 副总统 哈桑·哈比比 在 结束 对 中国 为期 ３ 天 的 友好 访问 后 ， 今天 回到 德黑兰 时 说 ， 他 对 访 华 成果 表示 满意 。

output:	哈比比在机 场对记者 说，他在 访问中与 中国 领导人 就双边关 系、国际 和 地区 问题 交换 了意见。
refer:	哈比比 在 机场 对 记者 说 ， 他 在 访问 中 与 中国 领导人 就 双边 关系 、 国际 和 地区 问题 交换 了 意见 。

output:	他说，伊 中两国的 经济 合作 项目 正在 展开 ， 两国将在 中亚 地区 联合 投资 ， 进行 经济 合作 。
refer:	他 说 ， 伊 中 两 国 的 经济 合作 项目 正在 展开 ， 两 国 将 在 中亚 地区 联合 投资 ， 进行 经济 合作 。

output:	中国 、 伊朗和第 三国还将 联合 投资 ，改造中 国的炼油 厂设备， 扩大提炼 伊朗石油 的能力。
refer:	中国 、 伊朗 和 第三 国 还 将 联合 投资 ， 改造 中国 的 炼油厂 设备 ， 扩大 提炼 伊朗 石油 的 能力 。

output:	香港舆论 认为，全 国人大常 委会的决 定对香港 平稳过渡 意义重大
refer:	香港 舆论 认为 ， 全 国 人大 常委会 的 决定 对 香港 平稳 过渡 意义 重大

output:	八届全国 人大 常委会 第九次会 议昨天通 过中国将 在 一九九七年 恢复 对 香港 行使 主权 时 重组 香港 立法 机关 和 区域 组织 的 决定后， 香港舆论 和各界人 士纷纷表 示，这个 决定体现 了主权与 民意，对 保持 香港 平稳过渡 与繁荣稳 定意义重 大 。
refer:	八 届 全 国 人大 常委会 第九 次 会议 昨天 通过 中国 将 在 一九九七年 恢复 对 香港 行使 主权 时 重组 香港 立法 机关 和 区域 组织 的 决定 后 ， 香港 舆论 和 各界 人士 纷纷 表示 ， 这 个 决定 体现 了 主权 与 民意 ， 对 保持 香港 平稳 过渡 与 繁荣 稳定 意义 重大 。

output:	《天天 日报》今 天的一篇 社论指出 ，这个决 定获得了 出席全国 人大 常委会 一百二十七 位委员一 致通过， 意味着大 家对恢复 行使香港 主权后的 政治架构 重建，有 着高度的 共识，可 以说是人 同此心。
refer:	《 天天 日报 》 今天 的 一 篇 社论 指出 ， 这 个 决定 获得 了 出席 全 国 人大 常委会 一百二十七 位 委员 一致 通过 ， 意味 着 大家 对 恢复 行使 香港 主权 后 的 政治 架构 重建 ， 有 着 高度 的 共识 ， 可以 说 是 人同此心 。

output:	《文汇 报》今天 发表的社 论指出， 人大 常委会 庄严的法 律决定向 世界昭示 ， 中 国在主权 问题上没 有退让余 地，中国 言出必行 ；决定展 示了中国 政府维护 国家主权 和实现香 港平稳过 渡的坚定 决心，也 显示了中 国做好香 港平稳过 渡工作、 维护香港 繁荣 稳定 的决心。
refer:	《 文汇报 》 今天 发表 的 社论 指出 ， 人大 常委会 庄严 的 法律 决定 向 世界 昭示 ， 中国 在 主权 问题 上 没有 退让 余地 ， 中国 言出必行 ； 决定 展示 了 中国 政府 维护 国家 主权 和 实现 香港 平稳 过渡 的 坚定 决心 ， 也 显示 了 中国 做好 香港 平稳 过渡 工作 、 维护 香港 繁荣 稳定 的 决心 。

output:	《大公 报》今天 在题为《 人大常委 会为香港 作出 重要 决定》的 社评中认 为，决定 使港人拥 有了确保 顺利产生 特别 行政区 第一届立 法会和区 域组织的 法律依据 ，广大爱 国爱港同 胞可以由 这个决定 得到鼓舞 ，以主人 翁精神积 极参与社 会事务， 为未来实 现“港人 治港”做 好准备。
refer:	《 大公报 》 今天 在 题 为 《 人大 常委会 为 香港 作出 重要 决定 》 的 社评 中 认为 ， 决定 使 港人 拥有 了 确保 顺利 产生 特别 行政区 第一 届 立法会 和 区域 组织 的 法律 依据 ， 广大 爱国 爱港 同胞 可以 由 这 个 决定 得到 鼓舞 ， 以 主人翁 精神 积极 参与 社会 事务 ， 为 未来 实现 “ 港人 治 港 ” 做好 准备 。

output:	社评还指 出，对于 那些企图 在 一九九七年 前制造“ 既成事实 ”延续英 国政治影 响的人来 说，人大 常委会的 决定宣告 了他们的 迷梦的彻 底破灭。
refer:	社评 还 指出 ， 对于 那些 企图 在 一九九七年 前 制造 “ 既成 事实 ” 延续 英国 政治 影响 的 人 来 说 ， 人大 常委会 的 决定 宣告 了 他们 的 迷梦 的 彻底 破灭 。

output:	《香港商 报》题为 《终止英 制架构体 现主权民 意》的社 评认为， 人大 常委会 的决定， 挫败了港 英当局在 政制问题 上搞乱人 心的企图 ，也消除 了一些人 在香港过 渡问题上 存在的不 切实际的 幻想，使 一九九七年 政权移交 的 方式明朗 化，这对 广大爱国 爱港的人 是 巨大的鼓 舞，相信 主张和维 护平稳过 渡的力量 将更加增 强，破坏 平稳过渡 将更加不 得人心。
refer:	《 香港 商报 》 题 为 《 终止 英制 架构 体现 主权 民意 》 的 社评 认为 ， 人大 常委会 的 决定 ， 挫败 了 港 英 当局 在 政制 问题 上 搞乱 人心 的 企图 ， 也 消除 了 一些 人 在 香港 过渡 问题 上 存在 的 不切实际 的 幻想 ， 使 一九九七年 政权 移交 的 方式 明朗化 ， 这 对 广大 爱国 爱港 的 人 是 巨大 的 鼓舞 ， 相信 主张 和 维护 平稳 过渡 的 力量 将 更加 增强 ， 破坏 平稳 过渡 将 更加 不得人心 。

output:	香港华人革 新协会第 八届常委 会昨晚举 行会议， 全体常委 一致 表示 支持全国 人大 常委会 决定，认 为这个决 定有助于 香港的平 稳过渡。
refer:	香港 华人 革新 协会 第八 届 常委会 昨晚 举行 会议 ， 全体 常委 一致 表示 支持 全 国 人大 常委会 决定 ， 认为 这 个 决定 有助于 香港 的 平稳 过渡 。

output:	中国 培训跨国 经营高级 管理 人才
refer:	中国 培训 跨国 经营 高级 管理 人才

output:	新华社 上海 九月 一日 电 （ 通讯员 张徐顺）
refer:	新华社 上海 九月 一日 电 （ 通讯员 张徐顺 ）

output:	中国 应急培训 高级跨国 经营 管理 人才 的 一项重要 举措今天 在上海实 施：中国 跨国企业 经营 管理 实务高级 研修班， 今天在上 海国际金 融学院正 式举行开 学典礼。
refer:	中国 应急 培训 高级 跨国 经营 管理 人才 的 一 项 重要 举措 今天 在 上海 实施 ： 中国 跨国 企业 经营 管理 实务 高级 研修班 ， 今天 在 上海 国际 金融 学院 正式 举行 开学 典礼 。

output:	来自 全国八十 余家大型 、 特大型 企业 集团 或进出 口公司的 总裁、副 总裁等报 名参加这 期研修班 的学习。
refer:	来自 全 国 八十余 家 大型 、 特大型 企业 集团 或 进出口 公司 的 总裁 、 副总裁 等 报名 参加 这 期 研修班 的 学习 。

output:	这 期 高级研修 班由中国 对外 贸易 经济 合作部 、 联合国 贸易与发 展会议、 中国 国际 人力 资源 发展跨文 化研究协 会和上海 国际 金融 学院 联合 举办 ， 其宗旨为 适应中国 社会主义 市场 经济转变 及同国际 接轨的需 要，推动 中国 企业 的 国际 化、实业 化和集团 化，应急 培训一批 复合型、 国际型的 中国 企业 高级跨 国经营管 理人才。
refer:	这 期 高级 研修班 由 中国 对外 贸易 经济 合作部 、 联合国 贸易 与 发展 会议 、 中国 国际 人力 资源 发展 跨文化 研究 协会 和 上海 国际 金融 学院 联合 举办 ， 其 宗旨 为 适应 中国 社会主义 市场 经济 转变 及 同 国际 接轨 的 需要 ， 推动 中国 企业 的 国际化 、 实业化 和 集团化 ， 应急 培训 一 批 复合型 、 国际型 的 中国 企业 高级 跨国 经营 管理 人才 。

output:	新华社 莫斯科 ８月３１ 日电（记 者谢荣）
refer:	新华社 莫斯科 ８月 ３１日 电 （ 记者 谢荣 ）

output:	俄罗 斯驻扎在 波罗的海 三 国的西北 军队集群 的最后一 批应撤离 人员已于 ３１日全 部撤出拉 脱维亚。
refer:	俄罗斯 驻扎 在 波罗的海 三 国 的 西北 军队 集群 的 最后 一 批 应 撤离 人员 已 于 ３１日 全部 撤出 拉脱维亚 。

output:	至 此 ， 俄罗斯 完成 了 从 波罗的海 三国的撤 军工作。
refer:	至此 ， 俄罗斯 完成 了 从 波罗的海 三 国 的 撤军 工作 。

output:	据 此间新闻 媒介 报道 ， 俄罗斯 西北军队 集群司令 部机构人 员３１日 将军用设 施移交给 了当地地 方政府， 并向拉脱 维亚总统 乌尔马尼 斯递交了 有关完成 撤军的报 告，随后 乘飞机从 里加撤回 莫斯科。
refer:	据 此间 新闻 媒介 报道 ， 俄罗斯 西北 军队 集群 司令部 机构 人员 ３１日 将 军用 设施 移交 给 了 当地 地方 政府 ， 并 向 拉脱维亚 总统 乌尔马尼斯 递交 了 有关 完成 撤军 的 报告 ， 随后 乘 飞机 从 里加 撤回 莫斯科 。

output:	俄罗斯 驻 立陶宛 军队已于 １９９３年 ８月３１ 日之前撤 回国，驻 爱沙尼亚 的 军队于本 月２９日 完成了撤 军工作。
refer:	俄罗斯 驻 立陶宛 军队 已 于 １９９３年 ８月 ３１日 之前 撤回国 ， 驻 爱沙尼亚 的 军队 于 本 月 ２９日 完成 了 撤军 工作 。

output:	根据 俄与拉脱 维亚和爱 沙尼亚政 府达成的 协议，目 前尚有几 百名俄军 队专家留 在拉脱维 亚的预警 雷达站和 爱沙尼亚 的 俄海军教 学中心。
refer:	根据 俄 与 拉脱维亚 和 爱沙尼亚 政府 达成 的 协议 ， 目前 尚 有 几百 名 俄 军队 专家 留 在 拉脱维亚 的 预警 雷达站 和 爱沙尼亚 的 俄 海军 教学 中心 。

output:	俄罗斯 西北军队 集群原为 苏联驻上 述三国的 军队，司 令部设在 拉脱维亚 共和国。
refer:	俄罗斯 西北 军队 集群 原 为 苏联 驻 上述 三 国 的 军队 ， 司令部 设 在 拉脱维亚 共和国 。

output:	原总兵力 为１１· ６万余人 ，其中在 拉脱维亚 驻军最多 ，为５万 余人，立 陶宛为３ ·５万余 人，爱沙 尼亚为３ 万余人。
refer:	原 总 兵力 为 １１·６万余 人 ， 其中 在 拉脱维亚 驻军 最 多 ， 为 ５万余 人 ， 立陶宛 为 ３·５万余 人 ， 爱沙尼亚 为 ３万余 人 。

output:	原苏联解 体后，该 军队集群 转归俄罗 斯所有。
refer:	原 苏联 解体 后 ， 该 军队 集群 转归 俄罗斯 所 有 。

output:	据报道， 从 波罗的海 三国撤回 的俄罗斯 军队将分 别驻扎在 俄加里宁 格勒州、 斯摩棱斯 克州以及 离莫斯科 ３００公 里的叶利 尼亚市。
refer:	据 报道 ， 从 波罗的海 三 国 撤回 的 俄罗斯 军队 将 分别 驻扎 在 俄 加里宁格勒州 、 斯摩棱斯克州 以及 离 莫斯科 ３００ 公里 的 叶利尼亚市 。

output:	美国商务 部长布朗 访问上海
refer:	美国 商务部长 布朗 访问 上海

output:	新华社 上海 八月 三十一日 电（记者 周解蓉 ）
refer:	新华社 上海 八月 三十一日 电 （ 记者 周解蓉 ）

output:	正 在访华的 美国商务 部长布朗 今天在这 里说，上 海是一个 经济 正在 快速 发展 的城市。
refer:	正在 访 华 的 美国 商务部长 布朗 今天 在 这里 说 ， 上海 是 一 个 经济 正在 快速 发展 的 城市 。

output:	美国商界 对与上海 建立良好 的关系很 感兴趣。
refer:	美国 商界 对 与 上海 建立 良好 的 关系 很 感 兴趣 。

output:	布朗表 示，双方 可以在运 输、电讯 、发电、 金融 服务 业等方面 取得 进一步 的合作。
refer:	布朗 表示 ， 双方 可以 在 运输 、 电讯 、 发电 、 金融 服务业 等 方面 取得 进一步 的 合作 。

output:	布朗是昨 天深夜从 北京抵达 上海的。
refer:	布朗 是 昨天 深夜 从 北京 抵达 上海 的 。

output:	今天布朗分 别出席了 世界 著名 电站设备 制造 公司 ——美国 西屋公司 与上海电 气集团签 订为期二 十年的合 资协议、 美国 通用 电气金融 公司 和 上海电力 公司 共同 投资建立 燃机发电 合营公司 的签字。
refer:	今天 布朗 分别 出席 了 世界 著名 电站 设备 制造 公司 —— 美国 西屋 公司 与 上海 电气 集团 签订 为期 二十 年 的 合资 协议 、 美国 通用 电气 金融 公司 和 上海 电力 公司 共同 投资 建立 燃机 发电 合营 公司 的 签字 。

output:	据 悉，美国 西屋公司 与上海电 气集团的 合资协议 包括三十 万千瓦火 电机组关 键部件合 作生产、 同时扩大 六十万 千瓦 机组在各 个领域内 的合作； 美国 通用 电气金融 公司 和 上海电力 公司 的 合作包括 投资 建设 四台十万 千瓦级的 燃气轮发 电机组。
refer:	据悉 ， 美国 西屋 公司 与 上海 电气 集团 的 合资 协议 包括 三十万 千瓦 火电 机组 关键 部件 合作 生产 、 同时 扩大 六十万 千瓦 机组 在 各 个 领域 内 的 合作 ； 美国 通用 电气 金融 公司 和 上海 电力 公司 的 合作 包括 投资 建设 四 台 十万 千瓦 级 的 燃气轮 发电 机组 。

output:	今天 下午 ，布朗还 参观了位 于上海漕 河泾高科 技开发区 内的上海 电子元件 公司和美 国ＡＭＰ 中国 有限 公司 合资建立 的上海安 普连接器 有限 公司 ，并为上 海航空公 司引进美 国的第六 架波音飞 机剪彩。
refer:	今天 下午 ， 布朗 还 参观 了 位 于 上海 漕河泾 高 科技 开发区 内 的 上海 电子 元件 公司 和 美国 ＡＭＰ 中国 有限 公司 合资 建立 的 上海 安普 连接器 有限 公司 ， 并 为 上海 航空 公司 引进 美国 的 第六 架 波音 飞机 剪彩 。

output:	中共 中央 政治局 委员、上 海市委书 记吴邦国 今天 下午 会见了布 朗，介绍 了上海改 革开放的 进程和发 展远景。
refer:	中共 中央 政治局 委员 、 上海 市委 书记 吴邦国 今天 下午 会见 了 布朗 ， 介绍 了 上海 改革 开放 的 进程 和 发展 远景 。

output:	布朗一行于 今晚离沪 赴广州。
refer:	布朗 一行 于 今晚 离 沪 赴 广州 。

output:	上海市 长代表、 市 外经贸委 主任王祖 康到机场 为美国客 人送行。
refer:	上海 市长 代表 、 市 外经贸委 主任 王祖康 到 机场 为 美国 客人 送行 。

output:	中国 政府 决定 调回朝鲜 军事停战 委员会 中的中国 人民志愿 军代表团
refer:	中国 政府 决定 调回 朝鲜 军事 停战 委员会 中 的 中国 人民 志愿军 代表团

output:	八月 三十日 ， 外交部 副部长唐 家璇在北 京同朝鲜 政府特使 、 外交部 副部长 宋浩京举 行会谈， 就有关在 朝鲜 半岛 建立巩固 的 和平 保障机制 问题 交换 了意见。
refer:	八月 三十日 ， 外交部 副部长 唐家璇 在 北京 同 朝鲜 政府 特使 、 外交部 副部长 宋浩京 举行 会谈 ， 就 有关 在 朝鲜 半岛 建立 巩固 的 和平 保障 机制 问题 交换 了 意见 。

output:	会谈 中 ，双方对 朝中两国 作为朝鲜 停战协定 签字一方 ，在过去 四十多 年 间为在朝 鲜半岛维 持停战、 保障和平 与安全所 作出的共 同努力表 示满意。
refer:	会谈 中 ， 双方 对 朝 中 两 国 作为 朝鲜 停战 协定 签字 一方 ， 在 过去 四十多 年 间 为 在 朝鲜 半岛 维持 停战 、 保障 和平 与 安全 所 作出 的 共同 努力 表示 满意 。

output:	双方认为， 从目前国 际关系的 变化和朝 鲜半岛形 势出发， 需要在半 岛建立新 的和平保 障机制。
refer:	双方 认为 ， 从 目前 国际 关系 的 变化 和 朝鲜 半岛 形势 出发 ， 需要 在 半岛 建立 新 的 和平 保障 机制 。

output:	朝方通 报了关于 在朝鲜半 岛建立新 的和平保 障机制的 协商方案 以及朝方 已经采取 的召回朝 鲜军事停 战委员会 朝方代表 团以及设 立朝鲜人 民军板门 店代表处 作为协商 机构等具 体措施。
refer:	朝方 通报 了 关于 在 朝鲜 半岛 建立 新 的 和平 保障 机制 的 协商 方案 以及 朝方 已经 采取 的 召回 朝鲜 军事 停战 委员会 朝方 代表团 以及 设立 朝鲜 人民军 板门店 代表处 作为 协商 机构 等 具体 措施 。

output:	朝方强 调，上述 措施是一 种善意的 行动，是 为建立和 平保障机 制创造现 实条件。
refer:	朝方 强调 ， 上述 措施 是 一 种 善意 的 行动 ， 是 为 建立 和平 保障 机制 创造 现实 条件 。

output:	中方表示 关注朝鲜 半岛局势 的发展并 真诚希望 朝鲜 半岛 局势缓和 、稳定。
refer:	中方 表示 关注 朝鲜 半岛 局势 的 发展 并 真诚 希望 朝鲜 半岛 局势 缓和 、 稳定 。

output:	维护 朝鲜 半岛 的 和平 与稳定符 合本地区 所有国家 的利益， 也 有利于 亚洲和世 界的和平 与安全。
refer:	维护 朝鲜 半岛 的 和平 与 稳定 符合 本 地区 所有 国家 的 利益 ， 也 有利于 亚洲 和 世界 的 和平 与 安全 。

output:	中 方主张应 通过有关 各方的协 商和对话 解决朝鲜 半岛的有 关问题。
refer:	中方 主张 应 通过 有关 各 方 的 协商 和 对话 解决 朝鲜 半岛 的 有关 问题 。

output:	考虑 到 朝鲜方面 的要求， 根据朝鲜 方面已召 回军停会 中的朝方 代表团以 及军停会 事实上已 停止运转 的现状， 中国 政府 决定调回 军停会中 的中国人 民志愿军 代表团 。
refer:	考虑 到 朝鲜 方面 的 要求 ， 根据 朝鲜 方面 已 召回 军停会 中 的 朝方 代表团 以及 军停会 事实上 已 停止 运转 的 现状 ， 中国 政府 决定 调回 军停会 中 的 中国 人民 志愿军 代表团 。

output:	中方希 望有关各 方为缓和 朝鲜 半岛 局势继续 做出建设 性努力。
refer:	中方 希望 有关 各 方 为 缓和 朝鲜 半岛 局势 继续 做出 建设性 努力 。

count: 622
