法 正研究从波黑撤军计划
新 华社巴黎９月１日电（记者张有浩）
法 国国防部长莱奥塔尔１日说，法国正在研究从波黑撤军的计划。
莱 奥塔尔是在巴黎向一家电台记者发表谈话时说这番话的。
他 指出，美国建议解除对波黑的武器禁运，意味着“国际援助可能结束”以及“重大的公开冲突再次爆发”，而这将产生“造成重大损失的严重后果”。
莱 奥塔尔说，“在联合国维和部队的安全得不到保证的情况下，我们不能接受解除对波黑的武器禁运”。
法 国外长朱佩上周也明确表示，解除禁运的“先决条件是法国撤走其蓝盔部队以及所有联合国维和部队的撤离”。
１ ９９２年２月波黑冲突爆发以来，法国在波黑一直派驻有约４０００名官兵。
它 是向该地区派驻蓝盔部队最多的西方国家。
美 国总统克林顿８月１０日宣称，如果波黑塞族到１０月１５日仍不接受５国和平方案，他将请求安理会通过决议，取消对波黑的武器禁运；如果安理会不能通过这样的决议，他将谋求美国单方面解除对波黑的武器禁运。
（ 完）
刘 华清会见泰国副总理
新 华社北京九月一日电（记者杨国钧）
中 央军委副主席刘华清今天在钓鱼台国宾馆会见泰国副总理兼内政部长差瓦立·永猜裕上将时说，中国十分重视发展同泰国政府、人民和军队之间的友谊，特别是两国经贸之间的合作。
刘 华清说，中泰两国人民有传统的友谊，两国的关系也十分友好。
他 说，差瓦立副总理的这次来访以及中泰两国其他高层领导人的互访，有利于推进两国关系的进一步发展以及在各领域的有效合作。
差 瓦立说，他十分高兴会见刘副主席。
他 说，近年来，中国经济发展迅速，泰国政府和人民感到十分高兴。
他 表示赞同刘华清的看法，认为泰中两国应进一步发展各种形式的经贸合作。
（ 完）
匈 牙利总统等外国政府首脑将访华
新 华社北京九月一日电
外 交部发言人沈国放在今天下午举行的记者招待会上宣布：应国家主席江泽民的邀请，匈牙利共和国总统根茨·阿尔帕德将于九月十四日至十七日对中国进行国事访问。
他 还宣布，应国务院总理李鹏的邀请，加蓬共和国总理卡西米尔·奥耶·姆巴将于九月六日至十一日对中国进行正式友好访问。
应 国务院总理李鹏邀请，坦桑尼亚联合共和国总理兼第一副总统约翰·马莱塞拉将于九月九日至十三日对中国进行正式访问。
（ 完）
以 约决定开通第二个边界口岸
新 华社耶路撒冷９月１日电
以 色列和约旦决定开通两国共同边界北段的侯赛因大桥作为两国间第二个边界口岸。
以 色列电台今天报道说，以色列—约旦联合代表团已经视察了位于贝桑谷地约旦河上的这座大桥。
根 据约旦国王侯赛因和以色列总理拉宾７月２５日签署的《华盛顿宣言》，双方将开放两个边界口岸。
位 于约旦亚喀巴和以色列埃拉特之间的阿拉巴边界口岸已于８月８日开通，但是这个边界口岸目前只允许第三国旅游者通过。
（ 完）
中 吉签署６项文件
新 华社比什凯克４月２３日电（记者俱孟军、胡晓光）
中 国和吉尔吉斯两国有关方面负责人今天在这里签署了６项文件。
李 鹏总理和吉尔吉斯总统阿卡耶夫出席了签字仪式。
这 ６项文件是：中国向吉尔吉斯政府提供贷款协定、成立中吉政府间经贸混委会协定、中国向吉尔吉斯赠送物资换文、中吉两国文化合作协定、互换两国领事条约批准书、中国贸促会和吉尔吉斯工商会合作协议。
签 字仪式结束后，阿卡耶夫总统和李鹏总理分别回答了记者的提问。
阿 卡耶夫高度评价了与李鹏总理的会谈结果。
他 表示，李鹏总理的这次访问将促进中亚地区的和平、安全与稳定。
他 认为，双方刚刚签署的文件对于加强两国的睦邻关系和友好合作是非常重要的。
李 鹏总理说，这次访问增进了彼此间的友谊和了解，为中吉两国进一步合作奠定了良好基础。
他 表示希望中亚地区稳定和发展，人民生活水平不断提高。
李 鹏希望吉尔吉斯新闻媒介转达中国人民对吉尔吉斯人民的问候。
（ 完）
第 七届世界游泳锦标赛在罗马开幕
新 华社罗马８月３１日电（记者黄昌瑞周宗欣
第 七届世界游泳锦标赛今晚在罗马开幕。
锦 标赛组委会宣布，本届锦标赛的规模将超过历届。
历 时两个多小时的开幕式，充满了新、奇、特。
意 大利著名音乐家克·巴廖尼演唱了由他自己作词谱曲、慷慨激昂的会歌《水中水》，罗马交响乐团４０多名演奏家的表演，令听众如痴如醉，而音乐喷泉、高保真音响效果、喷水屏幕和立体投影更把大家带进了一个声、光、色交融奇妙无比的境界。
据 组委会提供的数据，参加本届锦标赛的有来自１０２个国家和地区的１３５０名运动员（游泳６６１名、跳水１３７名、水球３３４名、花样游泳２１８名）。
已 经报名采访的记者有１３２０名（文字６０１名、摄影１７１名、电台、电视台４００名等）。
组 委会发言人说，“总共有近３０００人将为锦标赛的成功而努力。”
本 届锦标赛共设游泳、跳水、花样游泳、水球和长距离游泳５个大项。
比 赛将于９月１日开始至１１日结束。
中 国将派３４名选手参加３个大项的比赛，其中游泳选手１５名、跳水选手１０名、花样游泳选手９名。
跳 水选手已全部抵达罗马，并开始赛前训练。
其 他选手将在９月２日前分两批到达。
（ 完）
专 访：国家女足教练谈近期“三步曲”
新 华社合肥４月２３日电
专 访：国家女足教练谈近期“三步曲”
国 家女子足球队元老教练之一李必，日前在全国女足联赛芜湖赛区向记者透露了国家女足近期“三部曲”。
李 必说，中国女足在亚运会上的目标是“力争冠军，确保第二”。
他 说，近年来国家女足一些老队员相继退役，有些主力队员也到国外去踢球，因此需要较多地补充新队员。
由 于新组建的国家队新队员将占一半，而她们的技术水平尚待提高，因此面临的任务是艰巨的。
现 在正在进行的第一步是挑选队员。
通 过冬训和本次联赛，国家队将确定第一批参加集训的２６名队员。
名 单将在本次联赛结束后公布。
第 二步是高原集训。
联 赛之后立即将集训队员拉到昆明，进行为期一个月的训练。
通 过集训确定阵容和打法。
一 些新队员个人技术不错，集训的目的是提高她们的战术配合意识和实战经验。
国 家队还将请国家田径队教练和科研人员，专门对女队员进行体能训练，以提高队员的心肺功能和身体素质。
第 三步是７月份赴美国参加世界四强赛。
以 期在与美国、瑞典、挪威这些世界强队交锋中更好地锻炼队伍，同时了解世界女子足球强队的实力，为明年的第二届世界锦标赛作准备。
新 华社记者郭庆华（完）
世 界游泳锦标赛花絮（一）
新 华社罗马８月３１日电世界游泳锦标赛花絮（一）
（ 小标题）锦标赛会歌富有诗意
本 届锦标赛的会歌歌名极富诗意，名为《水中水》。
这 首歌的词曲作者是意大利著名作曲家克·巴廖尼，在开幕式上巴廖尼本人与６０岁的男高音歌唱家雷·斯科托共同演唱了这首会歌。
多 年前，巴廖尼创作了一首名叫《小小爱情深似海》的歌曲，瞬间红遍意大利，使巴廖尼成了家喻户晓的流行歌曲曲作家。
但 是，从１９９２年起他突然从人们的视野中消失。
就 在人们议论纷纷之际，他又神秘地从幕后走了出来，奉献给大家的就是如今成为世界游泳锦标赛会歌的《水中水》。
巴 廖尼生来对水就有一种偏爱。
他 说，“在我创作的歌曲中，水是一个反复出现的主题。
水 是大自然的产物，是万物之中最具自然特征的。
水 是生活的通道，是意念、情感和音乐的源泉。”
他 还说：“在游泳和跳水运动中，我们认识了水，感受到了它的博大和力量，从而产生了与它合为一体的念头。
水 使人们不再相隔遥远，在《水中水》的歌声中，我们的心一起跳动。”
（ 小标题）吉祥物“卡洛塔”活泼可爱
本 届世界游泳锦标赛的吉祥物是一只名叫“卡洛塔”的小海龟。
海 龟的形象由意大利知名图案设计师瓦·隆巴多设计，其名取自于一位天真可爱的意大利小女孩。
别 看小海龟在沙滩上爬行往往显得笨拙，一旦到了海里，就变得灵活自如。
在 “小海龟”坚实的龟甲上嵌着由陆地、海洋组成的世界地图，寓意来自全球五大洲四大洋的游泳健儿会聚罗马，通过比赛，加强了解，增进友谊。
新 华社记者周宗欣杨爱国完
中 国残疾人体育事业方兴未艾
新 华社北京９月２日电题：中国残疾人体育事业方兴未艾
新 华社记者王俊璞
中 国残疾人体育事业经历了萌芽、成长、兴盛几个阶段，目前正方兴未艾。
第 六届远东及南太平洋地区残疾人运动会的举行，必将给她注入新的活力。
残 疾人体育事业发展的每一步都离不开党和政府的关心支持。
中 华人民共和国成立之初，各地纷纷兴办社会福利事业和盲童、聋人学校。
福 利工厂开展广播体操等活动，学校开设体育课。
作 为残疾人事业的一部分，残疾人体育事业开始萌芽。
国 家每年都拨专款用于开展残疾人体育活动。
全 国性的残疾人体育比赛于五十年代后期开始举办。
竞 赛促进提高，带动普及。
残 疾人体育事业逐步成长。
改 革开放以来，中国的经济迅速发展，有能力将更多的人、财、物力投入残疾人体育事业。
短 短十几年，这项事业获得了中外瞩目的成就。
有 理由相信，随着中国综合国力的逐步增强，残疾人事业将得到越来越多的重视与支持。
残 疾人体育事业也必将得到更广阔的发展空间。
残 疾人体育组织的建立和健全，为残疾人体育事业的发展提供了组织保证。
中 国伤残人体育协会（１９９０年更名为中国残疾人体育协会）于１９８３年１０月成立。
此 后，各地纷纷成立残疾人体育组织。
中 国智残人、聋人体育协会也于１９８５年成立。
有 了组织、领导，比赛、评比等活动日益频繁，残疾人参加体育活动的积极性空前高涨，运动水平不断提高，后备力量也在增强。
合 肥、唐山、广州三届全国残疾人运动会，规模越来越大，水平越来越高，引起社会越来越广泛的关注和支持，并吸引了越来越多的残疾人参加体育锻炼。
自 １９８４年起，中国残疾人体育协会相继成为国际残疾人奥委会等８个国际残疾人体育组织的成员，与一些国家和地区的残疾人体育组织建立了联系，并登上残疾人奥运会等国际赛场。
在 比赛与交往中，中国残疾人显示了非凡的体育才能，取得优异的成绩，增进了与各个国家和地区残疾人的友谊，为世界残疾人事业的发展作出了贡献。
于 １９９１年颁布实施的《中华人民共和国残疾人保障法》规定，要组织和扶持残疾人开展群众性的体育活动，举办特殊体育运动会，参加重大国际性比赛和交流。
法 律的保障已经并将继续促进中国残疾人体育事业更加蓬勃地发展。
第 六届远南运动会在北京举行，必将促使整个社会进一步了解并